2026-03-06 09:52:14.949 [info] Reading sessions from keychain...
2026-03-06 09:52:14.949 [info] Getting sessions for all scopes...
2026-03-06 09:52:14.980 [info] Got 0 sessions for ...
2026-03-06 09:52:14.980 [info] Getting sessions for all scopes...
2026-03-06 09:52:14.980 [info] Got 0 sessions for ...
2026-03-06 09:52:15.079 [info] Getting sessions for all scopes...
2026-03-06 09:52:15.079 [info] Got 0 sessions for ...
2026-03-06 09:52:15.205 [info] Getting sessions for all scopes...
2026-03-06 09:52:15.205 [info] Got 0 sessions for ...
2026-03-06 09:52:15.731 [info] Getting sessions for read:user,repo,user:email,workflow...
2026-03-06 09:52:15.731 [info] Got 0 sessions for read:user,repo,user:email,workflow...
2026-03-06 09:52:16.501 [info] Getting sessions for all scopes...
2026-03-06 09:52:16.501 [info] Got 0 sessions for ...
2026-03-06 09:52:19.481 [info] Logging in with 'any' account...
2026-03-06 09:52:19.481 [info] Logging in for the following scopes: read:user repo user:email workflow
2026-03-06 09:52:19.523 [info] Trying device code flow... (read:user repo user:email workflow)
2026-03-06 09:54:01.292 [info] Getting user info...
2026-03-06 09:54:02.871 [info] Got account info!
2026-03-06 09:54:02.872 [info] Storing 1 sessions...
2026-03-06 09:54:09.094 [info] Reading sessions from keychain...
2026-03-06 09:54:09.094 [info] Stored 1 sessions!
2026-03-06 09:54:09.094 [info] Login success!
2026-03-06 09:54:09.097 [info] Got stored sessions!
2026-03-06 09:54:09.097 [info] Got 1 verified sessions.
2026-03-06 09:54:09.099 [info] Getting sessions for read:user,repo,user:email,workflow...
2026-03-06 09:54:09.099 [info] Got 1 sessions for read:user,repo,user:email,workflow...
2026-03-06 09:54:09.199 [info] Getting sessions for all scopes...
2026-03-06 09:54:09.199 [info] Got 1 sessions for ...
2026-03-06 09:54:09.201 [info] Getting sessions for all scopes...
2026-03-06 09:54:09.201 [info] Got 1 sessions for ...
2026-03-06 09:54:14.577 [info] Getting sessions for all scopes...
2026-03-06 09:54:14.577 [info] Got 1 sessions for ...
