2026-03-09 10:56:51.356 [info] Reading sessions from keychain...
2026-03-09 10:56:51.356 [info] Getting sessions for all scopes...
2026-03-09 10:56:51.870 [info] Got stored sessions!
2026-03-09 10:56:51.870 [info] Got 1 verified sessions.
2026-03-09 10:56:51.870 [info] Got 1 sessions for ...
2026-03-09 10:56:51.870 [info] Getting sessions for all scopes...
2026-03-09 10:56:51.871 [info] Got 1 sessions for ...
2026-03-09 10:56:51.871 [info] Getting sessions for all scopes...
2026-03-09 10:56:51.871 [info] Got 1 sessions for ...
2026-03-09 10:56:51.871 [info] Getting sessions for all scopes...
2026-03-09 10:56:51.871 [info] Got 1 sessions for ...
2026-03-09 10:56:51.875 [info] Getting sessions for all scopes...
2026-03-09 10:56:51.875 [info] Got 1 sessions for ...
2026-03-09 10:56:51.875 [info] Getting sessions for all scopes...
2026-03-09 10:56:51.875 [info] Got 1 sessions for ...
2026-03-09 10:56:51.977 [info] Getting sessions for all scopes...
2026-03-09 10:56:51.977 [info] Got 1 sessions for ...
2026-03-09 10:56:52.549 [info] Getting sessions for read:user,repo,user:email,workflow...
2026-03-09 10:56:52.549 [info] Got 1 sessions for read:user,repo,user:email,workflow...
2026-03-09 10:56:53.057 [info] Getting sessions for read:user,repo,user:email,workflow...
2026-03-09 10:56:53.057 [info] Got 1 sessions for read:user,repo,user:email,workflow...
2026-03-09 10:56:53.135 [info] Getting sessions for all scopes...
2026-03-09 10:56:53.135 [info] Got 1 sessions for ...
2026-03-09 10:56:53.204 [info] Getting sessions for read:user,repo,user:email,workflow...
2026-03-09 10:56:53.204 [info] Got 1 sessions for read:user,repo,user:email,workflow...
2026-03-09 10:56:55.589 [info] Getting sessions for all scopes...
2026-03-09 10:56:55.589 [info] Got 1 sessions for ...
2026-03-09 10:56:55.592 [info] Getting sessions for all scopes...
2026-03-09 10:56:55.592 [info] Got 1 sessions for ...
2026-03-09 10:56:56.155 [info] Getting sessions for read:user,repo,user:email,workflow...
2026-03-09 10:56:56.155 [info] Got 1 sessions for read:user,repo,user:email,workflow...
2026-03-09 10:56:56.420 [info] Getting sessions for all scopes...
2026-03-09 10:56:56.421 [info] Got 1 sessions for ...
2026-03-09 10:56:56.421 [info] Getting sessions for all scopes...
2026-03-09 10:56:56.421 [info] Got 1 sessions for ...
2026-03-09 10:56:56.427 [info] Getting sessions for read:user,repo,user:email,workflow...
2026-03-09 10:56:56.427 [info] Got 1 sessions for read:user,repo,user:email,workflow...
2026-03-09 10:56:56.586 [info] FetcherService: Electron fetch failed with status: 429 
2026-03-09 10:56:56.589 [info] Unable to resolve optional EDU details. Status: 429 
2026-03-09 10:56:56.616 [info] Getting sessions for all scopes...
2026-03-09 10:56:56.616 [info] Got 1 sessions for ...
2026-03-09 10:56:56.619 [info] Getting sessions for read:user,repo,user:email,workflow...
2026-03-09 10:56:56.619 [info] Got 1 sessions for read:user,repo,user:email,workflow...
2026-03-09 10:56:56.765 [info] Getting sessions for all scopes...
2026-03-09 10:56:56.765 [info] Got 1 sessions for ...
2026-03-09 10:56:56.767 [info] Getting sessions for read:user,repo,user:email,workflow...
2026-03-09 10:56:56.767 [info] Got 1 sessions for read:user,repo,user:email,workflow...
2026-03-09 10:56:57.012 [info] Getting sessions for all scopes...
2026-03-09 10:56:57.012 [info] Got 1 sessions for ...
2026-03-09 10:56:57.013 [info] Getting sessions for all scopes...
2026-03-09 10:56:57.013 [info] Got 1 sessions for ...
2026-03-09 11:12:34.568 [info] Getting sessions for all scopes...
2026-03-09 11:12:34.568 [info] Got 1 sessions for ...
2026-03-09 11:12:34.569 [info] Getting sessions for all scopes...
2026-03-09 11:12:34.569 [info] Got 1 sessions for ...
2026-03-09 11:12:40.168 [info] Getting sessions for all scopes...
2026-03-09 11:12:40.168 [info] Got 1 sessions for ...
2026-03-09 11:12:40.173 [info] Getting sessions for read:user,repo,user:email,workflow...
2026-03-09 11:12:40.173 [info] Got 1 sessions for read:user,repo,user:email,workflow...
