2026-03-07 10:12:31.475 [info] [aebc6443-996d-45c2-90f0-388ff96faa56] Native Broker enabled: false
2026-03-07 10:12:31.532 [info] [getSessions] [all] starting
2026-03-07 10:12:31.532 [info] [getSessions] [all] returned 0 session(s)
2026-03-07 10:12:31.532 [info] [getSessions] [all] starting
2026-03-07 10:12:31.532 [info] [getSessions] [all] returned 0 session(s)
2026-03-07 10:12:31.532 [info] [getSessions] [all] starting
2026-03-07 10:12:31.532 [info] [getSessions] [all] returned 0 session(s)
2026-03-07 10:12:31.537 [info] [getSessions] [499b84ac-1321-427f-aa17-267ca6975798/.default offline_access] starting
2026-03-07 10:12:31.537 [info] [aebc6443-996d-45c2-90f0-388ff96faa56] Native Broker enabled: false
2026-03-07 10:12:31.543 [info] [getSessions] [499b84ac-1321-427f-aa17-267ca6975798/.default offline_access] returned 0 session(s)
2026-03-07 10:12:31.668 [info] [getSessions] [all] starting
2026-03-07 10:12:31.668 [info] [getSessions] [all] returned 0 session(s)
2026-03-07 10:12:35.069 [info] [getSessions] [499b84ac-1321-427f-aa17-267ca6975798/.default offline_access] starting
2026-03-07 10:12:35.069 [info] [getSessions] [499b84ac-1321-427f-aa17-267ca6975798/.default offline_access] returned 0 session(s)
2026-03-07 10:12:47.412 [info] Microsoft Authentication is deactivating...
2026-03-07 10:12:58.055 [info] [aebc6443-996d-45c2-90f0-388ff96faa56] Native Broker enabled: false
2026-03-07 10:12:58.067 [info] [getSessions] [all] starting
2026-03-07 10:12:58.067 [info] [getSessions] [all] returned 0 session(s)
2026-03-07 10:12:58.067 [info] [getSessions] [all] starting
2026-03-07 10:12:58.067 [info] [getSessions] [all] returned 0 session(s)
2026-03-07 10:12:58.068 [info] [getSessions] [all] starting
2026-03-07 10:12:58.068 [info] [getSessions] [all] returned 0 session(s)
2026-03-07 10:12:58.069 [info] [getSessions] [499b84ac-1321-427f-aa17-267ca6975798/.default offline_access] starting
2026-03-07 10:12:58.069 [info] [aebc6443-996d-45c2-90f0-388ff96faa56] Native Broker enabled: false
2026-03-07 10:12:58.073 [info] [getSessions] [499b84ac-1321-427f-aa17-267ca6975798/.default offline_access] returned 0 session(s)
2026-03-07 10:12:58.988 [info] [getSessions] [499b84ac-1321-427f-aa17-267ca6975798/.default offline_access] starting
2026-03-07 10:12:58.988 [info] [getSessions] [499b84ac-1321-427f-aa17-267ca6975798/.default offline_access] returned 0 session(s)
2026-03-07 10:22:56.322 [info] Microsoft Authentication is deactivating...
