2026-03-07 09:32:27.112 [info] [main] Log level: Info
2026-03-07 09:32:27.112 [info] [main] Validating found git in: "git"
2026-03-07 09:32:27.112 [info] [main] Using git "2.53.0" from "git"
2026-03-07 09:32:27.112 [info] [Model][doInitialScan] Initial repository scan started
2026-03-07 09:32:27.112 [info] > git rev-parse --show-toplevel [165ms]
2026-03-07 09:32:27.112 [info] > git rev-parse --git-dir --git-common-dir --show-superproject-working-tree [70ms]
2026-03-07 09:32:27.191 [info] [Model][openRepository] Opened repository (path): /home/assassin/vardio
2026-03-07 09:32:27.191 [info] [Model][openRepository] Opened repository (real path): /home/assassin/vardio
2026-03-07 09:32:27.191 [info] [Model][openRepository] Opened repository (kind): repository
2026-03-07 09:32:27.218 [info] > git rev-parse --show-toplevel [5ms]
2026-03-07 09:32:27.219 [info] > git config --get commit.template [15ms]
2026-03-07 09:32:27.243 [info] > git rev-parse --show-toplevel [13ms]
2026-03-07 09:32:27.253 [info] > git for-each-ref --format=%(refname)%00%(upstream:short)%00%(objectname)%00%(upstream:track)%00%(upstream:remotename)%00%(upstream:remoteref) refs/heads/main refs/remotes/main [14ms]
2026-03-07 09:32:27.258 [info] > git rev-parse --show-toplevel [6ms]
2026-03-07 09:32:27.297 [info] > git rev-parse --show-toplevel [28ms]
2026-03-07 09:32:27.298 [info] > git status -z -uall [16ms]
2026-03-07 09:32:27.313 [info] > git rev-parse --show-toplevel [5ms]
2026-03-07 09:32:27.314 [info] [Model][doInitialScan] Initial repository scan completed - repositories (1), closed repositories (0), parent repositories (0), unsafe repositories (0)
2026-03-07 09:32:27.314 [info] > git for-each-ref --sort -committerdate --format %(refname)%00%(objectname)%00%(*objectname) [20ms]
2026-03-07 09:32:27.378 [info] > git for-each-ref --format=%(refname)%00%(upstream:short)%00%(objectname)%00%(upstream:track)%00%(upstream:remotename)%00%(upstream:remoteref) refs/heads/main refs/remotes/main [16ms]
2026-03-07 09:32:27.394 [info] > git config --get --local branch.main.vscode-merge-base [6ms]
2026-03-07 09:32:27.405 [info] > git config --get commit.template [27ms]
2026-03-07 09:32:27.416 [info] > git for-each-ref --format=%(refname)%00%(upstream:short)%00%(objectname)%00%(upstream:track)%00%(upstream:remotename)%00%(upstream:remoteref) refs/heads/origin/main refs/remotes/origin/main [12ms]
2026-03-07 09:32:27.432 [info] > git for-each-ref --format=%(refname)%00%(upstream:short)%00%(objectname)%00%(upstream:track)%00%(upstream:remotename)%00%(upstream:remoteref) refs/heads/main refs/remotes/main [16ms]
2026-03-07 09:32:27.433 [info] > git merge-base refs/heads/main refs/remotes/origin/main [5ms]
2026-03-07 09:32:27.465 [info] > git status -z -uall [11ms]
2026-03-07 09:32:27.466 [info] > git diff --raw --numstat --diff-filter=ADMR -z --find-renames=50% 95cc267166d49593262d97cfba5a8b08d57b0b5f...refs/remotes/origin/main -- [22ms]
2026-03-07 09:32:27.469 [info] > git for-each-ref --sort -committerdate --format %(refname)%00%(objectname)%00%(*objectname) [5ms]
2026-03-07 09:32:27.669 [info] > git check-ignore -v -z --stdin [2ms]
2026-03-07 09:32:27.701 [info] > git show --textconv :README.md [11ms]
2026-03-07 09:32:27.703 [info] > git ls-files --stage -- README.md [2ms]
2026-03-07 09:32:27.718 [info] > git cat-file -s 6188344e5da042b6bc0bb4b42f2d5d3575332c99 [4ms]
2026-03-07 09:32:27.775 [info] > git check-ignore -v -z --stdin [4ms]
