2026-03-07 09:32:25.164 [info] Extension host with pid 399350 started
2026-03-07 09:32:25.164 [info] Skipping acquiring lock for /home/assassin/.config/Code - OSS/User/workspaceStorage/577e0ee005deb17b62c84d5ab652b1e6.
2026-03-07 09:32:25.320 [info] ExtensionService#_doActivateExtension vscode.github-authentication, startup: false, activationEvent: 'onAuthenticationRequest:github'
2026-03-07 09:32:25.378 [info] ExtensionService#_doActivateExtension vscode.emmet, startup: false, activationEvent: 'onLanguage'
2026-03-07 09:32:25.417 [info] ExtensionService#_doActivateExtension vscode.extension-editing, startup: false, activationEvent: 'onLanguage:markdown'
2026-03-07 09:32:25.443 [info] ExtensionService#_doActivateExtension vscode.markdown-language-features, startup: false, activationEvent: 'onLanguage:markdown'
2026-03-07 09:32:26.209 [info] ExtensionService#_doActivateExtension vscode.git-base, startup: true, activationEvent: '*', root cause: vscode.git
2026-03-07 09:32:26.217 [info] ExtensionService#_doActivateExtension s-nlf-fh.glassit, startup: true, activationEvent: '*'
2026-03-07 09:32:26.253 [info] ExtensionService#_doActivateExtension vscode.npm, startup: true, activationEvent: 'workspaceContains:package.json'
2026-03-07 09:32:26.404 [error] Activating extension s-nlf-fh.glassit failed due to an error:
2026-03-07 09:32:26.404 [error] Error: Command failed: xprop -root | grep '_NET_CLIENT_LIST(WINDOW)'
	at genericNodeError (node:internal/errors:983:15)
	at wrappedFn (node:internal/errors:537:14)
	at checkExecSyncError (node:child_process:930:11)
	at Object.execSync (node:child_process:1002:15)
	at Object.execSync (node:electron/js2c/node_init:2:17346)
	at activate (/home/assassin/.vscode-oss/extensions/s-nlf-fh.glassit-0.2.3-universal/extension.js:50:39)
	at i4.kb (file:///usr/lib/code/out/vs/workbench/api/node/extensionHostProcess.js:120:15385)
	at i4.jb (file:///usr/lib/code/out/vs/workbench/api/node/extensionHostProcess.js:120:15130)
	at file:///usr/lib/code/out/vs/workbench/api/node/extensionHostProcess.js:120:13288
	at async mA.n (file:///usr/lib/code/out/vs/workbench/api/node/extensionHostProcess.js:116:13398)
	at async mA.m (file:///usr/lib/code/out/vs/workbench/api/node/extensionHostProcess.js:116:13361)
	at async mA.l (file:///usr/lib/code/out/vs/workbench/api/node/extensionHostProcess.js:116:12817)
2026-03-07 09:32:26.456 [info] ExtensionService#_doActivateExtension vscode.git, startup: true, activationEvent: '*'
2026-03-07 09:32:26.582 [info] ExtensionService#_doActivateExtension vscode.github, startup: true, activationEvent: '*'
2026-03-07 09:32:26.952 [info] ExtensionService#_doActivateExtension vscode.markdown-math, startup: false, activationEvent: 'api', root cause: vscode.markdown-language-features
2026-03-07 09:32:26.982 [info] Eager extensions activated
2026-03-07 09:32:27.066 [info] ExtensionService#_doActivateExtension vscode.debug-auto-launch, startup: false, activationEvent: 'onStartupFinished'
2026-03-07 09:32:27.071 [info] ExtensionService#_doActivateExtension vscode.merge-conflict, startup: false, activationEvent: 'onStartupFinished'
2026-03-07 09:32:31.702 [info] ExtensionService#_doActivateExtension vscode.configuration-editing, startup: false, activationEvent: 'onLanguage:json'
2026-03-07 09:32:31.716 [info] ExtensionService#_doActivateExtension vscode.json-language-features, startup: false, activationEvent: 'onLanguage:json'
2026-03-07 09:35:01.738 [info] Extension host terminating: renderer closed the MessagePort
2026-03-07 09:35:01.781 [info] Extension host with pid 399350 exiting with code 0
