2026-03-18 19:27:24.098 [info] Reading sessions from keychain...
2026-03-18 19:27:24.098 [info] Getting sessions for all scopes...
2026-03-18 19:27:24.098 [info] Got stored sessions!
2026-03-18 19:27:24.098 [info] Got 1 verified sessions.
2026-03-18 19:27:24.098 [info] Got 1 sessions for ...
2026-03-18 19:27:24.098 [info] Getting sessions for all scopes...
2026-03-18 19:27:24.098 [info] Got 1 sessions for ...
2026-03-18 19:27:24.098 [info] Getting sessions for all scopes...
2026-03-18 19:27:24.098 [info] Got 1 sessions for ...
2026-03-18 19:27:24.098 [info] Getting sessions for all scopes...
2026-03-18 19:27:24.098 [info] Got 1 sessions for ...
2026-03-18 19:27:24.098 [info] Getting sessions for all scopes...
2026-03-18 19:27:24.098 [info] Got 1 sessions for ...
2026-03-18 19:27:24.098 [info] Getting sessions for all scopes...
2026-03-18 19:27:24.098 [info] Got 1 sessions for ...
2026-03-18 19:27:24.625 [info] Getting sessions for read:user,repo,user:email,workflow...
2026-03-18 19:27:24.625 [info] Got 1 sessions for read:user,repo,user:email,workflow...
2026-03-18 19:27:25.505 [info] FetcherService: Electron fetch failed with status: 429 
2026-03-18 19:27:25.510 [info] Unable to resolve optional EDU details. Status: 429 
2026-03-18 19:27:25.519 [info] Getting sessions for all scopes...
2026-03-18 19:27:25.519 [info] Got 1 sessions for ...
2026-03-18 19:27:27.181 [info] Getting sessions for read:user,repo,user:email,workflow...
2026-03-18 19:27:27.181 [info] Got 1 sessions for read:user,repo,user:email,workflow...
2026-03-18 19:27:27.850 [info] Getting sessions for all scopes...
2026-03-18 19:27:27.850 [info] Got 1 sessions for ...
2026-03-18 19:27:28.182 [info] Getting sessions for read:user,repo,user:email,workflow...
2026-03-18 19:27:28.183 [info] Got 1 sessions for read:user,repo,user:email,workflow...
2026-03-18 19:27:28.391 [info] Getting sessions for all scopes...
2026-03-18 19:27:28.391 [info] Got 1 sessions for ...
2026-03-18 19:27:28.392 [info] Getting sessions for all scopes...
2026-03-18 19:27:28.392 [info] Got 1 sessions for ...
2026-03-18 19:27:28.609 [info] Getting sessions for read:user,repo,user:email,workflow...
2026-03-18 19:27:28.609 [info] Got 1 sessions for read:user,repo,user:email,workflow...
2026-03-18 19:27:29.012 [info] Getting sessions for all scopes...
2026-03-18 19:27:29.012 [info] Got 1 sessions for ...
2026-03-18 19:27:29.014 [info] Getting sessions for all scopes...
2026-03-18 19:27:29.014 [info] Got 1 sessions for ...
2026-03-18 19:27:29.014 [info] Getting sessions for all scopes...
2026-03-18 19:27:29.014 [info] Got 1 sessions for ...
2026-03-18 19:27:29.141 [info] Getting sessions for all scopes...
2026-03-18 19:27:29.141 [info] Got 1 sessions for ...
2026-03-18 19:27:29.286 [info] Getting sessions for read:user,repo,user:email,workflow...
2026-03-18 19:27:29.286 [info] Got 1 sessions for read:user,repo,user:email,workflow...
2026-03-18 19:27:29.564 [info] Getting sessions for all scopes...
2026-03-18 19:27:29.564 [info] Got 1 sessions for ...
2026-03-18 19:27:29.651 [info] Getting sessions for read:user,repo,user:email,workflow...
2026-03-18 19:27:29.652 [info] Got 1 sessions for read:user,repo,user:email,workflow...
2026-03-18 19:27:29.761 [info] Getting sessions for all scopes...
2026-03-18 19:27:29.762 [info] Got 1 sessions for ...
2026-03-18 19:27:29.810 [info] Getting sessions for read:user,repo,user:email,workflow...
2026-03-18 19:27:29.810 [info] Got 1 sessions for read:user,repo,user:email,workflow...
2026-03-18 19:27:43.171 [info] Getting sessions for all scopes...
2026-03-18 19:27:43.171 [info] Got 1 sessions for ...
2026-03-18 19:27:43.173 [info] Getting sessions for all scopes...
2026-03-18 19:27:43.173 [info] Got 1 sessions for ...
2026-03-18 19:27:46.459 [info] Getting sessions for all scopes...
2026-03-18 19:27:46.459 [info] Got 1 sessions for ...
2026-03-18 19:27:46.493 [info] Getting sessions for all scopes...
2026-03-18 19:27:46.493 [info] Got 1 sessions for ...
2026-03-18 19:27:56.190 [info] Getting sessions for all scopes...
2026-03-18 19:27:56.190 [info] Got 1 sessions for ...
2026-03-18 19:27:56.193 [info] Getting sessions for all scopes...
2026-03-18 19:27:56.193 [info] Got 1 sessions for ...
2026-03-18 19:28:07.135 [info] Getting sessions for all scopes...
2026-03-18 19:28:07.135 [info] Got 1 sessions for ...
2026-03-18 19:28:07.207 [info] Getting sessions for all scopes...
2026-03-18 19:28:07.207 [info] Got 1 sessions for ...
2026-03-18 19:28:55.510 [info] Getting sessions for all scopes...
2026-03-18 19:28:55.511 [info] Got 1 sessions for ...
2026-03-18 19:28:55.512 [info] Getting sessions for all scopes...
2026-03-18 19:28:55.512 [info] Got 1 sessions for ...
2026-03-18 19:30:08.019 [info] Getting sessions for all scopes...
2026-03-18 19:30:08.020 [info] Got 1 sessions for ...
2026-03-18 19:30:08.022 [info] Getting sessions for all scopes...
2026-03-18 19:30:08.022 [info] Got 1 sessions for ...
2026-03-18 19:30:13.518 [info] Getting sessions for all scopes...
2026-03-18 19:30:13.518 [info] Got 1 sessions for ...
2026-03-18 19:30:13.521 [info] Getting sessions for read:user,repo,user:email,workflow...
2026-03-18 19:30:13.521 [info] Got 1 sessions for read:user,repo,user:email,workflow...
2026-03-18 19:30:24.378 [info] Getting sessions for all scopes...
2026-03-18 19:30:24.378 [info] Got 1 sessions for ...
2026-03-18 19:30:24.379 [info] Getting sessions for all scopes...
2026-03-18 19:30:24.379 [info] Got 1 sessions for ...
2026-03-18 19:30:50.626 [info] Getting sessions for all scopes...
2026-03-18 19:30:50.626 [info] Got 1 sessions for ...
2026-03-18 19:30:50.631 [info] Getting sessions for all scopes...
2026-03-18 19:30:50.631 [info] Got 1 sessions for ...
2026-03-18 19:31:04.729 [info] Getting sessions for all scopes...
2026-03-18 19:31:04.729 [info] Got 1 sessions for ...
2026-03-18 19:31:04.731 [info] Getting sessions for read:user,repo,user:email,workflow...
2026-03-18 19:31:04.731 [info] Got 1 sessions for read:user,repo,user:email,workflow...
2026-03-18 19:33:02.691 [info] Getting sessions for all scopes...
2026-03-18 19:33:02.691 [info] Got 1 sessions for ...
2026-03-18 19:33:02.697 [info] Getting sessions for all scopes...
2026-03-18 19:33:02.697 [info] Got 1 sessions for ...
2026-03-18 19:33:10.518 [info] Getting sessions for all scopes...
2026-03-18 19:33:10.518 [info] Got 1 sessions for ...
2026-03-18 19:33:10.590 [info] Getting sessions for all scopes...
2026-03-18 19:33:10.591 [info] Got 1 sessions for ...
2026-03-18 19:33:20.804 [info] Getting sessions for all scopes...
2026-03-18 19:33:20.805 [info] Got 1 sessions for ...
2026-03-18 19:33:20.856 [info] Getting sessions for all scopes...
2026-03-18 19:33:20.856 [info] Got 1 sessions for ...
2026-03-18 19:34:02.167 [info] Getting sessions for all scopes...
2026-03-18 19:34:02.167 [info] Got 1 sessions for ...
2026-03-18 19:34:02.170 [info] Getting sessions for all scopes...
2026-03-18 19:34:02.171 [info] Got 1 sessions for ...
2026-03-18 19:34:39.497 [info] Getting sessions for all scopes...
2026-03-18 19:34:39.497 [info] Got 1 sessions for ...
2026-03-18 19:34:39.499 [info] Getting sessions for all scopes...
2026-03-18 19:34:39.500 [info] Got 1 sessions for ...
2026-03-18 19:37:10.933 [info] Getting sessions for all scopes...
2026-03-18 19:37:10.934 [info] Got 1 sessions for ...
2026-03-18 19:37:10.935 [info] Getting sessions for all scopes...
2026-03-18 19:37:10.935 [info] Got 1 sessions for ...
2026-03-18 19:38:00.197 [info] Getting sessions for all scopes...
2026-03-18 19:38:00.198 [info] Got 1 sessions for ...
2026-03-18 19:38:00.198 [info] Getting sessions for all scopes...
2026-03-18 19:38:00.198 [info] Got 1 sessions for ...
2026-03-18 19:38:19.660 [info] Getting sessions for all scopes...
2026-03-18 19:38:19.660 [info] Got 1 sessions for ...
2026-03-18 19:38:19.663 [info] Getting sessions for all scopes...
2026-03-18 19:38:19.664 [info] Got 1 sessions for ...
2026-03-18 19:38:51.648 [info] Getting sessions for all scopes...
2026-03-18 19:38:51.648 [info] Got 1 sessions for ...
2026-03-18 19:38:51.651 [info] Getting sessions for read:user,repo,user:email,workflow...
2026-03-18 19:38:51.652 [info] Got 1 sessions for read:user,repo,user:email,workflow...
2026-03-18 19:38:53.038 [info] Getting sessions for all scopes...
2026-03-18 19:38:53.038 [info] Got 1 sessions for ...
2026-03-18 19:38:53.041 [info] Getting sessions for read:user,repo,user:email,workflow...
2026-03-18 19:38:53.041 [info] Got 1 sessions for read:user,repo,user:email,workflow...
2026-03-18 19:38:55.121 [info] Getting sessions for all scopes...
2026-03-18 19:38:55.122 [info] Got 1 sessions for ...
2026-03-18 19:38:55.124 [info] Getting sessions for read:user,repo,user:email,workflow...
2026-03-18 19:38:55.124 [info] Got 1 sessions for read:user,repo,user:email,workflow...
2026-03-18 19:38:56.518 [info] Getting sessions for all scopes...
2026-03-18 19:38:56.519 [info] Got 1 sessions for ...
2026-03-18 19:38:56.521 [info] Getting sessions for read:user,repo,user:email,workflow...
2026-03-18 19:38:56.521 [info] Got 1 sessions for read:user,repo,user:email,workflow...
2026-03-18 19:38:57.374 [info] Getting sessions for all scopes...
2026-03-18 19:38:57.374 [info] Got 1 sessions for ...
2026-03-18 19:38:57.376 [info] Getting sessions for read:user,repo,user:email,workflow...
2026-03-18 19:38:57.377 [info] Got 1 sessions for read:user,repo,user:email,workflow...
2026-03-18 19:38:58.684 [info] Getting sessions for all scopes...
2026-03-18 19:38:58.684 [info] Got 1 sessions for ...
2026-03-18 19:38:58.687 [info] Getting sessions for read:user,repo,user:email,workflow...
2026-03-18 19:38:58.687 [info] Got 1 sessions for read:user,repo,user:email,workflow...
2026-03-18 19:38:59.904 [info] Getting sessions for all scopes...
2026-03-18 19:38:59.904 [info] Got 1 sessions for ...
2026-03-18 19:38:59.907 [info] Getting sessions for read:user,repo,user:email,workflow...
2026-03-18 19:38:59.907 [info] Got 1 sessions for read:user,repo,user:email,workflow...
2026-03-18 19:39:00.234 [info] Getting sessions for all scopes...
2026-03-18 19:39:00.234 [info] Got 1 sessions for ...
2026-03-18 19:39:00.237 [info] Getting sessions for read:user,repo,user:email,workflow...
2026-03-18 19:39:00.237 [info] Got 1 sessions for read:user,repo,user:email,workflow...
2026-03-18 19:39:01.277 [info] Getting sessions for all scopes...
2026-03-18 19:39:01.277 [info] Got 1 sessions for ...
2026-03-18 19:39:01.279 [info] Getting sessions for read:user,repo,user:email,workflow...
2026-03-18 19:39:01.279 [info] Got 1 sessions for read:user,repo,user:email,workflow...
2026-03-18 19:39:03.851 [info] Getting sessions for all scopes...
2026-03-18 19:39:03.851 [info] Got 1 sessions for ...
2026-03-18 19:39:03.854 [info] Getting sessions for read:user,repo,user:email,workflow...
2026-03-18 19:39:03.854 [info] Got 1 sessions for read:user,repo,user:email,workflow...
2026-03-18 19:39:04.587 [info] Getting sessions for all scopes...
2026-03-18 19:39:04.587 [info] Got 1 sessions for ...
2026-03-18 19:39:04.590 [info] Getting sessions for read:user,repo,user:email,workflow...
2026-03-18 19:39:04.590 [info] Got 1 sessions for read:user,repo,user:email,workflow...
2026-03-18 19:40:13.522 [info] Getting sessions for all scopes...
2026-03-18 19:40:13.522 [info] Got 1 sessions for ...
2026-03-18 19:40:13.528 [info] Getting sessions for read:user,repo,user:email,workflow...
2026-03-18 19:40:13.528 [info] Got 1 sessions for read:user,repo,user:email,workflow...
2026-03-18 19:40:21.221 [info] Getting sessions for all scopes...
2026-03-18 19:40:21.221 [info] Got 1 sessions for ...
2026-03-18 19:40:21.224 [info] Getting sessions for all scopes...
2026-03-18 19:40:21.224 [info] Got 1 sessions for ...
2026-03-18 19:40:37.363 [info] Getting sessions for all scopes...
2026-03-18 19:40:37.363 [info] Got 1 sessions for ...
2026-03-18 19:40:37.364 [info] Getting sessions for all scopes...
2026-03-18 19:40:37.364 [info] Got 1 sessions for ...
2026-03-18 19:40:49.531 [info] Getting sessions for all scopes...
2026-03-18 19:40:49.531 [info] Got 1 sessions for ...
2026-03-18 19:40:49.543 [info] Getting sessions for all scopes...
2026-03-18 19:40:49.543 [info] Got 1 sessions for ...
2026-03-18 19:41:29.121 [info] Getting sessions for all scopes...
2026-03-18 19:41:29.121 [info] Got 1 sessions for ...
2026-03-18 19:41:29.123 [info] Getting sessions for all scopes...
2026-03-18 19:41:29.123 [info] Got 1 sessions for ...
2026-03-18 19:41:36.594 [info] Getting sessions for all scopes...
2026-03-18 19:41:36.594 [info] Got 1 sessions for ...
2026-03-18 19:41:36.596 [info] Getting sessions for all scopes...
2026-03-18 19:41:36.597 [info] Got 1 sessions for ...
2026-03-18 19:42:57.067 [info] Getting sessions for all scopes...
2026-03-18 19:42:57.067 [info] Got 1 sessions for ...
2026-03-18 19:42:57.069 [info] Getting sessions for read:user,repo,user:email,workflow...
2026-03-18 19:42:57.069 [info] Got 1 sessions for read:user,repo,user:email,workflow...
2026-03-18 19:44:59.323 [info] Getting sessions for all scopes...
2026-03-18 19:44:59.323 [info] Got 1 sessions for ...
2026-03-18 19:44:59.325 [info] Getting sessions for all scopes...
2026-03-18 19:44:59.325 [info] Got 1 sessions for ...
2026-03-18 19:45:57.630 [info] Getting sessions for all scopes...
2026-03-18 19:45:57.630 [info] Got 1 sessions for ...
2026-03-18 19:45:57.699 [info] Getting sessions for all scopes...
2026-03-18 19:45:57.700 [info] Got 1 sessions for ...
2026-03-18 19:46:08.797 [info] Getting sessions for all scopes...
2026-03-18 19:46:08.797 [info] Got 1 sessions for ...
2026-03-18 19:46:08.800 [info] Getting sessions for all scopes...
2026-03-18 19:46:08.800 [info] Got 1 sessions for ...
2026-03-18 19:46:28.054 [info] Getting sessions for all scopes...
2026-03-18 19:46:28.054 [info] Got 1 sessions for ...
2026-03-18 19:46:28.056 [info] Getting sessions for all scopes...
2026-03-18 19:46:28.056 [info] Got 1 sessions for ...
2026-03-18 19:46:42.847 [info] Getting sessions for all scopes...
2026-03-18 19:46:42.847 [info] Got 1 sessions for ...
2026-03-18 19:46:42.876 [info] Getting sessions for all scopes...
2026-03-18 19:46:42.876 [info] Got 1 sessions for ...
2026-03-18 19:46:51.488 [info] Getting sessions for all scopes...
2026-03-18 19:46:51.488 [info] Got 1 sessions for ...
2026-03-18 19:46:51.496 [info] Getting sessions for all scopes...
2026-03-18 19:46:51.496 [info] Got 1 sessions for ...
2026-03-18 19:47:02.051 [info] Getting sessions for all scopes...
2026-03-18 19:47:02.052 [info] Got 1 sessions for ...
2026-03-18 19:47:02.068 [info] Getting sessions for all scopes...
2026-03-18 19:47:02.068 [info] Got 1 sessions for ...
2026-03-18 19:48:19.437 [info] Getting sessions for all scopes...
2026-03-18 19:48:19.438 [info] Got 1 sessions for ...
2026-03-18 19:48:19.440 [info] Getting sessions for all scopes...
2026-03-18 19:48:19.440 [info] Got 1 sessions for ...
2026-03-18 19:48:29.789 [info] Getting sessions for all scopes...
2026-03-18 19:48:29.789 [info] Got 1 sessions for ...
2026-03-18 19:48:29.793 [info] Getting sessions for all scopes...
2026-03-18 19:48:29.793 [info] Got 1 sessions for ...
2026-03-18 19:48:54.722 [info] Getting sessions for all scopes...
2026-03-18 19:48:54.722 [info] Got 1 sessions for ...
2026-03-18 19:48:54.723 [info] Getting sessions for all scopes...
2026-03-18 19:48:54.723 [info] Got 1 sessions for ...
2026-03-18 19:49:26.154 [info] Getting sessions for all scopes...
2026-03-18 19:49:26.155 [info] Got 1 sessions for ...
2026-03-18 19:49:26.157 [info] Getting sessions for read:user,repo,user:email,workflow...
2026-03-18 19:49:26.157 [info] Got 1 sessions for read:user,repo,user:email,workflow...
2026-03-18 19:49:27.255 [info] Getting sessions for all scopes...
2026-03-18 19:49:27.255 [info] Got 1 sessions for ...
2026-03-18 19:49:27.256 [info] Getting sessions for all scopes...
2026-03-18 19:49:27.256 [info] Got 1 sessions for ...
2026-03-18 19:49:27.259 [info] Getting sessions for read:user,repo,user:email,workflow...
2026-03-18 19:49:27.259 [info] Got 1 sessions for read:user,repo,user:email,workflow...
2026-03-18 19:49:27.284 [info] Getting sessions for all scopes...
2026-03-18 19:49:27.285 [info] Got 1 sessions for ...
2026-03-18 19:49:27.287 [info] Getting sessions for read:user,repo,user:email,workflow...
2026-03-18 19:49:27.287 [info] Got 1 sessions for read:user,repo,user:email,workflow...
2026-03-18 19:49:27.442 [info] Getting sessions for all scopes...
2026-03-18 19:49:27.442 [info] Got 1 sessions for ...
2026-03-18 19:49:27.445 [info] Getting sessions for read:user,repo,user:email,workflow...
2026-03-18 19:49:27.445 [info] Got 1 sessions for read:user,repo,user:email,workflow...
2026-03-18 19:49:27.775 [info] Getting sessions for all scopes...
2026-03-18 19:49:27.775 [info] Got 1 sessions for ...
2026-03-18 19:49:27.777 [info] Getting sessions for read:user,repo,user:email,workflow...
2026-03-18 19:49:27.777 [info] Got 1 sessions for read:user,repo,user:email,workflow...
2026-03-18 19:49:29.237 [info] Getting sessions for all scopes...
2026-03-18 19:49:29.238 [info] Got 1 sessions for ...
2026-03-18 19:49:29.241 [info] Getting sessions for read:user,repo,user:email,workflow...
2026-03-18 19:49:29.241 [info] Got 1 sessions for read:user,repo,user:email,workflow...
2026-03-18 19:49:30.233 [info] Getting sessions for all scopes...
2026-03-18 19:49:30.233 [info] Got 1 sessions for ...
2026-03-18 19:49:30.236 [info] Getting sessions for read:user,repo,user:email,workflow...
2026-03-18 19:49:30.236 [info] Got 1 sessions for read:user,repo,user:email,workflow...
2026-03-18 19:49:30.835 [info] Getting sessions for all scopes...
2026-03-18 19:49:30.835 [info] Got 1 sessions for ...
2026-03-18 19:49:30.838 [info] Getting sessions for read:user,repo,user:email,workflow...
2026-03-18 19:49:30.838 [info] Got 1 sessions for read:user,repo,user:email,workflow...
2026-03-18 19:49:43.220 [info] Getting sessions for all scopes...
2026-03-18 19:49:43.220 [info] Got 1 sessions for ...
2026-03-18 19:49:43.243 [info] Getting sessions for all scopes...
2026-03-18 19:49:43.244 [info] Got 1 sessions for ...
2026-03-18 19:50:13.521 [info] Getting sessions for all scopes...
2026-03-18 19:50:13.521 [info] Got 1 sessions for ...
2026-03-18 19:50:13.523 [info] Getting sessions for read:user,repo,user:email,workflow...
2026-03-18 19:50:13.523 [info] Got 1 sessions for read:user,repo,user:email,workflow...
2026-03-18 19:51:05.316 [info] Getting sessions for all scopes...
2026-03-18 19:51:05.316 [info] Got 1 sessions for ...
2026-03-18 19:51:05.322 [info] Getting sessions for read:user,repo,user:email,workflow...
2026-03-18 19:51:05.322 [info] Got 1 sessions for read:user,repo,user:email,workflow...
2026-03-18 19:52:10.850 [info] Getting sessions for all scopes...
2026-03-18 19:52:10.850 [info] Got 1 sessions for ...
2026-03-18 19:52:10.878 [info] Getting sessions for all scopes...
2026-03-18 19:52:10.879 [info] Got 1 sessions for ...
2026-03-18 19:53:36.373 [info] Getting sessions for all scopes...
2026-03-18 19:53:36.374 [info] Got 1 sessions for ...
2026-03-18 19:53:36.383 [info] Getting sessions for all scopes...
2026-03-18 19:53:36.383 [info] Got 1 sessions for ...
2026-03-18 19:54:11.553 [info] Getting sessions for all scopes...
2026-03-18 19:54:11.553 [info] Got 1 sessions for ...
2026-03-18 19:54:11.559 [info] Getting sessions for all scopes...
2026-03-18 19:54:11.559 [info] Got 1 sessions for ...
2026-03-18 19:55:06.502 [info] Getting sessions for all scopes...
2026-03-18 19:55:06.503 [info] Got 1 sessions for ...
2026-03-18 19:55:06.512 [info] Getting sessions for all scopes...
2026-03-18 19:55:06.513 [info] Got 1 sessions for ...
2026-03-18 19:56:10.913 [info] Getting sessions for all scopes...
2026-03-18 19:56:10.914 [info] Got 1 sessions for ...
2026-03-18 19:56:10.975 [info] Getting sessions for all scopes...
2026-03-18 19:56:10.975 [info] Got 1 sessions for ...
2026-03-18 19:59:18.085 [info] Getting sessions for all scopes...
2026-03-18 19:59:18.086 [info] Got 1 sessions for ...
2026-03-18 19:59:18.238 [info] Getting sessions for all scopes...
2026-03-18 19:59:18.238 [info] Got 1 sessions for ...
2026-03-18 20:00:13.521 [info] Getting sessions for all scopes...
2026-03-18 20:00:13.522 [info] Got 1 sessions for ...
2026-03-18 20:00:13.525 [info] Getting sessions for read:user,repo,user:email,workflow...
2026-03-18 20:00:13.525 [info] Got 1 sessions for read:user,repo,user:email,workflow...
2026-03-18 20:01:09.984 [info] Getting sessions for all scopes...
2026-03-18 20:01:09.984 [info] Got 1 sessions for ...
2026-03-18 20:01:09.991 [info] Getting sessions for all scopes...
2026-03-18 20:01:09.991 [info] Got 1 sessions for ...
2026-03-18 20:30:11.607 [info] Getting sessions for all scopes...
2026-03-18 20:30:11.607 [info] Got 1 sessions for ...
2026-03-18 20:30:11.609 [info] Getting sessions for all scopes...
2026-03-18 20:30:11.609 [info] Got 1 sessions for ...
2026-03-18 20:30:13.640 [info] Getting sessions for all scopes...
2026-03-18 20:30:13.640 [info] Got 1 sessions for ...
2026-03-18 20:30:13.642 [info] Getting sessions for read:user,repo,user:email,workflow...
2026-03-18 20:30:13.642 [info] Got 1 sessions for read:user,repo,user:email,workflow...
2026-03-18 21:05:01.689 [info] Getting sessions for all scopes...
2026-03-18 21:05:01.689 [info] Got 1 sessions for ...
2026-03-18 21:05:01.690 [info] Getting sessions for all scopes...
2026-03-18 21:05:01.690 [info] Got 1 sessions for ...
2026-03-18 21:05:17.012 [info] Getting sessions for all scopes...
2026-03-18 21:05:17.012 [info] Got 1 sessions for ...
2026-03-18 21:05:17.013 [info] Getting sessions for all scopes...
2026-03-18 21:05:17.014 [info] Got 1 sessions for ...
2026-03-18 21:05:17.546 [info] Getting sessions for all scopes...
2026-03-18 21:05:17.546 [info] Got 1 sessions for ...
2026-03-18 21:05:17.548 [info] Getting sessions for read:user,repo,user:email,workflow...
2026-03-18 21:05:17.548 [info] Got 1 sessions for read:user,repo,user:email,workflow...
2026-03-18 21:05:47.911 [info] Getting sessions for all scopes...
2026-03-18 21:05:47.911 [info] Got 1 sessions for ...
2026-03-18 21:05:47.912 [info] Getting sessions for all scopes...
2026-03-18 21:05:47.912 [info] Got 1 sessions for ...
2026-03-18 21:06:50.005 [info] Getting sessions for all scopes...
2026-03-18 21:06:50.005 [info] Got 1 sessions for ...
2026-03-18 21:06:50.006 [info] Getting sessions for all scopes...
2026-03-18 21:06:50.006 [info] Got 1 sessions for ...
2026-03-18 21:06:54.859 [info] Getting sessions for all scopes...
2026-03-18 21:06:54.859 [info] Got 1 sessions for ...
2026-03-18 21:06:54.864 [info] Getting sessions for all scopes...
2026-03-18 21:06:54.864 [info] Got 1 sessions for ...
2026-03-18 21:07:01.801 [info] Getting sessions for all scopes...
2026-03-18 21:07:01.801 [info] Got 1 sessions for ...
2026-03-18 21:07:01.821 [info] Getting sessions for all scopes...
2026-03-18 21:07:01.821 [info] Got 1 sessions for ...
2026-03-18 21:07:32.598 [info] Getting sessions for all scopes...
2026-03-18 21:07:32.598 [info] Got 1 sessions for ...
2026-03-18 21:07:32.599 [info] Getting sessions for all scopes...
2026-03-18 21:07:32.599 [info] Got 1 sessions for ...
2026-03-18 21:07:46.829 [info] Getting sessions for all scopes...
2026-03-18 21:07:46.829 [info] Got 1 sessions for ...
2026-03-18 21:07:46.831 [info] Getting sessions for read:user,repo,user:email,workflow...
2026-03-18 21:07:46.831 [info] Got 1 sessions for read:user,repo,user:email,workflow...
2026-03-18 21:07:47.671 [info] Getting sessions for all scopes...
2026-03-18 21:07:47.671 [info] Got 1 sessions for ...
2026-03-18 21:07:47.675 [info] Getting sessions for all scopes...
2026-03-18 21:07:47.675 [info] Got 1 sessions for ...
2026-03-18 21:07:47.678 [info] Getting sessions for read:user,repo,user:email,workflow...
2026-03-18 21:07:47.678 [info] Got 1 sessions for read:user,repo,user:email,workflow...
2026-03-18 21:07:47.690 [info] Getting sessions for all scopes...
2026-03-18 21:07:47.691 [info] Got 1 sessions for ...
2026-03-18 21:07:47.693 [info] Getting sessions for read:user,repo,user:email,workflow...
2026-03-18 21:07:47.693 [info] Got 1 sessions for read:user,repo,user:email,workflow...
2026-03-18 21:07:48.192 [info] Getting sessions for all scopes...
2026-03-18 21:07:48.192 [info] Got 1 sessions for ...
2026-03-18 21:07:48.195 [info] Getting sessions for read:user,repo,user:email,workflow...
2026-03-18 21:07:48.195 [info] Got 1 sessions for read:user,repo,user:email,workflow...
2026-03-18 21:07:50.658 [info] Getting sessions for all scopes...
2026-03-18 21:07:50.658 [info] Got 1 sessions for ...
2026-03-18 21:07:50.659 [info] Getting sessions for all scopes...
2026-03-18 21:07:50.659 [info] Got 1 sessions for ...
2026-03-18 21:08:36.822 [info] Getting sessions for all scopes...
2026-03-18 21:08:36.823 [info] Got 1 sessions for ...
2026-03-18 21:08:36.832 [info] Getting sessions for read:user,repo,user:email,workflow...
2026-03-18 21:08:36.832 [info] Got 1 sessions for read:user,repo,user:email,workflow...
2026-03-18 21:09:01.772 [info] Getting sessions for all scopes...
2026-03-18 21:09:01.772 [info] Got 1 sessions for ...
2026-03-18 21:09:01.773 [info] Getting sessions for all scopes...
2026-03-18 21:09:01.773 [info] Got 1 sessions for ...
2026-03-18 21:09:46.459 [info] Getting sessions for all scopes...
2026-03-18 21:09:46.459 [info] Got 1 sessions for ...
2026-03-18 21:09:46.460 [info] Getting sessions for all scopes...
2026-03-18 21:09:46.460 [info] Got 1 sessions for ...
2026-03-18 21:09:49.373 [info] Getting sessions for all scopes...
2026-03-18 21:09:49.373 [info] Got 1 sessions for ...
2026-03-18 21:09:49.383 [info] Getting sessions for all scopes...
2026-03-18 21:09:49.383 [info] Got 1 sessions for ...
2026-03-18 21:11:03.247 [info] Getting sessions for all scopes...
2026-03-18 21:11:03.247 [info] Got 1 sessions for ...
2026-03-18 21:11:03.250 [info] Getting sessions for all scopes...
2026-03-18 21:11:03.250 [info] Got 1 sessions for ...
2026-03-18 21:11:23.322 [info] Getting sessions for all scopes...
2026-03-18 21:11:23.322 [info] Got 1 sessions for ...
2026-03-18 21:11:23.328 [info] Getting sessions for all scopes...
2026-03-18 21:11:23.328 [info] Got 1 sessions for ...
2026-03-18 21:12:00.472 [info] Getting sessions for all scopes...
2026-03-18 21:12:00.473 [info] Got 1 sessions for ...
2026-03-18 21:12:00.473 [info] Getting sessions for all scopes...
2026-03-18 21:12:00.473 [info] Got 1 sessions for ...
2026-03-18 21:12:38.382 [info] Getting sessions for all scopes...
2026-03-18 21:12:38.382 [info] Got 1 sessions for ...
2026-03-18 21:12:38.384 [info] Getting sessions for all scopes...
2026-03-18 21:12:38.384 [info] Got 1 sessions for ...
2026-03-18 21:13:17.039 [info] Getting sessions for all scopes...
2026-03-18 21:13:17.039 [info] Got 1 sessions for ...
2026-03-18 21:13:17.170 [info] Getting sessions for all scopes...
2026-03-18 21:13:17.170 [info] Got 1 sessions for ...
2026-03-18 21:13:20.938 [info] Getting sessions for all scopes...
2026-03-18 21:13:20.938 [info] Got 1 sessions for ...
2026-03-18 21:13:20.997 [info] Getting sessions for all scopes...
2026-03-18 21:13:20.997 [info] Got 1 sessions for ...
2026-03-18 21:13:44.765 [info] Getting sessions for all scopes...
2026-03-18 21:13:44.765 [info] Got 1 sessions for ...
2026-03-18 21:13:44.766 [info] Getting sessions for all scopes...
2026-03-18 21:13:44.766 [info] Got 1 sessions for ...
2026-03-18 21:15:51.589 [info] Getting sessions for all scopes...
2026-03-18 21:15:51.589 [info] Got 1 sessions for ...
2026-03-18 21:15:51.592 [info] Getting sessions for all scopes...
2026-03-18 21:15:51.592 [info] Got 1 sessions for ...
2026-03-18 21:16:13.262 [info] Getting sessions for all scopes...
2026-03-18 21:16:13.263 [info] Got 1 sessions for ...
2026-03-18 21:16:13.264 [info] Getting sessions for read:user,repo,user:email,workflow...
2026-03-18 21:16:13.264 [info] Got 1 sessions for read:user,repo,user:email,workflow...
2026-03-18 21:16:34.264 [info] Getting sessions for all scopes...
2026-03-18 21:16:34.264 [info] Got 1 sessions for ...
2026-03-18 21:16:34.265 [info] Getting sessions for all scopes...
2026-03-18 21:16:34.265 [info] Got 1 sessions for ...
2026-03-18 21:18:26.970 [info] Getting sessions for all scopes...
2026-03-18 21:18:26.971 [info] Got 1 sessions for ...
2026-03-18 21:18:26.980 [info] Getting sessions for all scopes...
2026-03-18 21:18:26.980 [info] Got 1 sessions for ...
2026-03-18 21:18:44.343 [info] Getting sessions for all scopes...
2026-03-18 21:18:44.343 [info] Got 1 sessions for ...
2026-03-18 21:18:44.386 [info] Getting sessions for all scopes...
2026-03-18 21:18:44.386 [info] Got 1 sessions for ...
2026-03-18 21:18:47.192 [info] Getting sessions for all scopes...
2026-03-18 21:18:47.192 [info] Got 1 sessions for ...
2026-03-18 21:18:47.193 [info] Getting sessions for all scopes...
2026-03-18 21:18:47.193 [info] Got 1 sessions for ...
2026-03-18 21:19:05.732 [info] Getting sessions for all scopes...
2026-03-18 21:19:05.732 [info] Got 1 sessions for ...
2026-03-18 21:19:05.734 [info] Getting sessions for all scopes...
2026-03-18 21:19:05.734 [info] Got 1 sessions for ...
2026-03-18 21:19:26.502 [info] Getting sessions for all scopes...
2026-03-18 21:19:26.503 [info] Got 1 sessions for ...
2026-03-18 21:19:26.505 [info] Getting sessions for all scopes...
2026-03-18 21:19:26.505 [info] Got 1 sessions for ...
2026-03-18 21:23:42.299 [info] Getting sessions for all scopes...
2026-03-18 21:23:42.300 [info] Got 1 sessions for ...
2026-03-18 21:23:42.303 [info] Getting sessions for all scopes...
2026-03-18 21:23:42.303 [info] Got 1 sessions for ...
2026-03-18 21:23:56.376 [info] Getting sessions for all scopes...
2026-03-18 21:23:56.377 [info] Got 1 sessions for ...
2026-03-18 21:23:56.379 [info] Getting sessions for all scopes...
2026-03-18 21:23:56.379 [info] Got 1 sessions for ...
