2026-03-09 10:30:11.241 [info] Reading sessions from keychain...
2026-03-09 10:30:11.241 [info] Getting sessions for all scopes...
2026-03-09 10:30:11.387 [info] Got stored sessions!
2026-03-09 10:30:11.387 [info] Got 1 verified sessions.
2026-03-09 10:30:11.387 [info] Got 1 sessions for ...
2026-03-09 10:30:11.388 [info] Getting sessions for all scopes...
2026-03-09 10:30:11.388 [info] Got 1 sessions for ...
2026-03-09 10:30:11.388 [info] Getting sessions for all scopes...
2026-03-09 10:30:11.388 [info] Got 1 sessions for ...
2026-03-09 10:30:11.388 [info] Getting sessions for all scopes...
2026-03-09 10:30:11.389 [info] Got 1 sessions for ...
2026-03-09 10:30:11.539 [info] Getting sessions for all scopes...
2026-03-09 10:30:11.539 [info] Got 1 sessions for ...
2026-03-09 10:30:11.540 [info] Getting sessions for all scopes...
2026-03-09 10:30:11.540 [info] Got 1 sessions for ...
2026-03-09 10:30:11.900 [info] Getting sessions for all scopes...
2026-03-09 10:30:11.900 [info] Got 1 sessions for ...
2026-03-09 10:30:12.041 [info] Getting sessions for all scopes...
2026-03-09 10:30:12.041 [info] Got 1 sessions for ...
2026-03-09 10:30:12.227 [info] Getting sessions for read:user,repo,user:email,workflow...
2026-03-09 10:30:12.227 [info] Got 1 sessions for read:user,repo,user:email,workflow...
2026-03-09 10:30:12.781 [info] Getting sessions for read:user,repo,user:email,workflow...
2026-03-09 10:30:12.781 [info] Got 1 sessions for read:user,repo,user:email,workflow...
2026-03-09 10:30:12.792 [info] Getting sessions for all scopes...
2026-03-09 10:30:12.792 [info] Got 1 sessions for ...
2026-03-09 10:30:12.842 [info] Getting sessions for read:user,repo,user:email,workflow...
2026-03-09 10:30:12.842 [info] Got 1 sessions for read:user,repo,user:email,workflow...
2026-03-09 10:30:13.549 [info] FetcherService: Electron fetch failed with status: 429 
2026-03-09 10:30:13.555 [info] Unable to resolve optional EDU details. Status: 429 
2026-03-09 10:30:15.528 [info] Getting sessions for all scopes...
2026-03-09 10:30:15.528 [info] Got 1 sessions for ...
2026-03-09 10:30:15.528 [info] Getting sessions for all scopes...
2026-03-09 10:30:15.528 [info] Got 1 sessions for ...
2026-03-09 10:30:16.034 [info] Getting sessions for read:user,repo,user:email,workflow...
2026-03-09 10:30:16.034 [info] Got 1 sessions for read:user,repo,user:email,workflow...
2026-03-09 10:30:16.224 [info] Getting sessions for all scopes...
2026-03-09 10:30:16.224 [info] Got 1 sessions for ...
2026-03-09 10:30:16.224 [info] Getting sessions for all scopes...
2026-03-09 10:30:16.224 [info] Got 1 sessions for ...
2026-03-09 10:30:16.233 [info] Getting sessions for read:user,repo,user:email,workflow...
2026-03-09 10:30:16.233 [info] Got 1 sessions for read:user,repo,user:email,workflow...
2026-03-09 10:30:16.449 [info] Getting sessions for all scopes...
2026-03-09 10:30:16.449 [info] Got 1 sessions for ...
2026-03-09 10:30:16.501 [info] Getting sessions for read:user,repo,user:email,workflow...
2026-03-09 10:30:16.501 [info] Got 1 sessions for read:user,repo,user:email,workflow...
2026-03-09 10:30:16.589 [info] Getting sessions for all scopes...
2026-03-09 10:30:16.589 [info] Got 1 sessions for ...
2026-03-09 10:30:16.591 [info] Getting sessions for read:user,repo,user:email,workflow...
2026-03-09 10:30:16.591 [info] Got 1 sessions for read:user,repo,user:email,workflow...
2026-03-09 10:30:17.378 [info] Getting sessions for all scopes...
2026-03-09 10:30:17.378 [info] Got 1 sessions for ...
2026-03-09 10:30:17.379 [info] Getting sessions for all scopes...
2026-03-09 10:30:17.379 [info] Got 1 sessions for ...
2026-03-09 10:56:39.279 [info] Getting sessions for all scopes...
2026-03-09 10:56:39.280 [info] Got 1 sessions for ...
2026-03-09 10:56:39.281 [info] Getting sessions for all scopes...
2026-03-09 10:56:39.281 [info] Got 1 sessions for ...
2026-03-09 10:56:42.278 [info] Getting sessions for all scopes...
2026-03-09 10:56:42.278 [info] Got 1 sessions for ...
2026-03-09 10:56:42.279 [info] Getting sessions for all scopes...
2026-03-09 10:56:42.279 [info] Got 1 sessions for ...
2026-03-09 10:56:42.611 [info] Getting sessions for all scopes...
2026-03-09 10:56:42.611 [info] Got 1 sessions for ...
2026-03-09 10:56:42.613 [info] Getting sessions for read:user,repo,user:email,workflow...
2026-03-09 10:56:42.613 [info] Got 1 sessions for read:user,repo,user:email,workflow...
