2026-03-07 10:12:31.295 [info] Reading sessions from keychain...
2026-03-07 10:12:31.295 [info] Getting sessions for all scopes...
2026-03-07 10:12:31.295 [info] Got stored sessions!
2026-03-07 10:12:31.295 [info] Got 1 verified sessions.
2026-03-07 10:12:31.295 [info] Got 1 sessions for ...
2026-03-07 10:12:31.295 [info] Getting sessions for all scopes...
2026-03-07 10:12:31.295 [info] Got 1 sessions for ...
2026-03-07 10:12:31.295 [info] Getting sessions for all scopes...
2026-03-07 10:12:31.295 [info] Got 1 sessions for ...
2026-03-07 10:12:31.295 [info] Getting sessions for all scopes...
2026-03-07 10:12:31.295 [info] Got 1 sessions for ...
2026-03-07 10:12:31.295 [info] Getting sessions for all scopes...
2026-03-07 10:12:31.295 [info] Got 1 sessions for ...
2026-03-07 10:12:31.295 [info] Getting sessions for all scopes...
2026-03-07 10:12:31.295 [info] Got 1 sessions for ...
2026-03-07 10:12:31.295 [info] Getting sessions for all scopes...
2026-03-07 10:12:31.295 [info] Got 1 sessions for ...
2026-03-07 10:12:31.295 [info] Getting sessions for read:user,repo,user:email,workflow...
2026-03-07 10:12:31.295 [info] Got 1 sessions for read:user,repo,user:email,workflow...
2026-03-07 10:12:31.546 [info] Getting sessions for all scopes...
2026-03-07 10:12:31.546 [info] Got 1 sessions for ...
2026-03-07 10:12:31.548 [info] Getting sessions for read:user,repo,user:email,workflow...
2026-03-07 10:12:31.548 [info] Got 1 sessions for read:user,repo,user:email,workflow...
2026-03-07 10:12:31.667 [info] Getting sessions for all scopes...
2026-03-07 10:12:31.667 [info] Got 1 sessions for ...
2026-03-07 10:12:34.420 [info] Getting sessions for all scopes...
2026-03-07 10:12:34.420 [info] Got 1 sessions for ...
2026-03-07 10:12:34.420 [info] Getting sessions for all scopes...
2026-03-07 10:12:34.420 [info] Got 1 sessions for ...
2026-03-07 10:12:35.069 [info] Getting sessions for read:user,repo,user:email,workflow...
2026-03-07 10:12:35.069 [info] Got 1 sessions for read:user,repo,user:email,workflow...
2026-03-07 10:12:35.310 [info] FetcherService: Electron fetch failed with status: 429 
2026-03-07 10:12:35.312 [info] Unable to resolve optional EDU details. Status: 429 
2026-03-07 10:12:35.318 [info] Getting sessions for all scopes...
2026-03-07 10:12:35.318 [info] Got 1 sessions for ...
2026-03-07 10:12:35.318 [info] Getting sessions for all scopes...
2026-03-07 10:12:35.318 [info] Got 1 sessions for ...
2026-03-07 10:12:35.371 [info] Getting sessions for all scopes...
2026-03-07 10:12:35.371 [info] Got 1 sessions for ...
2026-03-07 10:12:35.373 [info] Getting sessions for all scopes...
2026-03-07 10:12:35.373 [info] Got 1 sessions for ...
2026-03-07 10:12:35.375 [info] Getting sessions for read:user,repo,user:email,workflow...
2026-03-07 10:12:35.375 [info] Got 1 sessions for read:user,repo,user:email,workflow...
2026-03-07 10:12:35.687 [info] Getting sessions for all scopes...
2026-03-07 10:12:35.687 [info] Got 1 sessions for ...
2026-03-07 10:12:35.689 [info] Getting sessions for read:user,repo,user:email,workflow...
2026-03-07 10:12:35.690 [info] Got 1 sessions for read:user,repo,user:email,workflow...
2026-03-07 10:12:35.706 [info] Getting sessions for all scopes...
2026-03-07 10:12:35.707 [info] Got 1 sessions for ...
2026-03-07 10:12:35.709 [info] Getting sessions for read:user,repo,user:email,workflow...
2026-03-07 10:12:35.709 [info] Got 1 sessions for read:user,repo,user:email,workflow...
2026-03-07 10:12:35.895 [info] Getting sessions for all scopes...
2026-03-07 10:12:35.895 [info] Got 1 sessions for ...
2026-03-07 10:12:35.903 [info] Getting sessions for read:user,repo,user:email,workflow...
2026-03-07 10:12:35.903 [info] Got 1 sessions for read:user,repo,user:email,workflow...
2026-03-07 10:12:39.895 [info] Getting sessions for all scopes...
2026-03-07 10:12:39.895 [info] Got 1 sessions for ...
2026-03-07 10:12:39.896 [info] Getting sessions for all scopes...
2026-03-07 10:12:39.896 [info] Got 1 sessions for ...
2026-03-07 10:12:49.533 [info] Reading sessions from keychain...
2026-03-07 10:12:49.533 [info] Getting sessions for all scopes...
2026-03-07 10:12:49.533 [info] Got stored sessions!
2026-03-07 10:12:49.533 [info] Got 1 verified sessions.
2026-03-07 10:12:49.533 [info] Got 1 sessions for ...
2026-03-07 10:12:49.533 [info] Getting sessions for all scopes...
2026-03-07 10:12:49.533 [info] Got 1 sessions for ...
2026-03-07 10:12:49.533 [info] Getting sessions for all scopes...
2026-03-07 10:12:49.533 [info] Got 1 sessions for ...
2026-03-07 10:12:49.533 [info] Getting sessions for all scopes...
2026-03-07 10:12:49.533 [info] Got 1 sessions for ...
2026-03-07 10:12:49.561 [info] Getting sessions for all scopes...
2026-03-07 10:12:49.561 [info] Got 1 sessions for ...
2026-03-07 10:12:50.960 [info] Getting sessions for all scopes...
2026-03-07 10:12:50.960 [info] Got 1 sessions for ...
2026-03-07 10:12:52.555 [info] FetcherService: Electron fetch failed with status: 429 
2026-03-07 10:12:52.562 [info] Unable to resolve optional EDU details. Status: 429 
2026-03-07 10:12:57.960 [info] Getting sessions for all scopes...
2026-03-07 10:12:57.960 [info] Got 1 sessions for ...
2026-03-07 10:12:57.960 [info] Getting sessions for all scopes...
2026-03-07 10:12:57.960 [info] Got 1 sessions for ...
2026-03-07 10:12:58.038 [info] Getting sessions for read:user,repo,user:email,workflow...
2026-03-07 10:12:58.038 [info] Got 1 sessions for read:user,repo,user:email,workflow...
2026-03-07 10:12:58.075 [info] Getting sessions for all scopes...
2026-03-07 10:12:58.075 [info] Got 1 sessions for ...
2026-03-07 10:12:58.076 [info] Getting sessions for read:user,repo,user:email,workflow...
2026-03-07 10:12:58.076 [info] Got 1 sessions for read:user,repo,user:email,workflow...
2026-03-07 10:12:58.988 [info] Getting sessions for all scopes...
2026-03-07 10:12:58.988 [info] Got 1 sessions for ...
2026-03-07 10:12:58.988 [info] Getting sessions for all scopes...
2026-03-07 10:12:58.988 [info] Got 1 sessions for ...
2026-03-07 10:12:59.037 [info] Getting sessions for read:user,repo,user:email,workflow...
2026-03-07 10:12:59.037 [info] Got 1 sessions for read:user,repo,user:email,workflow...
2026-03-07 10:13:02.952 [info] Getting sessions for all scopes...
2026-03-07 10:13:02.952 [info] Got 1 sessions for ...
2026-03-07 10:13:02.960 [info] Getting sessions for all scopes...
2026-03-07 10:13:02.960 [info] Got 1 sessions for ...
2026-03-07 10:13:03.577 [info] Getting sessions for read:user,repo,user:email,workflow...
2026-03-07 10:13:03.577 [info] Got 1 sessions for read:user,repo,user:email,workflow...
2026-03-07 10:13:04.882 [info] Getting sessions for all scopes...
2026-03-07 10:13:04.882 [info] Got 1 sessions for ...
2026-03-07 10:13:04.884 [info] Getting sessions for read:user,repo,user:email,workflow...
2026-03-07 10:13:04.884 [info] Got 1 sessions for read:user,repo,user:email,workflow...
2026-03-07 10:13:34.743 [info] Getting sessions for all scopes...
2026-03-07 10:13:34.743 [info] Got 1 sessions for ...
2026-03-07 10:13:34.745 [info] Getting sessions for all scopes...
2026-03-07 10:13:34.745 [info] Got 1 sessions for ...
2026-03-07 10:13:36.960 [info] Getting sessions for all scopes...
2026-03-07 10:13:36.960 [info] Got 1 sessions for ...
2026-03-07 10:13:36.961 [info] Getting sessions for all scopes...
2026-03-07 10:13:36.961 [info] Got 1 sessions for ...
2026-03-07 10:13:40.073 [info] Getting sessions for all scopes...
2026-03-07 10:13:40.073 [info] Got 1 sessions for ...
2026-03-07 10:13:40.075 [info] Getting sessions for all scopes...
2026-03-07 10:13:40.075 [info] Got 1 sessions for ...
2026-03-07 10:13:40.939 [info] Getting sessions for all scopes...
2026-03-07 10:13:40.939 [info] Got 1 sessions for ...
2026-03-07 10:13:41.026 [info] Getting sessions for all scopes...
2026-03-07 10:13:41.026 [info] Got 1 sessions for ...
2026-03-07 10:13:43.228 [info] Getting sessions for all scopes...
2026-03-07 10:13:43.228 [info] Got 1 sessions for ...
2026-03-07 10:13:43.229 [info] Getting sessions for all scopes...
2026-03-07 10:13:43.229 [info] Got 1 sessions for ...
2026-03-07 10:13:44.141 [info] Getting sessions for all scopes...
2026-03-07 10:13:44.141 [info] Got 1 sessions for ...
2026-03-07 10:13:44.148 [info] Getting sessions for all scopes...
2026-03-07 10:13:44.148 [info] Got 1 sessions for ...
2026-03-07 10:13:53.932 [info] Getting sessions for all scopes...
2026-03-07 10:13:53.932 [info] Got 1 sessions for ...
2026-03-07 10:13:53.933 [info] Getting sessions for all scopes...
2026-03-07 10:13:53.933 [info] Got 1 sessions for ...
2026-03-07 10:13:54.835 [info] Getting sessions for all scopes...
2026-03-07 10:13:54.835 [info] Got 1 sessions for ...
2026-03-07 10:13:54.836 [info] Getting sessions for all scopes...
2026-03-07 10:13:54.836 [info] Got 1 sessions for ...
2026-03-07 10:13:56.904 [info] Getting sessions for all scopes...
2026-03-07 10:13:56.904 [info] Got 1 sessions for ...
2026-03-07 10:13:56.905 [info] Getting sessions for all scopes...
2026-03-07 10:13:56.905 [info] Got 1 sessions for ...
2026-03-07 10:13:57.776 [info] Getting sessions for all scopes...
2026-03-07 10:13:57.776 [info] Got 1 sessions for ...
2026-03-07 10:13:57.777 [info] Getting sessions for all scopes...
2026-03-07 10:13:57.777 [info] Got 1 sessions for ...
2026-03-07 10:14:00.242 [info] Getting sessions for all scopes...
2026-03-07 10:14:00.242 [info] Got 1 sessions for ...
2026-03-07 10:14:00.250 [info] Getting sessions for all scopes...
2026-03-07 10:14:00.250 [info] Got 1 sessions for ...
2026-03-07 10:14:00.890 [info] Getting sessions for all scopes...
2026-03-07 10:14:00.890 [info] Got 1 sessions for ...
2026-03-07 10:14:00.892 [info] Getting sessions for all scopes...
2026-03-07 10:14:00.892 [info] Got 1 sessions for ...
2026-03-07 10:14:22.810 [info] Getting sessions for all scopes...
2026-03-07 10:14:22.810 [info] Got 1 sessions for ...
2026-03-07 10:14:22.811 [info] Getting sessions for all scopes...
2026-03-07 10:14:22.811 [info] Got 1 sessions for ...
2026-03-07 10:15:07.025 [info] Getting sessions for all scopes...
2026-03-07 10:15:07.025 [info] Got 1 sessions for ...
2026-03-07 10:15:07.029 [info] Getting sessions for all scopes...
2026-03-07 10:15:07.029 [info] Got 1 sessions for ...
2026-03-07 10:17:00.006 [info] Getting sessions for all scopes...
2026-03-07 10:17:00.006 [info] Got 1 sessions for ...
2026-03-07 10:17:00.007 [info] Getting sessions for all scopes...
2026-03-07 10:17:00.007 [info] Got 1 sessions for ...
2026-03-07 10:17:05.787 [info] Getting sessions for all scopes...
2026-03-07 10:17:05.787 [info] Got 1 sessions for ...
2026-03-07 10:17:05.788 [info] Getting sessions for all scopes...
2026-03-07 10:17:05.788 [info] Got 1 sessions for ...
2026-03-07 10:17:33.767 [info] Getting sessions for all scopes...
2026-03-07 10:17:33.767 [info] Got 1 sessions for ...
2026-03-07 10:17:33.772 [info] Getting sessions for all scopes...
2026-03-07 10:17:33.772 [info] Got 1 sessions for ...
2026-03-07 10:17:36.971 [info] Getting sessions for all scopes...
2026-03-07 10:17:36.972 [info] Got 1 sessions for ...
2026-03-07 10:17:36.973 [info] Getting sessions for all scopes...
2026-03-07 10:17:36.973 [info] Got 1 sessions for ...
2026-03-07 10:17:40.229 [info] Getting sessions for all scopes...
2026-03-07 10:17:40.229 [info] Got 1 sessions for ...
2026-03-07 10:17:40.231 [info] Getting sessions for all scopes...
2026-03-07 10:17:40.231 [info] Got 1 sessions for ...
2026-03-07 10:18:15.218 [info] Getting sessions for all scopes...
2026-03-07 10:18:15.218 [info] Got 1 sessions for ...
2026-03-07 10:18:15.219 [info] Getting sessions for all scopes...
2026-03-07 10:18:15.219 [info] Got 1 sessions for ...
2026-03-07 10:18:21.744 [info] Getting sessions for all scopes...
2026-03-07 10:18:21.744 [info] Got 1 sessions for ...
2026-03-07 10:18:21.745 [info] Getting sessions for all scopes...
2026-03-07 10:18:21.745 [info] Got 1 sessions for ...
2026-03-07 10:18:49.551 [info] Getting sessions for all scopes...
2026-03-07 10:18:49.551 [info] Got 1 sessions for ...
2026-03-07 10:18:49.552 [info] Getting sessions for all scopes...
2026-03-07 10:18:49.552 [info] Got 1 sessions for ...
2026-03-07 10:19:00.394 [info] Getting sessions for all scopes...
2026-03-07 10:19:00.394 [info] Got 1 sessions for ...
2026-03-07 10:19:00.395 [info] Getting sessions for all scopes...
2026-03-07 10:19:00.395 [info] Got 1 sessions for ...
2026-03-07 10:19:23.403 [info] Getting sessions for all scopes...
2026-03-07 10:19:23.403 [info] Got 1 sessions for ...
2026-03-07 10:19:23.404 [info] Getting sessions for all scopes...
2026-03-07 10:19:23.404 [info] Got 1 sessions for ...
2026-03-07 10:19:26.220 [info] Getting sessions for all scopes...
2026-03-07 10:19:26.220 [info] Got 1 sessions for ...
2026-03-07 10:19:26.221 [info] Getting sessions for all scopes...
2026-03-07 10:19:26.221 [info] Got 1 sessions for ...
2026-03-07 10:19:29.819 [info] Getting sessions for all scopes...
2026-03-07 10:19:29.819 [info] Got 1 sessions for ...
2026-03-07 10:19:29.820 [info] Getting sessions for all scopes...
2026-03-07 10:19:29.820 [info] Got 1 sessions for ...
2026-03-07 10:22:52.244 [info] Getting sessions for all scopes...
2026-03-07 10:22:52.245 [info] Got 1 sessions for ...
2026-03-07 10:22:52.246 [info] Getting sessions for all scopes...
2026-03-07 10:22:52.246 [info] Got 1 sessions for ...
2026-03-07 10:22:55.526 [info] Getting sessions for all scopes...
2026-03-07 10:22:55.526 [info] Got 1 sessions for ...
2026-03-07 10:22:55.526 [info] Getting sessions for all scopes...
2026-03-07 10:22:55.526 [info] Got 1 sessions for ...
