2026-03-18 19:27:26.071 [info] [main] Log level: Info
2026-03-18 19:27:26.071 [info] [main] Validating found git in: "git"
2026-03-18 19:27:26.072 [info] [main] Using git "2.53.0" from "git"
2026-03-18 19:27:26.072 [info] [Model][doInitialScan] Initial repository scan started
2026-03-18 19:27:26.072 [info] > git rev-parse --show-toplevel [854ms]
2026-03-18 19:27:26.072 [info] > git rev-parse --git-dir --git-common-dir --show-superproject-working-tree [496ms]
2026-03-18 19:27:27.345 [info] [Model][openRepository] Opened repository (path): /home/assassin/vardio
2026-03-18 19:27:27.345 [info] [Model][openRepository] Opened repository (real path): /home/assassin/vardio
2026-03-18 19:27:27.345 [info] [Model][openRepository] Opened repository (kind): repository
2026-03-18 19:27:27.444 [info] > git rev-parse --show-toplevel [46ms]
2026-03-18 19:27:27.446 [info] > git config --get commit.template [71ms]
2026-03-18 19:27:27.567 [info] > git rev-parse --show-toplevel [48ms]
2026-03-18 19:27:27.598 [info] > git rev-parse --show-toplevel [7ms]
2026-03-18 19:27:27.598 [info] > git for-each-ref --format=%(refname)%00%(upstream:short)%00%(objectname)%00%(upstream:track)%00%(upstream:remotename)%00%(upstream:remoteref) refs/heads/sp-work refs/remotes/sp-work [35ms]
2026-03-18 19:27:27.635 [info] > git rev-parse --show-toplevel [6ms]
2026-03-18 19:27:27.738 [info] > git status -z -uall [40ms]
2026-03-18 19:27:27.739 [info] > git rev-parse --show-toplevel [74ms]
2026-03-18 19:27:27.778 [info] > git for-each-ref --sort -committerdate --format %(refname)%00%(objectname)%00%(*objectname) [48ms]
2026-03-18 19:27:27.884 [info] > git for-each-ref --format=%(refname)%00%(upstream:short)%00%(objectname)%00%(upstream:track)%00%(upstream:remotename)%00%(upstream:remoteref) refs/heads/sp-work refs/remotes/sp-work [47ms]
2026-03-18 19:27:27.912 [info] > git rev-parse --show-toplevel [141ms]
2026-03-18 19:27:27.917 [info] [Model][doInitialScan] Initial repository scan completed - repositories (1), closed repositories (0), parent repositories (0), unsafe repositories (0)
2026-03-18 19:27:27.933 [info] > git config --get --local branch.sp-work.vscode-merge-base [22ms]
2026-03-18 19:27:27.971 [info] > git config --get commit.template [90ms]
2026-03-18 19:27:28.029 [info] > git for-each-ref --format=%(refname)%00%(upstream:short)%00%(objectname)%00%(upstream:track)%00%(upstream:remotename)%00%(upstream:remoteref) refs/heads/origin/sp-work refs/remotes/origin/sp-work [58ms]
2026-03-18 19:27:28.142 [info] > git check-ignore -v -z --stdin [63ms]
2026-03-18 19:27:28.144 [info] > git merge-base refs/heads/sp-work refs/remotes/origin/sp-work [91ms]
2026-03-18 19:27:28.174 [info] > git check-ignore -v -z --stdin [33ms]
2026-03-18 19:27:28.175 [info] > git for-each-ref --format=%(refname)%00%(upstream:short)%00%(objectname)%00%(upstream:track)%00%(upstream:remotename)%00%(upstream:remoteref) refs/heads/sp-work refs/remotes/sp-work [66ms]
2026-03-18 19:27:28.184 [info] > git diff --raw --numstat --diff-filter=ADMR -z --find-renames=50% e7474da8b8689b8187b908889d7f56a64ecc4057...refs/remotes/origin/sp-work -- [15ms]
2026-03-18 19:27:28.251 [info] > git status -z -uall [28ms]
2026-03-18 19:27:28.483 [info] > git show --textconv :README.md [121ms]
2026-03-18 19:27:28.484 [info] > git ls-files --stage -- README.md [94ms]
2026-03-18 19:27:28.505 [info] > git for-each-ref --sort -committerdate --format %(refname)%00%(objectname)%00%(*objectname) [257ms]
2026-03-18 19:27:28.592 [info] > git cat-file -s f3be65b992f9f3db853df57c3f85bb40a5d6cc58 [89ms]
2026-03-18 19:27:28.951 [info] > git config --get commit.template [95ms]
2026-03-18 19:27:29.192 [info] > git check-ignore -v -z --stdin [123ms]
2026-03-18 19:27:29.228 [info] > git for-each-ref --format=%(refname)%00%(upstream:short)%00%(objectname)%00%(upstream:track)%00%(upstream:remotename)%00%(upstream:remoteref) refs/heads/sp-work refs/remotes/sp-work [47ms]
2026-03-18 19:27:29.327 [info] > git blame --root --incremental e7474da8b8689b8187b908889d7f56a64ecc4057 -- README.md [46ms]
2026-03-18 19:27:29.409 [info] > git status -z -uall [39ms]
2026-03-18 19:27:29.409 [info] > git for-each-ref --sort -committerdate --format %(refname)%00%(objectname)%00%(*objectname) [18ms]
2026-03-18 19:28:01.280 [info] > git check-ignore -v -z --stdin [6ms]
2026-03-18 19:28:01.487 [info] > git check-ignore -v -z --stdin [5ms]
2026-03-18 19:32:59.574 [info] > git check-ignore -v -z --stdin [94ms]
2026-03-18 19:33:02.695 [info] > git config --get commit.template [64ms]
2026-03-18 19:33:02.705 [info] > git for-each-ref --format=%(refname)%00%(upstream:short)%00%(objectname)%00%(upstream:track)%00%(upstream:remotename)%00%(upstream:remoteref) refs/heads/sp-work refs/remotes/sp-work [21ms]
2026-03-18 19:33:02.789 [info] > git status -z -uall [40ms]
2026-03-18 19:33:02.803 [info] > git for-each-ref --sort -committerdate --format %(refname)%00%(objectname)%00%(*objectname) [18ms]
2026-03-18 19:33:03.193 [info] > git check-ignore -v -z --stdin [6ms]
2026-03-18 19:33:05.234 [info] > git check-ignore -v -z --stdin [3ms]
2026-03-18 19:33:10.482 [info] > git config --get commit.template [71ms]
2026-03-18 19:33:10.515 [info] > git for-each-ref --format=%(refname)%00%(upstream:short)%00%(objectname)%00%(upstream:track)%00%(upstream:remotename)%00%(upstream:remoteref) refs/heads/sp-work refs/remotes/sp-work [41ms]
2026-03-18 19:33:10.597 [info] > git status -z -uall [43ms]
2026-03-18 19:33:10.600 [info] > git for-each-ref --sort -committerdate --format %(refname)%00%(objectname)%00%(*objectname) [11ms]
2026-03-18 19:33:20.734 [info] > git config --get commit.template [44ms]
2026-03-18 19:33:20.735 [info] > git for-each-ref --format=%(refname)%00%(upstream:short)%00%(objectname)%00%(upstream:track)%00%(upstream:remotename)%00%(upstream:remoteref) refs/heads/sp-work refs/remotes/sp-work [5ms]
2026-03-18 19:33:20.807 [info] > git status -z -uall [39ms]
2026-03-18 19:33:20.813 [info] > git for-each-ref --sort -committerdate --format %(refname)%00%(objectname)%00%(*objectname) [10ms]
2026-03-18 19:34:02.170 [info] > git config --get commit.template [37ms]
2026-03-18 19:34:02.174 [info] > git for-each-ref --format=%(refname)%00%(upstream:short)%00%(objectname)%00%(upstream:track)%00%(upstream:remotename)%00%(upstream:remoteref) refs/heads/sp-work refs/remotes/sp-work [8ms]
2026-03-18 19:34:02.247 [info] > git status -z -uall [39ms]
2026-03-18 19:34:02.250 [info] > git for-each-ref --sort -committerdate --format %(refname)%00%(objectname)%00%(*objectname) [6ms]
2026-03-18 19:35:01.725 [info] > git config --get commit.template [25ms]
2026-03-18 19:35:01.727 [info] > git for-each-ref --format=%(refname)%00%(upstream:short)%00%(objectname)%00%(upstream:track)%00%(upstream:remotename)%00%(upstream:remoteref) refs/heads/sp-work refs/remotes/sp-work [4ms]
2026-03-18 19:35:01.772 [info] > git status -z -uall [23ms]
2026-03-18 19:35:01.775 [info] > git for-each-ref --sort -committerdate --format %(refname)%00%(objectname)%00%(*objectname) [4ms]
2026-03-18 19:35:01.810 [info] > git ls-files --stage -- README.md [3ms]
2026-03-18 19:35:01.836 [info] > git cat-file -s f3be65b992f9f3db853df57c3f85bb40a5d6cc58 [5ms]
2026-03-18 19:35:01.868 [info] > git show --textconv :README.md [5ms]
2026-03-18 19:35:03.852 [info] > git config --get commit.template [4ms]
2026-03-18 19:35:03.883 [info] > git for-each-ref --format=%(refname)%00%(upstream:short)%00%(objectname)%00%(upstream:track)%00%(upstream:remotename)%00%(upstream:remoteref) refs/heads/sp-work refs/remotes/sp-work [6ms]
2026-03-18 19:35:03.931 [info] > git status -z -uall [24ms]
2026-03-18 19:35:03.934 [info] > git for-each-ref --sort -committerdate --format %(refname)%00%(objectname)%00%(*objectname) [5ms]
2026-03-18 19:35:04.271 [info] > git check-ignore -v -z --stdin [3ms]
2026-03-18 19:35:04.984 [info] > git ls-files --stage -- README.md [3ms]
2026-03-18 19:35:05.012 [info] > git cat-file -s f3be65b992f9f3db853df57c3f85bb40a5d6cc58 [4ms]
2026-03-18 19:35:05.041 [info] > git show --textconv :README.md [3ms]
2026-03-18 19:35:34.883 [info] > git config --get commit.template [3ms]
2026-03-18 19:35:34.922 [info] > git for-each-ref --format=%(refname)%00%(upstream:short)%00%(objectname)%00%(upstream:track)%00%(upstream:remotename)%00%(upstream:remoteref) refs/heads/sp-work refs/remotes/sp-work [5ms]
2026-03-18 19:35:34.966 [info] > git status -z -uall [22ms]
2026-03-18 19:35:34.969 [info] > git for-each-ref --sort -committerdate --format %(refname)%00%(objectname)%00%(*objectname) [3ms]
2026-03-18 19:35:35.028 [info] > git blame --root --incremental e67cfe5f09e4bf8e6e69cb6062999abaa8ff5366 -- README.md [28ms]
2026-03-18 19:35:35.033 [info] > git merge-base refs/heads/sp-work refs/remotes/origin/sp-work [7ms]
2026-03-18 19:35:35.060 [info] > git diff --raw --numstat --diff-filter=ADMR -z --find-renames=50% e7474da8b8689b8187b908889d7f56a64ecc4057...refs/remotes/origin/sp-work -- [4ms]
2026-03-18 19:35:35.302 [info] > git check-ignore -v -z --stdin [3ms]
2026-03-18 19:35:36.017 [info] > git ls-files --stage -- README.md [2ms]
2026-03-18 19:35:36.046 [info] > git cat-file -s f3be65b992f9f3db853df57c3f85bb40a5d6cc58 [4ms]
2026-03-18 19:35:36.075 [info] > git show --textconv :README.md [3ms]
2026-03-18 19:35:47.292 [info] > git config --get commit.template [6ms]
2026-03-18 19:35:47.317 [info] > git for-each-ref --format=%(refname)%00%(upstream:short)%00%(objectname)%00%(upstream:track)%00%(upstream:remotename)%00%(upstream:remoteref) refs/heads/sp-work refs/remotes/sp-work [5ms]
2026-03-18 19:35:47.398 [info] > git status -z -uall [49ms]
2026-03-18 19:35:47.401 [info] > git for-each-ref --sort -committerdate --format %(refname)%00%(objectname)%00%(*objectname) [12ms]
2026-03-18 19:35:47.464 [info] > git merge-base refs/heads/sp-work refs/remotes/origin/sp-work [10ms]
2026-03-18 19:35:47.493 [info] > git diff --raw --numstat --diff-filter=ADMR -z --find-renames=50% e67cfe5f09e4bf8e6e69cb6062999abaa8ff5366...refs/remotes/origin/sp-work -- [4ms]
2026-03-18 19:35:48.448 [info] > git ls-files --stage -- README.md [2ms]
2026-03-18 19:35:48.477 [info] > git cat-file -s f3be65b992f9f3db853df57c3f85bb40a5d6cc58 [4ms]
2026-03-18 19:35:48.506 [info] > git show --textconv :README.md [4ms]
2026-03-18 19:38:02.445 [info] > git check-ignore -v -z --stdin [4ms]
2026-03-18 19:38:03.070 [info] > git check-ignore -v -z --stdin [4ms]
2026-03-18 19:38:03.615 [info] > git check-ignore -v -z --stdin [4ms]
2026-03-18 19:38:04.028 [info] > git check-ignore -v -z --stdin [27ms]
2026-03-18 19:38:43.267 [info] > git check-ignore -v -z --stdin [4ms]
2026-03-18 19:38:44.025 [info] > git check-ignore -v -z --stdin [14ms]
2026-03-18 19:44:08.326 [info] > git check-ignore -v -z --stdin [3ms]
2026-03-18 19:44:16.108 [info] > git check-ignore -v -z --stdin [5ms]
2026-03-18 19:44:17.116 [info] > git check-ignore -v -z --stdin [26ms]
2026-03-18 19:44:17.597 [info] > git check-ignore -v -z --stdin [12ms]
2026-03-18 19:44:17.853 [info] > git check-ignore -v -z --stdin [18ms]
2026-03-18 19:44:18.967 [info] > git check-ignore -v -z --stdin [8ms]
2026-03-18 19:44:19.719 [info] > git check-ignore -v -z --stdin [12ms]
2026-03-18 19:44:21.218 [info] > git check-ignore -v -z --stdin [11ms]
2026-03-18 19:44:21.811 [info] > git check-ignore -v -z --stdin [10ms]
2026-03-18 19:44:22.224 [info] > git check-ignore -v -z --stdin [20ms]
2026-03-18 19:44:22.879 [info] > git check-ignore -v -z --stdin [19ms]
2026-03-18 19:44:23.349 [info] > git check-ignore -v -z --stdin [13ms]
2026-03-18 19:44:23.643 [info] > git check-ignore -v -z --stdin [10ms]
2026-03-18 19:44:24.016 [info] > git check-ignore -v -z --stdin [8ms]
2026-03-18 19:44:24.234 [info] > git check-ignore -v -z --stdin [5ms]
2026-03-18 19:44:27.588 [info] > git check-ignore -v -z --stdin [3ms]
2026-03-18 19:44:28.702 [info] > git check-ignore -v -z --stdin [3ms]
2026-03-18 19:44:29.585 [info] > git check-ignore -v -z --stdin [3ms]
2026-03-18 19:44:30.182 [info] > git check-ignore -v -z --stdin [8ms]
2026-03-18 19:44:31.323 [info] > git check-ignore -v -z --stdin [11ms]
2026-03-18 19:44:32.220 [info] > git check-ignore -v -z --stdin [12ms]
2026-03-18 19:44:32.559 [info] > git check-ignore -v -z --stdin [8ms]
2026-03-18 19:44:34.476 [info] > git check-ignore -v -z --stdin [5ms]
2026-03-18 19:44:35.210 [info] > git check-ignore -v -z --stdin [12ms]
2026-03-18 19:44:35.436 [info] > git check-ignore -v -z --stdin [7ms]
2026-03-18 19:44:35.653 [info] > git check-ignore -v -z --stdin [4ms]
2026-03-18 19:44:35.866 [info] > git check-ignore -v -z --stdin [12ms]
2026-03-18 19:44:36.186 [info] > git check-ignore -v -z --stdin [11ms]
2026-03-18 19:44:36.386 [info] > git check-ignore -v -z --stdin [7ms]
2026-03-18 19:44:43.680 [info] > git check-ignore -v -z --stdin [6ms]
2026-03-18 19:44:45.361 [info] > git check-ignore -v -z --stdin [2ms]
2026-03-18 19:44:46.005 [info] > git check-ignore -v -z --stdin [5ms]
2026-03-18 19:44:47.514 [info] > git check-ignore -v -z --stdin [4ms]
2026-03-18 19:44:48.529 [info] > git check-ignore -v -z --stdin [6ms]
2026-03-18 19:44:49.343 [info] > git check-ignore -v -z --stdin [17ms]
2026-03-18 19:44:50.098 [info] > git check-ignore -v -z --stdin [10ms]
2026-03-18 19:44:50.483 [info] > git check-ignore -v -z --stdin [19ms]
2026-03-18 19:44:50.761 [info] > git check-ignore -v -z --stdin [5ms]
2026-03-18 19:44:50.947 [info] > git check-ignore -v -z --stdin [11ms]
2026-03-18 19:45:15.468 [info] > git check-ignore -v -z --stdin [6ms]
2026-03-18 19:45:16.529 [info] > git config --get commit.template [28ms]
2026-03-18 19:45:16.531 [info] > git for-each-ref --format=%(refname)%00%(upstream:short)%00%(objectname)%00%(upstream:track)%00%(upstream:remotename)%00%(upstream:remoteref) refs/heads/sp-work refs/remotes/sp-work [7ms]
2026-03-18 19:45:16.590 [info] > git status -z -uall [33ms]
2026-03-18 19:45:16.593 [info] > git for-each-ref --sort -committerdate --format %(refname)%00%(objectname)%00%(*objectname) [5ms]
2026-03-18 19:45:16.943 [info] > git check-ignore -v -z --stdin [5ms]
2026-03-18 19:45:31.125 [info] > git check-ignore -v -z --stdin [4ms]
2026-03-18 19:45:57.625 [info] > git config --get commit.template [51ms]
2026-03-18 19:45:57.627 [info] > git for-each-ref --format=%(refname)%00%(upstream:short)%00%(objectname)%00%(upstream:track)%00%(upstream:remotename)%00%(upstream:remoteref) refs/heads/sp-work refs/remotes/sp-work [6ms]
2026-03-18 19:45:57.702 [info] > git status -z -uall [36ms]
2026-03-18 19:45:57.704 [info] > git for-each-ref --sort -committerdate --format %(refname)%00%(objectname)%00%(*objectname) [6ms]
2026-03-18 19:45:58.049 [info] > git check-ignore -v -z --stdin [3ms]
2026-03-18 19:46:02.764 [info] > git config --get commit.template [27ms]
2026-03-18 19:46:02.767 [info] > git for-each-ref --format=%(refname)%00%(upstream:short)%00%(objectname)%00%(upstream:track)%00%(upstream:remotename)%00%(upstream:remoteref) refs/heads/sp-work refs/remotes/sp-work [4ms]
2026-03-18 19:46:02.817 [info] > git status -z -uall [29ms]
2026-03-18 19:46:02.818 [info] > git for-each-ref --sort -committerdate --format %(refname)%00%(objectname)%00%(*objectname) [4ms]
2026-03-18 19:46:42.774 [info] > git config --get commit.template [45ms]
2026-03-18 19:46:42.775 [info] > git for-each-ref --format=%(refname)%00%(upstream:short)%00%(objectname)%00%(upstream:track)%00%(upstream:remotename)%00%(upstream:remoteref) refs/heads/sp-work refs/remotes/sp-work [8ms]
2026-03-18 19:46:42.849 [info] > git status -z -uall [41ms]
2026-03-18 19:46:42.853 [info] > git for-each-ref --sort -committerdate --format %(refname)%00%(objectname)%00%(*objectname) [7ms]
2026-03-18 19:46:48.960 [info] > git check-ignore -v -z --stdin [4ms]
2026-03-18 19:46:49.872 [info] > git config --get commit.template [31ms]
2026-03-18 19:46:49.875 [info] > git for-each-ref --format=%(refname)%00%(upstream:short)%00%(objectname)%00%(upstream:track)%00%(upstream:remotename)%00%(upstream:remoteref) refs/heads/sp-work refs/remotes/sp-work [4ms]
2026-03-18 19:46:49.929 [info] > git status -z -uall [30ms]
2026-03-18 19:46:49.932 [info] > git for-each-ref --sort -committerdate --format %(refname)%00%(objectname)%00%(*objectname) [5ms]
2026-03-18 19:47:01.980 [info] > git config --get commit.template [40ms]
2026-03-18 19:47:01.983 [info] > git for-each-ref --format=%(refname)%00%(upstream:short)%00%(objectname)%00%(upstream:track)%00%(upstream:remotename)%00%(upstream:remoteref) refs/heads/sp-work refs/remotes/sp-work [8ms]
2026-03-18 19:47:02.053 [info] > git status -z -uall [36ms]
2026-03-18 19:47:02.057 [info] > git for-each-ref --sort -committerdate --format %(refname)%00%(objectname)%00%(*objectname) [7ms]
2026-03-18 19:48:19.373 [info] > git config --get commit.template [39ms]
2026-03-18 19:48:19.375 [info] > git for-each-ref --format=%(refname)%00%(upstream:short)%00%(objectname)%00%(upstream:track)%00%(upstream:remotename)%00%(upstream:remoteref) refs/heads/sp-work refs/remotes/sp-work [6ms]
2026-03-18 19:48:19.439 [info] > git status -z -uall [32ms]
2026-03-18 19:48:19.442 [info] > git for-each-ref --sort -committerdate --format %(refname)%00%(objectname)%00%(*objectname) [6ms]
2026-03-18 19:49:18.943 [info] > git check-ignore -v -z --stdin [3ms]
2026-03-18 19:49:53.347 [info] > git check-ignore -v -z --stdin [5ms]
2026-03-18 19:49:53.536 [info] > git show --textconv :frontend/src/pages/Home.js [39ms]
2026-03-18 19:49:53.550 [info] > git check-ignore -v -z --stdin [86ms]
2026-03-18 19:49:53.551 [info] > git ls-files --stage -- frontend/src/pages/Home.js [16ms]
2026-03-18 19:49:53.589 [info] > git cat-file -s c6bacd22f9194fc0159dcf22ee814620bb9544d4 [5ms]
2026-03-18 19:49:54.335 [info] > git check-ignore -v -z --stdin [3ms]
2026-03-18 19:51:20.039 [info] > git check-ignore -v -z --stdin [4ms]
2026-03-18 19:51:21.139 [info] > git config --get commit.template [33ms]
2026-03-18 19:51:21.143 [info] > git for-each-ref --format=%(refname)%00%(upstream:short)%00%(objectname)%00%(upstream:track)%00%(upstream:remotename)%00%(upstream:remoteref) refs/heads/sp-work refs/remotes/sp-work [6ms]
2026-03-18 19:51:21.205 [info] > git status -z -uall [32ms]
2026-03-18 19:51:21.208 [info] > git for-each-ref --sort -committerdate --format %(refname)%00%(objectname)%00%(*objectname) [5ms]
2026-03-18 19:52:10.784 [info] > git config --get commit.template [36ms]
2026-03-18 19:52:10.786 [info] > git for-each-ref --format=%(refname)%00%(upstream:short)%00%(objectname)%00%(upstream:track)%00%(upstream:remotename)%00%(upstream:remoteref) refs/heads/sp-work refs/remotes/sp-work [6ms]
2026-03-18 19:52:10.851 [info] > git status -z -uall [35ms]
2026-03-18 19:52:10.869 [info] > git for-each-ref --sort -committerdate --format %(refname)%00%(objectname)%00%(*objectname) [20ms]
2026-03-18 19:52:15.939 [info] > git config --get commit.template [30ms]
2026-03-18 19:52:15.941 [info] > git for-each-ref --format=%(refname)%00%(upstream:short)%00%(objectname)%00%(upstream:track)%00%(upstream:remotename)%00%(upstream:remoteref) refs/heads/sp-work refs/remotes/sp-work [4ms]
2026-03-18 19:52:16.000 [info] > git status -z -uall [30ms]
2026-03-18 19:52:16.002 [info] > git for-each-ref --sort -committerdate --format %(refname)%00%(objectname)%00%(*objectname) [3ms]
2026-03-18 19:52:34.074 [info] > git config --get commit.template [30ms]
2026-03-18 19:52:34.075 [info] > git for-each-ref --format=%(refname)%00%(upstream:short)%00%(objectname)%00%(upstream:track)%00%(upstream:remotename)%00%(upstream:remoteref) refs/heads/sp-work refs/remotes/sp-work [3ms]
2026-03-18 19:52:34.129 [info] > git status -z -uall [28ms]
2026-03-18 19:52:34.132 [info] > git for-each-ref --sort -committerdate --format %(refname)%00%(objectname)%00%(*objectname) [4ms]
2026-03-18 19:52:41.284 [info] > git config --get commit.template [32ms]
2026-03-18 19:52:41.286 [info] > git for-each-ref --format=%(refname)%00%(upstream:short)%00%(objectname)%00%(upstream:track)%00%(upstream:remotename)%00%(upstream:remoteref) refs/heads/sp-work refs/remotes/sp-work [5ms]
2026-03-18 19:52:41.349 [info] > git status -z -uall [33ms]
2026-03-18 19:52:41.352 [info] > git for-each-ref --sort -committerdate --format %(refname)%00%(objectname)%00%(*objectname) [5ms]
2026-03-18 19:53:36.311 [info] > git config --get commit.template [38ms]
2026-03-18 19:53:36.313 [info] > git for-each-ref --format=%(refname)%00%(upstream:short)%00%(objectname)%00%(upstream:track)%00%(upstream:remotename)%00%(upstream:remoteref) refs/heads/sp-work refs/remotes/sp-work [5ms]
2026-03-18 19:53:36.375 [info] > git status -z -uall [34ms]
2026-03-18 19:53:36.378 [info] > git for-each-ref --sort -committerdate --format %(refname)%00%(objectname)%00%(*objectname) [6ms]
2026-03-18 19:53:39.949 [info] > git check-ignore -v -z --stdin [3ms]
2026-03-18 19:53:41.494 [info] > git config --get commit.template [55ms]
2026-03-18 19:53:41.497 [info] > git for-each-ref --format=%(refname)%00%(upstream:short)%00%(objectname)%00%(upstream:track)%00%(upstream:remotename)%00%(upstream:remoteref) refs/heads/sp-work refs/remotes/sp-work [6ms]
2026-03-18 19:53:41.570 [info] > git status -z -uall [35ms]
2026-03-18 19:53:41.574 [info] > git for-each-ref --sort -committerdate --format %(refname)%00%(objectname)%00%(*objectname) [5ms]
2026-03-18 19:54:43.525 [info] > git config --get commit.template [32ms]
2026-03-18 19:54:43.527 [info] > git for-each-ref --format=%(refname)%00%(upstream:short)%00%(objectname)%00%(upstream:track)%00%(upstream:remotename)%00%(upstream:remoteref) refs/heads/sp-work refs/remotes/sp-work [3ms]
2026-03-18 19:54:43.585 [info] > git status -z -uall [32ms]
2026-03-18 19:54:43.585 [info] > git for-each-ref --sort -committerdate --format %(refname)%00%(objectname)%00%(*objectname) [6ms]
2026-03-18 19:54:47.068 [info] > git check-ignore -v -z --stdin [11ms]
2026-03-18 19:54:48.643 [info] > git config --get commit.template [7ms]
2026-03-18 19:54:48.762 [info] > git for-each-ref --format=%(refname)%00%(upstream:short)%00%(objectname)%00%(upstream:track)%00%(upstream:remotename)%00%(upstream:remoteref) refs/heads/sp-work refs/remotes/sp-work [70ms]
2026-03-18 19:54:48.841 [info] > git status -z -uall [39ms]
2026-03-18 19:54:48.844 [info] > git for-each-ref --sort -committerdate --format %(refname)%00%(objectname)%00%(*objectname) [6ms]
2026-03-18 19:56:10.769 [info] > git config --get commit.template [6ms]
2026-03-18 19:56:10.819 [info] > git for-each-ref --format=%(refname)%00%(upstream:short)%00%(objectname)%00%(upstream:track)%00%(upstream:remotename)%00%(upstream:remoteref) refs/heads/sp-work refs/remotes/sp-work [7ms]
2026-03-18 19:56:10.912 [info] > git status -z -uall [50ms]
2026-03-18 19:56:10.915 [info] > git for-each-ref --sort -committerdate --format %(refname)%00%(objectname)%00%(*objectname) [5ms]
2026-03-18 19:56:12.426 [info] > git check-ignore -v -z --stdin [2ms]
2026-03-18 19:56:15.985 [info] > git config --get commit.template [31ms]
2026-03-18 19:56:15.987 [info] > git for-each-ref --format=%(refname)%00%(upstream:short)%00%(objectname)%00%(upstream:track)%00%(upstream:remotename)%00%(upstream:remoteref) refs/heads/sp-work refs/remotes/sp-work [3ms]
2026-03-18 19:56:16.050 [info] > git status -z -uall [30ms]
2026-03-18 19:56:16.053 [info] > git for-each-ref --sort -committerdate --format %(refname)%00%(objectname)%00%(*objectname) [5ms]
2026-03-18 19:56:17.569 [info] > git config --get commit.template [7ms]
2026-03-18 19:56:17.604 [info] > git for-each-ref --format=%(refname)%00%(upstream:short)%00%(objectname)%00%(upstream:track)%00%(upstream:remotename)%00%(upstream:remoteref) refs/heads/sp-work refs/remotes/sp-work [4ms]
2026-03-18 19:56:17.661 [info] > git status -z -uall [28ms]
2026-03-18 19:56:17.664 [info] > git for-each-ref --sort -committerdate --format %(refname)%00%(objectname)%00%(*objectname) [4ms]
2026-03-18 19:56:18.005 [info] > git check-ignore -v -z --stdin [2ms]
2026-03-18 19:56:18.073 [info] > git show --textconv HEAD:frontend/src/pages/Home.js [34ms]
2026-03-18 19:56:18.073 [info] > git ls-tree -l HEAD -- frontend/src/pages/Home.js [4ms]
2026-03-18 19:56:18.761 [info] > git ls-files --stage -- frontend/src/pages/Home.js [30ms]
2026-03-18 19:56:18.791 [info] > git ls-tree -l HEAD -- frontend/src/pages/Home.js [30ms]
2026-03-18 19:56:18.794 [info] > git cat-file -s 2aa876c03823372aec1e5ba5263fc81b32caa6ec [5ms]
2026-03-18 19:56:18.861 [info] > git show --textconv HEAD:frontend/src/pages/Home.js [34ms]
2026-03-18 19:56:18.863 [info] > git show --textconv :frontend/src/pages/Home.js [4ms]
2026-03-18 19:56:19.111 [info] > git check-ignore -v -z --stdin [3ms]
2026-03-18 19:57:15.490 [info] > git config --get commit.template [27ms]
2026-03-18 19:57:15.492 [info] > git for-each-ref --format=%(refname)%00%(upstream:short)%00%(objectname)%00%(upstream:track)%00%(upstream:remotename)%00%(upstream:remoteref) refs/heads/sp-work refs/remotes/sp-work [4ms]
2026-03-18 19:57:15.546 [info] > git status -z -uall [29ms]
2026-03-18 19:57:15.548 [info] > git for-each-ref --sort -committerdate --format %(refname)%00%(objectname)%00%(*objectname) [4ms]
2026-03-18 19:57:28.562 [info] > git config --get commit.template [7ms]
2026-03-18 19:57:28.593 [info] > git for-each-ref --format=%(refname)%00%(upstream:short)%00%(objectname)%00%(upstream:track)%00%(upstream:remotename)%00%(upstream:remoteref) refs/heads/sp-work refs/remotes/sp-work [6ms]
2026-03-18 19:57:28.646 [info] > git status -z -uall [28ms]
2026-03-18 19:57:28.648 [info] > git for-each-ref --sort -committerdate --format %(refname)%00%(objectname)%00%(*objectname) [3ms]
2026-03-18 19:57:28.684 [info] > git merge-base refs/heads/sp-work refs/remotes/origin/sp-work [3ms]
2026-03-18 19:57:28.733 [info] > git diff --raw --numstat --diff-filter=ADMR -z --find-renames=50% e67cfe5f09e4bf8e6e69cb6062999abaa8ff5366...refs/remotes/origin/sp-work -- [19ms]
2026-03-18 19:57:28.991 [info] > git check-ignore -v -z --stdin [3ms]
2026-03-18 19:57:29.585 [info] > git config --get commit.template [34ms]
2026-03-18 19:57:29.589 [info] > git for-each-ref --format=%(refname)%00%(upstream:short)%00%(objectname)%00%(upstream:track)%00%(upstream:remotename)%00%(upstream:remoteref) refs/heads/sp-work refs/remotes/sp-work [5ms]
2026-03-18 19:57:29.646 [info] > git status -z -uall [29ms]
2026-03-18 19:57:29.649 [info] > git for-each-ref --sort -committerdate --format %(refname)%00%(objectname)%00%(*objectname) [5ms]
2026-03-18 19:57:29.678 [info] > git ls-files --stage -- frontend/src/pages/Home.js [3ms]
2026-03-18 19:57:29.707 [info] > git cat-file -s 2aa876c03823372aec1e5ba5263fc81b32caa6ec [4ms]
2026-03-18 19:57:29.735 [info] > git show --textconv :frontend/src/pages/Home.js [3ms]
2026-03-18 20:00:11.260 [info] > git check-ignore -v -z --stdin [12ms]
2026-03-18 20:00:12.377 [info] > git config --get commit.template [37ms]
2026-03-18 20:00:12.382 [info] > git for-each-ref --format=%(refname)%00%(upstream:short)%00%(objectname)%00%(upstream:track)%00%(upstream:remotename)%00%(upstream:remoteref) refs/heads/sp-work refs/remotes/sp-work [6ms]
2026-03-18 20:00:12.451 [info] > git status -z -uall [37ms]
2026-03-18 20:00:12.454 [info] > git for-each-ref --sort -committerdate --format %(refname)%00%(objectname)%00%(*objectname) [4ms]
2026-03-18 20:00:12.845 [info] > git check-ignore -v -z --stdin [5ms]
2026-03-18 20:01:12.439 [info] > git check-ignore -v -z --stdin [10ms]
2026-03-18 20:01:13.345 [info] > git config --get commit.template [34ms]
2026-03-18 20:01:13.346 [info] > git for-each-ref --format=%(refname)%00%(upstream:short)%00%(objectname)%00%(upstream:track)%00%(upstream:remotename)%00%(upstream:remoteref) refs/heads/sp-work refs/remotes/sp-work [4ms]
2026-03-18 20:01:13.410 [info] > git status -z -uall [33ms]
2026-03-18 20:01:13.413 [info] > git for-each-ref --sort -committerdate --format %(refname)%00%(objectname)%00%(*objectname) [4ms]
2026-03-18 20:01:35.043 [info] > git config --get commit.template [31ms]
2026-03-18 20:01:35.046 [info] > git for-each-ref --format=%(refname)%00%(upstream:short)%00%(objectname)%00%(upstream:track)%00%(upstream:remotename)%00%(upstream:remoteref) refs/heads/sp-work refs/remotes/sp-work [6ms]
2026-03-18 20:01:35.105 [info] > git status -z -uall [34ms]
2026-03-18 20:01:35.107 [info] > git for-each-ref --sort -committerdate --format %(refname)%00%(objectname)%00%(*objectname) [6ms]
2026-03-18 20:01:35.446 [info] > git check-ignore -v -z --stdin [4ms]
2026-03-18 20:01:36.003 [info] > git config --get commit.template [2ms]
2026-03-18 20:01:36.034 [info] > git for-each-ref --format=%(refname)%00%(upstream:short)%00%(objectname)%00%(upstream:track)%00%(upstream:remotename)%00%(upstream:remoteref) refs/heads/sp-work refs/remotes/sp-work [4ms]
2026-03-18 20:01:36.093 [info] > git status -z -uall [28ms]
2026-03-18 20:01:36.095 [info] > git for-each-ref --sort -committerdate --format %(refname)%00%(objectname)%00%(*objectname) [6ms]
2026-03-18 20:01:36.126 [info] > git ls-files --stage -- frontend/src/pages/Home.js [3ms]
2026-03-18 20:01:36.153 [info] > git cat-file -s 2aa876c03823372aec1e5ba5263fc81b32caa6ec [2ms]
2026-03-18 20:01:36.180 [info] > git show --textconv :frontend/src/pages/Home.js [4ms]
2026-03-18 20:02:10.852 [info] > git config --get commit.template [5ms]
2026-03-18 20:02:10.884 [info] > git for-each-ref --format=%(refname)%00%(upstream:short)%00%(objectname)%00%(upstream:track)%00%(upstream:remotename)%00%(upstream:remoteref) refs/heads/sp-work refs/remotes/sp-work [5ms]
2026-03-18 20:02:10.936 [info] > git status -z -uall [27ms]
2026-03-18 20:02:10.938 [info] > git for-each-ref --sort -committerdate --format %(refname)%00%(objectname)%00%(*objectname) [3ms]
2026-03-18 20:02:15.615 [info] > git config --get commit.template [27ms]
2026-03-18 20:02:15.616 [info] > git for-each-ref --format=%(refname)%00%(upstream:short)%00%(objectname)%00%(upstream:track)%00%(upstream:remotename)%00%(upstream:remoteref) refs/heads/sp-work refs/remotes/sp-work [4ms]
2026-03-18 20:02:15.666 [info] > git status -z -uall [26ms]
2026-03-18 20:02:15.669 [info] > git for-each-ref --sort -committerdate --format %(refname)%00%(objectname)%00%(*objectname) [4ms]
2026-03-18 20:02:31.076 [info] > git config --get commit.template [3ms]
2026-03-18 20:02:31.106 [info] > git for-each-ref --format=%(refname)%00%(upstream:short)%00%(objectname)%00%(upstream:track)%00%(upstream:remotename)%00%(upstream:remoteref) refs/heads/sp-work refs/remotes/sp-work [4ms]
2026-03-18 20:02:31.155 [info] > git status -z -uall [24ms]
2026-03-18 20:02:31.158 [info] > git for-each-ref --sort -committerdate --format %(refname)%00%(objectname)%00%(*objectname) [4ms]
2026-03-18 20:02:31.195 [info] > git merge-base refs/heads/sp-work refs/remotes/origin/sp-work [3ms]
2026-03-18 20:02:31.224 [info] > git diff --raw --numstat --diff-filter=ADMR -z --find-renames=50% e67cfe5f09e4bf8e6e69cb6062999abaa8ff5366...refs/remotes/origin/sp-work -- [4ms]
2026-03-18 20:02:31.508 [info] > git check-ignore -v -z --stdin [3ms]
2026-03-18 20:02:32.084 [info] > git config --get commit.template [29ms]
2026-03-18 20:02:32.088 [info] > git for-each-ref --format=%(refname)%00%(upstream:short)%00%(objectname)%00%(upstream:track)%00%(upstream:remotename)%00%(upstream:remoteref) refs/heads/sp-work refs/remotes/sp-work [6ms]
2026-03-18 20:02:32.142 [info] > git status -z -uall [28ms]
2026-03-18 20:02:32.145 [info] > git for-each-ref --sort -committerdate --format %(refname)%00%(objectname)%00%(*objectname) [5ms]
2026-03-18 20:02:32.196 [info] > git ls-files --stage -- frontend/src/pages/Home.js [8ms]
2026-03-18 20:02:32.240 [info] > git cat-file -s 2aa876c03823372aec1e5ba5263fc81b32caa6ec [9ms]
2026-03-18 20:02:32.283 [info] > git show --textconv :frontend/src/pages/Home.js [6ms]
2026-03-18 20:30:27.198 [info] > git config --get commit.template [3ms]
2026-03-18 20:30:27.220 [info] > git for-each-ref --format=%(refname)%00%(upstream:short)%00%(objectname)%00%(upstream:track)%00%(upstream:remotename)%00%(upstream:remoteref) refs/heads/sp-work refs/remotes/sp-work [5ms]
2026-03-18 20:30:27.256 [info] > git status -z -uall [19ms]
2026-03-18 20:30:27.257 [info] > git for-each-ref --sort -committerdate --format %(refname)%00%(objectname)%00%(*objectname) [2ms]
2026-03-18 20:30:27.281 [info] > git merge-base refs/heads/sp-work refs/remotes/origin/sp-work [3ms]
2026-03-18 20:30:27.304 [info] > git diff --raw --numstat --diff-filter=ADMR -z --find-renames=50% 2bea300010a147c19557753a7feb25f06590c8da...refs/remotes/origin/sp-work -- [2ms]
2026-03-18 20:30:28.351 [info] > git ls-files --stage -- frontend/src/pages/Home.js [3ms]
2026-03-18 20:30:28.379 [info] > git cat-file -s 2aa876c03823372aec1e5ba5263fc81b32caa6ec [4ms]
2026-03-18 20:30:28.411 [info] > git show --textconv :frontend/src/pages/Home.js [5ms]
2026-03-18 21:08:11.178 [info] > git check-ignore -v -z --stdin [6ms]
2026-03-18 21:08:12.249 [info] > git config --get commit.template [23ms]
2026-03-18 21:08:12.251 [info] > git for-each-ref --format=%(refname)%00%(upstream:short)%00%(objectname)%00%(upstream:track)%00%(upstream:remotename)%00%(upstream:remoteref) refs/heads/sp-work refs/remotes/sp-work [5ms]
2026-03-18 21:08:12.291 [info] > git status -z -uall [20ms]
2026-03-18 21:08:12.294 [info] > git for-each-ref --sort -committerdate --format %(refname)%00%(objectname)%00%(*objectname) [4ms]
2026-03-18 21:08:12.640 [info] > git check-ignore -v -z --stdin [1ms]
2026-03-18 21:08:44.403 [info] > git config --get commit.template [21ms]
2026-03-18 21:08:44.404 [info] > git for-each-ref --format=%(refname)%00%(upstream:short)%00%(objectname)%00%(upstream:track)%00%(upstream:remotename)%00%(upstream:remoteref) refs/heads/sp-work refs/remotes/sp-work [4ms]
2026-03-18 21:08:44.442 [info] > git status -z -uall [19ms]
2026-03-18 21:08:44.443 [info] > git for-each-ref --sort -committerdate --format %(refname)%00%(objectname)%00%(*objectname) [2ms]
2026-03-18 21:09:39.325 [info] > git config --get commit.template [20ms]
2026-03-18 21:09:39.326 [info] > git for-each-ref --format=%(refname)%00%(upstream:short)%00%(objectname)%00%(upstream:track)%00%(upstream:remotename)%00%(upstream:remoteref) refs/heads/sp-work refs/remotes/sp-work [2ms]
2026-03-18 21:09:39.363 [info] > git status -z -uall [20ms]
2026-03-18 21:09:39.365 [info] > git for-each-ref --sort -committerdate --format %(refname)%00%(objectname)%00%(*objectname) [3ms]
2026-03-18 21:09:49.536 [info] > git check-ignore -v -z --stdin [2ms]
2026-03-18 21:09:50.413 [info] > git config --get commit.template [21ms]
2026-03-18 21:09:50.415 [info] > git for-each-ref --format=%(refname)%00%(upstream:short)%00%(objectname)%00%(upstream:track)%00%(upstream:remotename)%00%(upstream:remoteref) refs/heads/sp-work refs/remotes/sp-work [3ms]
2026-03-18 21:09:50.457 [info] > git status -z -uall [22ms]
2026-03-18 21:09:50.459 [info] > git for-each-ref --sort -committerdate --format %(refname)%00%(objectname)%00%(*objectname) [3ms]
2026-03-18 21:09:50.792 [info] > git check-ignore -v -z --stdin [2ms]
2026-03-18 21:10:32.018 [info] > git check-ignore -v -z --stdin [3ms]
2026-03-18 21:10:33.097 [info] > git config --get commit.template [23ms]
2026-03-18 21:10:33.098 [info] > git for-each-ref --format=%(refname)%00%(upstream:short)%00%(objectname)%00%(upstream:track)%00%(upstream:remotename)%00%(upstream:remoteref) refs/heads/sp-work refs/remotes/sp-work [2ms]
2026-03-18 21:10:33.148 [info] > git status -z -uall [22ms]
2026-03-18 21:10:33.150 [info] > git for-each-ref --sort -committerdate --format %(refname)%00%(objectname)%00%(*objectname) [3ms]
2026-03-18 21:10:33.475 [info] > git check-ignore -v -z --stdin [2ms]
2026-03-18 21:10:38.200 [info] > git config --get commit.template [21ms]
2026-03-18 21:10:38.200 [info] > git for-each-ref --format=%(refname)%00%(upstream:short)%00%(objectname)%00%(upstream:track)%00%(upstream:remotename)%00%(upstream:remoteref) refs/heads/sp-work refs/remotes/sp-work [3ms]
2026-03-18 21:10:38.236 [info] > git status -z -uall [19ms]
2026-03-18 21:10:38.240 [info] > git for-each-ref --sort -committerdate --format %(refname)%00%(objectname)%00%(*objectname) [4ms]
2026-03-18 21:11:03.176 [info] > git config --get commit.template [3ms]
2026-03-18 21:11:03.197 [info] > git for-each-ref --format=%(refname)%00%(upstream:short)%00%(objectname)%00%(upstream:track)%00%(upstream:remotename)%00%(upstream:remoteref) refs/heads/sp-work refs/remotes/sp-work [2ms]
2026-03-18 21:11:03.238 [info] > git status -z -uall [21ms]
2026-03-18 21:11:03.240 [info] > git for-each-ref --sort -committerdate --format %(refname)%00%(objectname)%00%(*objectname) [4ms]
2026-03-18 21:12:00.417 [info] > git config --get commit.template [22ms]
2026-03-18 21:12:00.421 [info] > git for-each-ref --format=%(refname)%00%(upstream:short)%00%(objectname)%00%(upstream:track)%00%(upstream:remotename)%00%(upstream:remoteref) refs/heads/sp-work refs/remotes/sp-work [7ms]
2026-03-18 21:12:00.461 [info] > git status -z -uall [20ms]
2026-03-18 21:12:00.465 [info] > git for-each-ref --sort -committerdate --format %(refname)%00%(objectname)%00%(*objectname) [5ms]
2026-03-18 21:13:07.646 [info] > git config --get commit.template [19ms]
2026-03-18 21:13:07.647 [info] > git for-each-ref --format=%(refname)%00%(upstream:short)%00%(objectname)%00%(upstream:track)%00%(upstream:remotename)%00%(upstream:remoteref) refs/heads/sp-work refs/remotes/sp-work [2ms]
2026-03-18 21:13:07.694 [info] > git status -z -uall [27ms]
2026-03-18 21:13:07.696 [info] > git for-each-ref --sort -committerdate --format %(refname)%00%(objectname)%00%(*objectname) [3ms]
2026-03-18 21:13:46.252 [info] > git blame --root --incremental 2bea300010a147c19557753a7feb25f06590c8da -- frontend/src/pages/Home.js [25ms]
2026-03-18 21:14:09.362 [info] > git config --get commit.template [22ms]
2026-03-18 21:14:09.365 [info] > git for-each-ref --format=%(refname)%00%(upstream:short)%00%(objectname)%00%(upstream:track)%00%(upstream:remotename)%00%(upstream:remoteref) refs/heads/sp-work refs/remotes/sp-work [4ms]
2026-03-18 21:14:09.405 [info] > git status -z -uall [17ms]
2026-03-18 21:14:09.408 [info] > git for-each-ref --sort -committerdate --format %(refname)%00%(objectname)%00%(*objectname) [4ms]
2026-03-18 21:16:13.699 [info] > git check-ignore -v -z --stdin [14ms]
2026-03-18 21:16:14.598 [info] > git config --get commit.template [20ms]
2026-03-18 21:16:14.603 [info] > git for-each-ref --format=%(refname)%00%(upstream:short)%00%(objectname)%00%(upstream:track)%00%(upstream:remotename)%00%(upstream:remoteref) refs/heads/sp-work refs/remotes/sp-work [6ms]
2026-03-18 21:16:14.660 [info] > git status -z -uall [39ms]
2026-03-18 21:16:14.660 [info] > git for-each-ref --sort -committerdate --format %(refname)%00%(objectname)%00%(*objectname) [23ms]
2026-03-18 21:18:26.920 [info] > git config --get commit.template [22ms]
2026-03-18 21:18:26.927 [info] > git for-each-ref --format=%(refname)%00%(upstream:short)%00%(objectname)%00%(upstream:track)%00%(upstream:remotename)%00%(upstream:remoteref) refs/heads/sp-work refs/remotes/sp-work [8ms]
2026-03-18 21:18:26.969 [info] > git status -z -uall [22ms]
2026-03-18 21:18:26.975 [info] > git for-each-ref --sort -committerdate --format %(refname)%00%(objectname)%00%(*objectname) [8ms]
2026-03-18 21:18:44.262 [info] > git config --get commit.template [20ms]
2026-03-18 21:18:44.269 [info] > git for-each-ref --format=%(refname)%00%(upstream:short)%00%(objectname)%00%(upstream:track)%00%(upstream:remotename)%00%(upstream:remoteref) refs/heads/sp-work refs/remotes/sp-work [8ms]
2026-03-18 21:18:44.307 [info] > git status -z -uall [18ms]
2026-03-18 21:18:44.310 [info] > git for-each-ref --sort -committerdate --format %(refname)%00%(objectname)%00%(*objectname) [4ms]
2026-03-18 21:18:49.357 [info] > git config --get commit.template [19ms]
2026-03-18 21:18:49.358 [info] > git for-each-ref --format=%(refname)%00%(upstream:short)%00%(objectname)%00%(upstream:track)%00%(upstream:remotename)%00%(upstream:remoteref) refs/heads/sp-work refs/remotes/sp-work [3ms]
2026-03-18 21:18:49.393 [info] > git status -z -uall [19ms]
2026-03-18 21:18:49.396 [info] > git for-each-ref --sort -committerdate --format %(refname)%00%(objectname)%00%(*objectname) [4ms]
2026-03-18 21:19:01.013 [info] > git config --get commit.template [19ms]
2026-03-18 21:19:01.016 [info] > git for-each-ref --format=%(refname)%00%(upstream:short)%00%(objectname)%00%(upstream:track)%00%(upstream:remotename)%00%(upstream:remoteref) refs/heads/sp-work refs/remotes/sp-work [4ms]
2026-03-18 21:19:01.054 [info] > git status -z -uall [19ms]
2026-03-18 21:19:01.056 [info] > git for-each-ref --sort -committerdate --format %(refname)%00%(objectname)%00%(*objectname) [3ms]
2026-03-18 21:19:06.100 [info] > git config --get commit.template [20ms]
2026-03-18 21:19:06.107 [info] > git for-each-ref --format=%(refname)%00%(upstream:short)%00%(objectname)%00%(upstream:track)%00%(upstream:remotename)%00%(upstream:remoteref) refs/heads/sp-work refs/remotes/sp-work [8ms]
2026-03-18 21:19:06.144 [info] > git status -z -uall [17ms]
2026-03-18 21:19:06.147 [info] > git for-each-ref --sort -committerdate --format %(refname)%00%(objectname)%00%(*objectname) [4ms]
2026-03-18 21:19:28.063 [info] > git check-ignore -v -z --stdin [17ms]
2026-03-18 21:19:29.751 [info] > git config --get commit.template [18ms]
2026-03-18 21:19:29.756 [info] > git for-each-ref --format=%(refname)%00%(upstream:short)%00%(objectname)%00%(upstream:track)%00%(upstream:remotename)%00%(upstream:remoteref) refs/heads/sp-work refs/remotes/sp-work [6ms]
2026-03-18 21:19:29.794 [info] > git status -z -uall [19ms]
2026-03-18 21:19:29.796 [info] > git for-each-ref --sort -committerdate --format %(refname)%00%(objectname)%00%(*objectname) [4ms]
2026-03-18 21:19:32.141 [info] > git config --get commit.template [3ms]
2026-03-18 21:19:32.166 [info] > git for-each-ref --format=%(refname)%00%(upstream:short)%00%(objectname)%00%(upstream:track)%00%(upstream:remotename)%00%(upstream:remoteref) refs/heads/sp-work refs/remotes/sp-work [2ms]
2026-03-18 21:19:32.200 [info] > git status -z -uall [17ms]
2026-03-18 21:19:32.201 [info] > git for-each-ref --sort -committerdate --format %(refname)%00%(objectname)%00%(*objectname) [2ms]
2026-03-18 21:19:35.870 [info] > git config --get commit.template [3ms]
2026-03-18 21:19:35.895 [info] > git for-each-ref --format=%(refname)%00%(upstream:short)%00%(objectname)%00%(upstream:track)%00%(upstream:remotename)%00%(upstream:remoteref) refs/heads/sp-work refs/remotes/sp-work [3ms]
2026-03-18 21:19:35.931 [info] > git status -z -uall [18ms]
2026-03-18 21:19:35.933 [info] > git for-each-ref --sort -committerdate --format %(refname)%00%(objectname)%00%(*objectname) [3ms]
2026-03-18 21:19:36.261 [info] > git check-ignore -v -z --stdin [2ms]
2026-03-18 21:19:36.306 [info] > git show --textconv HEAD:frontend/src/pages/Home.js [24ms]
2026-03-18 21:19:36.307 [info] > git ls-tree -l HEAD -- frontend/src/pages/Home.js [3ms]
2026-03-18 21:19:37.049 [info] > git ls-files --stage -- frontend/src/pages/Home.js [25ms]
2026-03-18 21:19:37.093 [info] > git cat-file -s 5fd43f2e33944f943aabcba77e0f202b4b0c426a [23ms]
2026-03-18 21:19:37.094 [info] > git ls-tree -l HEAD -- frontend/src/pages/Home.js [47ms]
2026-03-18 21:19:37.135 [info] > git show --textconv :frontend/src/pages/Home.js [20ms]
2026-03-18 21:19:37.137 [info] > git show --textconv HEAD:frontend/src/pages/Home.js [3ms]
2026-03-18 21:19:37.370 [info] > git check-ignore -v -z --stdin [3ms]
2026-03-18 21:20:11.064 [info] > git config --get commit.template [2ms]
2026-03-18 21:20:11.086 [info] > git for-each-ref --format=%(refname)%00%(upstream:short)%00%(objectname)%00%(upstream:track)%00%(upstream:remotename)%00%(upstream:remoteref) refs/heads/sp-work refs/remotes/sp-work [5ms]
2026-03-18 21:20:11.122 [info] > git status -z -uall [20ms]
2026-03-18 21:20:11.123 [info] > git for-each-ref --sort -committerdate --format %(refname)%00%(objectname)%00%(*objectname) [3ms]
2026-03-18 21:20:11.167 [info] > git merge-base refs/heads/sp-work refs/remotes/origin/sp-work [8ms]
2026-03-18 21:20:11.183 [info] > git blame --root --incremental 221ce49dfcdbd68e386efa589cd7a09f005c8fde -- frontend/src/pages/Home.js [43ms]
2026-03-18 21:20:11.186 [info] > git diff --raw --numstat --diff-filter=ADMR -z --find-renames=50% 2bea300010a147c19557753a7feb25f06590c8da...refs/remotes/origin/sp-work -- [3ms]
2026-03-18 21:20:11.445 [info] > git check-ignore -v -z --stdin [2ms]
2026-03-18 21:20:12.206 [info] > git ls-files --stage -- frontend/src/pages/Home.js [2ms]
2026-03-18 21:20:12.228 [info] > git cat-file -s 5fd43f2e33944f943aabcba77e0f202b4b0c426a [4ms]
2026-03-18 21:20:12.250 [info] > git show --textconv :frontend/src/pages/Home.js [3ms]
2026-03-18 21:20:20.088 [info] > git config --get commit.template [2ms]
2026-03-18 21:20:20.110 [info] > git for-each-ref --format=%(refname)%00%(upstream:short)%00%(objectname)%00%(upstream:track)%00%(upstream:remotename)%00%(upstream:remoteref) refs/heads/sp-work refs/remotes/sp-work [2ms]
2026-03-18 21:20:20.145 [info] > git status -z -uall [18ms]
2026-03-18 21:20:20.147 [info] > git for-each-ref --sort -committerdate --format %(refname)%00%(objectname)%00%(*objectname) [3ms]
2026-03-18 21:20:20.169 [info] > git merge-base refs/heads/sp-work refs/remotes/origin/sp-work [3ms]
2026-03-18 21:20:20.187 [info] > git diff --raw --numstat --diff-filter=ADMR -z --find-renames=50% 221ce49dfcdbd68e386efa589cd7a09f005c8fde...refs/remotes/origin/sp-work -- [3ms]
2026-03-18 21:20:21.218 [info] > git ls-files --stage -- frontend/src/pages/Home.js [3ms]
2026-03-18 21:20:21.235 [info] > git cat-file -s 5fd43f2e33944f943aabcba77e0f202b4b0c426a [2ms]
2026-03-18 21:20:21.258 [info] > git show --textconv :frontend/src/pages/Home.js [5ms]
2026-03-18 21:20:29.582 [info] > git config --get commit.template [19ms]
2026-03-18 21:20:29.584 [info] > git for-each-ref --format=%(refname)%00%(upstream:short)%00%(objectname)%00%(upstream:track)%00%(upstream:remotename)%00%(upstream:remoteref) refs/heads/sp-work refs/remotes/sp-work [3ms]
2026-03-18 21:20:29.619 [info] > git status -z -uall [18ms]
2026-03-18 21:20:29.620 [info] > git for-each-ref --sort -committerdate --format %(refname)%00%(objectname)%00%(*objectname) [2ms]
2026-03-18 21:20:30.491 [info] > git config --get commit.template [23ms]
2026-03-18 21:20:30.493 [info] > git for-each-ref --format=%(refname)%00%(upstream:short)%00%(objectname)%00%(upstream:track)%00%(upstream:remotename)%00%(upstream:remoteref) refs/heads/sp-work refs/remotes/sp-work [3ms]
2026-03-18 21:20:30.533 [info] > git status -z -uall [17ms]
2026-03-18 21:20:30.534 [info] > git for-each-ref --sort -committerdate --format %(refname)%00%(objectname)%00%(*objectname) [2ms]
2026-03-18 21:20:42.443 [info] > git for-each-ref --format=%(refname)%00%(upstream:short)%00%(objectname)%00%(upstream:track)%00%(upstream:remotename)%00%(upstream:remoteref) refs/heads/sp-work refs/remotes/sp-work [15ms]
2026-03-18 21:20:42.443 [info] > git config --get commit.template [30ms]
2026-03-18 21:20:42.480 [info] > git status -z -uall [19ms]
2026-03-18 21:20:42.482 [info] > git for-each-ref --sort -committerdate --format %(refname)%00%(objectname)%00%(*objectname) [3ms]
2026-03-18 21:20:42.528 [info] > git ls-files --stage -- frontend/src/pages/Home.js [2ms]
2026-03-18 21:20:42.546 [info] > git cat-file -s 5fd43f2e33944f943aabcba77e0f202b4b0c426a [2ms]
2026-03-18 21:20:42.582 [info] > git show --textconv :frontend/src/pages/Home.js [5ms]
2026-03-18 21:20:48.573 [info] > git config --get commit.template [22ms]
2026-03-18 21:20:48.600 [info] > git for-each-ref --format=%(refname)%00%(upstream:short)%00%(objectname)%00%(upstream:track)%00%(upstream:remotename)%00%(upstream:remoteref) refs/heads/sp-work refs/remotes/sp-work [29ms]
2026-03-18 21:20:48.636 [info] > git status -z -uall [16ms]
2026-03-18 21:20:48.651 [info] > git for-each-ref --sort -committerdate --format %(refname)%00%(objectname)%00%(*objectname) [16ms]
2026-03-18 21:20:48.654 [info] > git ls-files --stage -- frontend/src/pages/Home.js [3ms]
2026-03-18 21:20:48.671 [info] > git cat-file -s 5fd43f2e33944f943aabcba77e0f202b4b0c426a [2ms]
2026-03-18 21:20:48.751 [info] > git show --textconv :frontend/src/pages/Home.js [45ms]
