2026-03-05 19:11:33.186 [info] Reading sessions from keychain...
2026-03-05 19:11:33.187 [info] Getting sessions for all scopes...
2026-03-05 19:11:33.187 [info] Got 0 sessions for ...
2026-03-05 19:11:33.187 [info] Getting sessions for all scopes...
2026-03-05 19:11:33.187 [info] Got 0 sessions for ...
2026-03-05 19:11:33.187 [info] Getting sessions for all scopes...
2026-03-05 19:11:33.187 [info] Got 0 sessions for ...
2026-03-05 19:11:33.187 [info] Getting sessions for all scopes...
2026-03-05 19:11:33.187 [info] Got 0 sessions for ...
2026-03-05 19:11:33.232 [info] Getting sessions for all scopes...
2026-03-05 19:11:33.232 [info] Got 0 sessions for ...
2026-03-05 19:11:35.091 [info] Getting sessions for all scopes...
2026-03-05 19:11:35.091 [info] Got 0 sessions for ...
2026-03-05 19:11:47.841 [info] Reading sessions from keychain...
2026-03-05 19:11:47.851 [info] Getting sessions for all scopes...
2026-03-05 19:11:47.871 [info] Got 0 sessions for ...
2026-03-05 19:11:47.872 [info] Getting sessions for all scopes...
2026-03-05 19:11:47.872 [info] Got 0 sessions for ...
2026-03-05 19:11:47.872 [info] Getting sessions for all scopes...
2026-03-05 19:11:47.872 [info] Got 0 sessions for ...
2026-03-05 19:11:47.950 [info] Getting sessions for all scopes...
2026-03-05 19:11:47.950 [info] Got 0 sessions for ...
2026-03-05 19:11:49.030 [info] Getting sessions for all scopes...
2026-03-05 19:11:49.030 [info] Got 0 sessions for ...
2026-03-05 19:11:51.223 [info] Getting sessions for read:user,repo,user:email,workflow...
2026-03-05 19:11:51.223 [info] Got 0 sessions for read:user,repo,user:email,workflow...
