2026-03-18 16:46:13.015 [info] Reading sessions from keychain...
2026-03-18 16:46:13.015 [info] Getting sessions for all scopes...
2026-03-18 16:46:13.124 [info] Got stored sessions!
2026-03-18 16:46:13.124 [info] Got 1 verified sessions.
2026-03-18 16:46:13.124 [info] Got 1 sessions for ...
2026-03-18 16:46:13.124 [info] Getting sessions for all scopes...
2026-03-18 16:46:13.124 [info] Got 1 sessions for ...
2026-03-18 16:46:13.125 [info] Getting sessions for all scopes...
2026-03-18 16:46:13.125 [info] Got 1 sessions for ...
2026-03-18 16:46:13.125 [info] Getting sessions for all scopes...
2026-03-18 16:46:13.125 [info] Got 1 sessions for ...
2026-03-18 16:46:13.438 [info] Getting sessions for all scopes...
2026-03-18 16:46:13.438 [info] Got 1 sessions for ...
2026-03-18 16:46:13.438 [info] Getting sessions for all scopes...
2026-03-18 16:46:13.438 [info] Got 1 sessions for ...
2026-03-18 16:46:13.504 [info] Getting sessions for all scopes...
2026-03-18 16:46:13.505 [info] Got 1 sessions for ...
2026-03-18 16:46:13.790 [info] Getting sessions for read:user,repo,user:email,workflow...
2026-03-18 16:46:13.790 [info] Got 1 sessions for read:user,repo,user:email,workflow...
2026-03-18 16:46:14.885 [info] Getting sessions for all scopes...
2026-03-18 16:46:14.885 [info] Got 1 sessions for ...
2026-03-18 16:46:14.886 [info] Getting sessions for all scopes...
2026-03-18 16:46:14.886 [info] Got 1 sessions for ...
2026-03-18 16:46:14.887 [info] Getting sessions for all scopes...
2026-03-18 16:46:14.887 [info] Got 1 sessions for ...
2026-03-18 16:46:14.892 [info] Getting sessions for all scopes...
2026-03-18 16:46:14.893 [info] Got 1 sessions for ...
2026-03-18 16:46:15.385 [info] FetcherService: Electron fetch failed with status: 429 
2026-03-18 16:46:15.387 [info] Unable to resolve optional EDU details. Status: 429 
2026-03-18 16:46:15.409 [info] Getting sessions for read:user,repo,user:email,workflow...
2026-03-18 16:46:15.409 [info] Got 1 sessions for read:user,repo,user:email,workflow...
2026-03-18 16:46:15.600 [info] Getting sessions for read:user,repo,user:email,workflow...
2026-03-18 16:46:15.600 [info] Got 1 sessions for read:user,repo,user:email,workflow...
2026-03-18 16:46:15.600 [info] Getting sessions for all scopes...
2026-03-18 16:46:15.600 [info] Got 1 sessions for ...
2026-03-18 16:46:15.739 [info] Getting sessions for read:user,repo,user:email,workflow...
2026-03-18 16:46:15.739 [info] Got 1 sessions for read:user,repo,user:email,workflow...
2026-03-18 16:46:16.151 [info] Getting sessions for all scopes...
2026-03-18 16:46:16.152 [info] Got 1 sessions for ...
2026-03-18 16:46:16.152 [info] Getting sessions for all scopes...
2026-03-18 16:46:16.152 [info] Got 1 sessions for ...
2026-03-18 16:46:16.249 [info] Getting sessions for read:user,repo,user:email,workflow...
2026-03-18 16:46:16.249 [info] Got 1 sessions for read:user,repo,user:email,workflow...
2026-03-18 16:46:16.516 [info] Getting sessions for all scopes...
2026-03-18 16:46:16.516 [info] Got 1 sessions for ...
2026-03-18 16:46:16.516 [info] Getting sessions for all scopes...
2026-03-18 16:46:16.516 [info] Got 1 sessions for ...
2026-03-18 16:46:16.598 [info] Getting sessions for read:user,repo,user:email,workflow...
2026-03-18 16:46:16.598 [info] Got 1 sessions for read:user,repo,user:email,workflow...
2026-03-18 16:46:16.631 [info] Getting sessions for all scopes...
2026-03-18 16:46:16.631 [info] Got 1 sessions for ...
2026-03-18 16:46:16.632 [info] Getting sessions for read:user,repo,user:email,workflow...
2026-03-18 16:46:16.632 [info] Got 1 sessions for read:user,repo,user:email,workflow...
2026-03-18 16:46:16.943 [info] Getting sessions for all scopes...
2026-03-18 16:46:16.943 [info] Got 1 sessions for ...
2026-03-18 16:46:16.945 [info] Getting sessions for all scopes...
2026-03-18 16:46:16.945 [info] Got 1 sessions for ...
2026-03-18 16:46:16.982 [info] Getting sessions for all scopes...
2026-03-18 16:46:16.982 [info] Got 1 sessions for ...
2026-03-18 16:46:16.984 [info] Getting sessions for read:user,repo,user:email,workflow...
2026-03-18 16:46:16.984 [info] Got 1 sessions for read:user,repo,user:email,workflow...
2026-03-18 16:50:58.267 [info] Getting sessions for all scopes...
2026-03-18 16:50:58.267 [info] Got 1 sessions for ...
2026-03-18 16:50:58.268 [info] Getting sessions for all scopes...
2026-03-18 16:50:58.268 [info] Got 1 sessions for ...
2026-03-18 16:50:59.752 [info] Getting sessions for all scopes...
2026-03-18 16:50:59.752 [info] Got 1 sessions for ...
2026-03-18 16:50:59.754 [info] Getting sessions for read:user,repo,user:email,workflow...
2026-03-18 16:50:59.754 [info] Got 1 sessions for read:user,repo,user:email,workflow...
2026-03-18 16:52:24.217 [info] Getting sessions for all scopes...
2026-03-18 16:52:24.218 [info] Got 1 sessions for ...
2026-03-18 16:52:24.218 [info] Getting sessions for all scopes...
2026-03-18 16:52:24.218 [info] Got 1 sessions for ...
2026-03-18 16:56:29.094 [info] Getting sessions for all scopes...
2026-03-18 16:56:29.094 [info] Got 1 sessions for ...
2026-03-18 16:56:29.095 [info] Getting sessions for all scopes...
2026-03-18 16:56:29.095 [info] Got 1 sessions for ...
2026-03-18 16:56:54.032 [info] Getting sessions for all scopes...
2026-03-18 16:56:54.033 [info] Got 1 sessions for ...
2026-03-18 16:56:54.033 [info] Getting sessions for all scopes...
2026-03-18 16:56:54.033 [info] Got 1 sessions for ...
2026-03-18 16:58:41.801 [info] Reading sessions from keychain...
2026-03-18 16:58:41.801 [info] Got stored sessions!
2026-03-18 16:58:41.801 [info] Got 1 verified sessions.
2026-03-18 16:58:41.801 [info] Getting sessions for all scopes...
2026-03-18 16:58:41.801 [info] Got 1 sessions for ...
2026-03-18 16:58:41.801 [info] Getting sessions for all scopes...
2026-03-18 16:58:41.801 [info] Got 1 sessions for ...
2026-03-18 16:58:41.801 [info] Getting sessions for all scopes...
2026-03-18 16:58:41.801 [info] Got 1 sessions for ...
2026-03-18 16:58:41.801 [info] Getting sessions for all scopes...
2026-03-18 16:58:41.801 [info] Got 1 sessions for ...
2026-03-18 16:58:41.801 [info] Getting sessions for all scopes...
2026-03-18 16:58:41.801 [info] Got 1 sessions for ...
2026-03-18 16:58:41.801 [info] Getting sessions for all scopes...
2026-03-18 16:58:41.801 [info] Got 1 sessions for ...
2026-03-18 16:58:41.801 [info] Getting sessions for all scopes...
2026-03-18 16:58:41.801 [info] Got 1 sessions for ...
2026-03-18 16:58:41.971 [info] Getting sessions for read:user,repo,user:email,workflow...
2026-03-18 16:58:41.972 [info] Got 1 sessions for read:user,repo,user:email,workflow...
2026-03-18 16:58:43.186 [info] Getting sessions for all scopes...
2026-03-18 16:58:43.186 [info] Got 1 sessions for ...
2026-03-18 16:58:43.186 [info] Getting sessions for all scopes...
2026-03-18 16:58:43.186 [info] Got 1 sessions for ...
2026-03-18 16:58:43.186 [info] Getting sessions for all scopes...
2026-03-18 16:58:43.186 [info] Got 1 sessions for ...
2026-03-18 16:58:43.740 [info] FetcherService: Electron fetch failed with status: 429 
2026-03-18 16:58:43.743 [info] Unable to resolve optional EDU details. Status: 429 
2026-03-18 16:58:43.773 [info] Getting sessions for read:user,repo,user:email,workflow...
2026-03-18 16:58:43.773 [info] Got 1 sessions for read:user,repo,user:email,workflow...
2026-03-18 16:58:43.793 [info] Getting sessions for read:user,repo,user:email,workflow...
2026-03-18 16:58:43.793 [info] Got 1 sessions for read:user,repo,user:email,workflow...
2026-03-18 16:58:44.916 [info] Getting sessions for all scopes...
2026-03-18 16:58:44.916 [info] Got 1 sessions for ...
2026-03-18 16:58:44.916 [info] Getting sessions for all scopes...
2026-03-18 16:58:44.916 [info] Got 1 sessions for ...
2026-03-18 16:58:44.959 [info] Getting sessions for read:user,repo,user:email,workflow...
2026-03-18 16:58:44.959 [info] Got 1 sessions for read:user,repo,user:email,workflow...
2026-03-18 16:58:45.157 [info] Getting sessions for all scopes...
2026-03-18 16:58:45.157 [info] Got 1 sessions for ...
2026-03-18 16:58:45.158 [info] Getting sessions for all scopes...
2026-03-18 16:58:45.158 [info] Got 1 sessions for ...
2026-03-18 16:58:45.210 [info] Getting sessions for read:user,repo,user:email,workflow...
2026-03-18 16:58:45.210 [info] Got 1 sessions for read:user,repo,user:email,workflow...
2026-03-18 16:58:45.211 [info] Getting sessions for all scopes...
2026-03-18 16:58:45.211 [info] Got 1 sessions for ...
2026-03-18 16:58:45.223 [info] Getting sessions for all scopes...
2026-03-18 16:58:45.223 [info] Got 1 sessions for ...
2026-03-18 16:58:45.686 [info] Getting sessions for all scopes...
2026-03-18 16:58:45.686 [info] Got 1 sessions for ...
2026-03-18 16:58:45.705 [info] Getting sessions for read:user,repo,user:email,workflow...
2026-03-18 16:58:45.705 [info] Got 1 sessions for read:user,repo,user:email,workflow...
2026-03-18 16:58:47.987 [info] Getting sessions for all scopes...
2026-03-18 16:58:47.988 [info] Got 1 sessions for ...
2026-03-18 16:58:47.995 [info] Getting sessions for all scopes...
2026-03-18 16:58:47.995 [info] Got 1 sessions for ...
2026-03-18 16:59:35.758 [info] Getting sessions for all scopes...
2026-03-18 16:59:35.758 [info] Got 1 sessions for ...
2026-03-18 16:59:35.759 [info] Getting sessions for all scopes...
2026-03-18 16:59:35.759 [info] Got 1 sessions for ...
2026-03-18 17:00:45.222 [info] Getting sessions for all scopes...
2026-03-18 17:00:45.222 [info] Got 1 sessions for ...
2026-03-18 17:00:45.224 [info] Getting sessions for all scopes...
2026-03-18 17:00:45.224 [info] Got 1 sessions for ...
2026-03-18 17:03:24.411 [info] Getting sessions for all scopes...
2026-03-18 17:03:24.411 [info] Got 1 sessions for ...
2026-03-18 17:03:24.412 [info] Getting sessions for all scopes...
2026-03-18 17:03:24.412 [info] Got 1 sessions for ...
2026-03-18 17:03:31.003 [info] Getting sessions for all scopes...
2026-03-18 17:03:31.003 [info] Got 1 sessions for ...
2026-03-18 17:03:31.003 [info] Getting sessions for all scopes...
2026-03-18 17:03:31.003 [info] Got 1 sessions for ...
2026-03-18 17:03:32.682 [info] Getting sessions for all scopes...
2026-03-18 17:03:32.683 [info] Got 1 sessions for ...
2026-03-18 17:03:32.686 [info] Getting sessions for read:user,repo,user:email,workflow...
2026-03-18 17:03:32.686 [info] Got 1 sessions for read:user,repo,user:email,workflow...
2026-03-18 17:03:40.903 [info] Getting sessions for all scopes...
2026-03-18 17:03:40.903 [info] Got 1 sessions for ...
2026-03-18 17:03:40.920 [info] Getting sessions for all scopes...
2026-03-18 17:03:40.920 [info] Got 1 sessions for ...
2026-03-18 17:04:19.651 [info] Getting sessions for all scopes...
2026-03-18 17:04:19.651 [info] Got 1 sessions for ...
2026-03-18 17:04:19.653 [info] Getting sessions for all scopes...
2026-03-18 17:04:19.653 [info] Got 1 sessions for ...
2026-03-18 17:04:23.750 [info] Getting sessions for all scopes...
2026-03-18 17:04:23.750 [info] Got 1 sessions for ...
2026-03-18 17:04:23.751 [info] Getting sessions for all scopes...
2026-03-18 17:04:23.751 [info] Got 1 sessions for ...
2026-03-18 17:05:43.808 [info] Getting sessions for all scopes...
2026-03-18 17:05:43.808 [info] Got 1 sessions for ...
2026-03-18 17:05:43.809 [info] Getting sessions for all scopes...
2026-03-18 17:05:43.809 [info] Got 1 sessions for ...
2026-03-18 17:06:12.914 [info] Getting sessions for all scopes...
2026-03-18 17:06:12.914 [info] Got 1 sessions for ...
2026-03-18 17:06:12.915 [info] Getting sessions for all scopes...
2026-03-18 17:06:12.915 [info] Got 1 sessions for ...
2026-03-18 17:06:41.224 [info] Getting sessions for all scopes...
2026-03-18 17:06:41.225 [info] Got 1 sessions for ...
2026-03-18 17:06:41.229 [info] Getting sessions for all scopes...
2026-03-18 17:06:41.229 [info] Got 1 sessions for ...
2026-03-18 17:06:42.442 [info] Getting sessions for all scopes...
2026-03-18 17:06:42.442 [info] Got 1 sessions for ...
2026-03-18 17:06:42.444 [info] Getting sessions for all scopes...
2026-03-18 17:06:42.444 [info] Got 1 sessions for ...
2026-03-18 17:06:51.321 [info] Getting sessions for all scopes...
2026-03-18 17:06:51.321 [info] Got 1 sessions for ...
2026-03-18 17:06:51.323 [info] Getting sessions for all scopes...
2026-03-18 17:06:51.323 [info] Got 1 sessions for ...
2026-03-18 17:06:54.504 [info] Getting sessions for all scopes...
2026-03-18 17:06:54.504 [info] Got 1 sessions for ...
2026-03-18 17:06:54.506 [info] Getting sessions for all scopes...
2026-03-18 17:06:54.506 [info] Got 1 sessions for ...
2026-03-18 17:07:40.596 [info] Getting sessions for all scopes...
2026-03-18 17:07:40.597 [info] Got 1 sessions for ...
2026-03-18 17:07:40.598 [info] Getting sessions for all scopes...
2026-03-18 17:07:40.598 [info] Got 1 sessions for ...
2026-03-18 17:07:41.136 [info] Getting sessions for all scopes...
2026-03-18 17:07:41.136 [info] Got 1 sessions for ...
2026-03-18 17:07:41.139 [info] Getting sessions for all scopes...
2026-03-18 17:07:41.139 [info] Got 1 sessions for ...
2026-03-18 17:07:49.208 [info] Getting sessions for all scopes...
2026-03-18 17:07:49.208 [info] Got 1 sessions for ...
2026-03-18 17:07:49.216 [info] Getting sessions for all scopes...
2026-03-18 17:07:49.216 [info] Got 1 sessions for ...
2026-03-18 17:11:47.395 [info] Getting sessions for all scopes...
2026-03-18 17:11:47.396 [info] Got 1 sessions for ...
2026-03-18 17:11:47.400 [info] Getting sessions for all scopes...
2026-03-18 17:11:47.400 [info] Got 1 sessions for ...
2026-03-18 17:11:51.111 [info] Getting sessions for all scopes...
2026-03-18 17:11:51.111 [info] Got 1 sessions for ...
2026-03-18 17:11:51.112 [info] Getting sessions for all scopes...
2026-03-18 17:11:51.112 [info] Got 1 sessions for ...
2026-03-18 17:11:56.027 [info] Getting sessions for all scopes...
2026-03-18 17:11:56.027 [info] Got 1 sessions for ...
2026-03-18 17:11:56.028 [info] Getting sessions for all scopes...
2026-03-18 17:11:56.028 [info] Got 1 sessions for ...
2026-03-18 17:12:00.642 [info] Getting sessions for all scopes...
2026-03-18 17:12:00.642 [info] Got 1 sessions for ...
2026-03-18 17:12:00.643 [info] Getting sessions for all scopes...
2026-03-18 17:12:00.643 [info] Got 1 sessions for ...
2026-03-18 17:12:13.865 [info] Getting sessions for all scopes...
2026-03-18 17:12:13.865 [info] Got 1 sessions for ...
2026-03-18 17:12:13.869 [info] Getting sessions for all scopes...
2026-03-18 17:12:13.869 [info] Got 1 sessions for ...
2026-03-18 17:29:47.238 [info] Getting sessions for all scopes...
2026-03-18 17:29:47.238 [info] Got 1 sessions for ...
2026-03-18 17:29:47.257 [info] Getting sessions for all scopes...
2026-03-18 17:29:47.257 [info] Got 1 sessions for ...
2026-03-18 17:29:48.288 [info] Getting sessions for all scopes...
2026-03-18 17:29:48.288 [info] Got 1 sessions for ...
2026-03-18 17:29:48.290 [info] Getting sessions for read:user,repo,user:email,workflow...
2026-03-18 17:29:48.291 [info] Got 1 sessions for read:user,repo,user:email,workflow...
