2026-03-18 16:46:13.803 [info] [main] Log level: Info
2026-03-18 16:46:13.803 [info] [main] Validating found git in: "git"
2026-03-18 16:46:13.803 [info] [main] Using git "2.53.0" from "git"
2026-03-18 16:46:13.803 [info] [Model][doInitialScan] Initial repository scan started
2026-03-18 16:46:13.803 [info] > git rev-parse --show-toplevel [17ms]
2026-03-18 16:46:13.803 [info] > git rev-parse --git-dir --git-common-dir --show-superproject-working-tree [4ms]
2026-03-18 16:46:13.861 [info] [Model][openRepository] Opened repository (path): /home/assassin/Downloads/VSCode
2026-03-18 16:46:13.861 [info] [Model][openRepository] Opened repository (real path): /home/assassin/Downloads/VSCode
2026-03-18 16:46:13.861 [info] [Model][openRepository] Opened repository (kind): repository
2026-03-18 16:46:14.085 [info] > git rev-parse --show-toplevel [199ms]
2026-03-18 16:46:14.085 [info] > git config --get commit.template [210ms]
2026-03-18 16:46:14.134 [info] [Git][getRemotes] No remotes found in the git config file
2026-03-18 16:46:14.138 [info] > git for-each-ref --format=%(refname)%00%(upstream:short)%00%(objectname)%00%(upstream:track)%00%(upstream:remotename)%00%(upstream:remoteref) refs/heads/master refs/remotes/master [4ms]
2026-03-18 16:46:14.162 [info] > git rev-parse --git-dir --git-common-dir --show-superproject-working-tree [40ms]
2026-03-18 16:46:14.169 [info] > git status -z -uall [20ms]
2026-03-18 16:46:14.169 [info] > git for-each-ref --sort -committerdate --format %(refname)%00%(objectname)%00%(*objectname) [8ms]
2026-03-18 16:46:14.214 [info] > git for-each-ref --format=%(refname)%00%(upstream:short)%00%(objectname)%00%(upstream:track)%00%(upstream:remotename)%00%(upstream:remoteref) refs/heads/master refs/remotes/master [24ms]
2026-03-18 16:46:14.229 [info] > git config --get --local branch.master.vscode-merge-base [4ms]
2026-03-18 16:46:14.229 [warning] [Git][config] git config failed: Failed to execute git
2026-03-18 16:46:14.238 [info] > git config --get commit.template [26ms]
2026-03-18 16:46:14.245 [info] > git reflog master --grep-reflog=branch: Created from *. [7ms]
2026-03-18 16:46:14.260 [info] [Git][getRemotes] No remotes found in the git config file
2026-03-18 16:46:14.427 [info] > git for-each-ref --format=%(refname)%00%(upstream:short)%00%(objectname)%00%(upstream:track)%00%(upstream:remotename)%00%(upstream:remoteref) refs/heads/master refs/remotes/master [168ms]
2026-03-18 16:46:14.459 [info] [Model][openRepository] Opened repository (path): /home/assassin/Downloads/VSCode/branch
2026-03-18 16:46:14.459 [info] [Model][openRepository] Opened repository (real path): /home/assassin/Downloads/VSCode/branch
2026-03-18 16:46:14.459 [info] [Model][openRepository] Opened repository (kind): submodule
2026-03-18 16:46:14.492 [info] > git status -z -uall [55ms]
2026-03-18 16:46:14.492 [info] > git for-each-ref --sort -committerdate --format %(refname)%00%(objectname)%00%(*objectname) [44ms]
2026-03-18 16:46:14.865 [info] > git rev-parse --show-toplevel [374ms]
2026-03-18 16:46:14.868 [info] [Model][doInitialScan] Initial repository scan completed - repositories (2), closed repositories (0), parent repositories (0), unsafe repositories (0)
2026-03-18 16:46:14.869 [info] > git config --get commit.template [390ms]
2026-03-18 16:46:15.381 [info] > git check-ignore -v -z --stdin [501ms]
2026-03-18 16:46:15.391 [info] > git for-each-ref --format=%(refname)%00%(upstream:short)%00%(objectname)%00%(upstream:track)%00%(upstream:remotename)%00%(upstream:remoteref) refs/heads/main refs/remotes/main [479ms]
2026-03-18 16:46:15.410 [info] > git check-ignore -v -z --stdin [9ms]
2026-03-18 16:46:15.458 [info] > git status -z -uall [12ms]
2026-03-18 16:46:15.472 [info] > git for-each-ref --sort -committerdate --format %(refname)%00%(objectname)%00%(*objectname) [15ms]
2026-03-18 16:46:15.561 [info] > git for-each-ref --format=%(refname)%00%(upstream:short)%00%(objectname)%00%(upstream:track)%00%(upstream:remotename)%00%(upstream:remoteref) refs/heads/main refs/remotes/main [72ms]
2026-03-18 16:46:15.586 [info] > git config --get --local branch.main.vscode-merge-base [15ms]
2026-03-18 16:46:15.597 [info] > git config --get commit.template [42ms]
2026-03-18 16:46:15.656 [info] > git for-each-ref --format=%(refname)%00%(upstream:short)%00%(objectname)%00%(upstream:track)%00%(upstream:remotename)%00%(upstream:remoteref) refs/heads/origin/main refs/remotes/origin/main [59ms]
2026-03-18 16:46:15.671 [info] > git merge-base refs/heads/main refs/remotes/origin/main [4ms]
2026-03-18 16:46:15.681 [info] > git for-each-ref --format=%(refname)%00%(upstream:short)%00%(objectname)%00%(upstream:track)%00%(upstream:remotename)%00%(upstream:remoteref) refs/heads/main refs/remotes/main [26ms]
2026-03-18 16:46:15.738 [info] > git diff --raw --numstat --diff-filter=ADMR -z --find-renames=50% 75fc70f792de6e11354ffb07ea087292562f2160...refs/remotes/origin/main -- [57ms]
2026-03-18 16:46:15.769 [info] > git status -z -uall [15ms]
2026-03-18 16:46:15.769 [info] > git for-each-ref --sort -committerdate --format %(refname)%00%(objectname)%00%(*objectname) [5ms]
2026-03-18 16:46:16.452 [info] > git config --get commit.template [45ms]
2026-03-18 16:46:16.452 [info] > git config --get commit.template [60ms]
2026-03-18 16:46:16.548 [info] [Git][getRemotes] No remotes found in the git config file
2026-03-18 16:46:16.551 [info] > git for-each-ref --format=%(refname)%00%(upstream:short)%00%(objectname)%00%(upstream:track)%00%(upstream:remotename)%00%(upstream:remoteref) refs/heads/master refs/remotes/master [3ms]
2026-03-18 16:46:16.575 [info] > git for-each-ref --format=%(refname)%00%(upstream:short)%00%(objectname)%00%(upstream:track)%00%(upstream:remotename)%00%(upstream:remoteref) refs/heads/main refs/remotes/main [38ms]
2026-03-18 16:46:16.582 [info] > git status -z -uall [19ms]
2026-03-18 16:46:16.582 [info] > git for-each-ref --sort -committerdate --format %(refname)%00%(objectname)%00%(*objectname) [7ms]
2026-03-18 16:46:16.622 [info] > git status -z -uall [15ms]
2026-03-18 16:46:16.622 [info] > git for-each-ref --sort -committerdate --format %(refname)%00%(objectname)%00%(*objectname) [4ms]
2026-03-18 16:51:02.883 [info] > git check-ignore -v -z --stdin [18ms]
2026-03-18 16:51:02.884 [info] > git check-ignore -v -z --stdin [4ms]
2026-03-18 16:51:08.681 [info] [Git][getRemotes] No remotes found in the git config file
2026-03-18 16:51:08.683 [info] > git config --get commit.template [21ms]
2026-03-18 16:51:08.687 [info] > git for-each-ref --format=%(refname)%00%(upstream:short)%00%(objectname)%00%(upstream:track)%00%(upstream:remotename)%00%(upstream:remoteref) refs/heads/master refs/remotes/master [7ms]
2026-03-18 16:51:08.722 [info] > git status -z -uall [17ms]
2026-03-18 16:51:08.724 [info] > git for-each-ref --sort -committerdate --format %(refname)%00%(objectname)%00%(*objectname) [3ms]
2026-03-18 16:51:29.080 [info] > git check-ignore -v -z --stdin [3ms]
2026-03-18 16:51:29.126 [info] > git show --textconv :main.html [22ms]
2026-03-18 16:51:29.131 [info] > git ls-files --stage -- main.html [6ms]
2026-03-18 16:51:29.152 [info] > git cat-file -s b1f78d14faf5c0df0d4267a6f7d05c9b16d98235 [3ms]
2026-03-18 16:51:29.690 [info] > git blame --root --incremental 75fc70f792de6e11354ffb07ea087292562f2160 -- main.html [6ms]
2026-03-18 16:51:46.756 [info] > git check-ignore -v -z --stdin [3ms]
2026-03-18 16:58:42.361 [info] [main] Log level: Info
2026-03-18 16:58:42.361 [info] [main] Validating found git in: "git"
2026-03-18 16:58:42.361 [info] [main] Using git "2.53.0" from "git"
2026-03-18 16:58:42.361 [info] [Model][doInitialScan] Initial repository scan started
2026-03-18 16:58:42.361 [info] > git rev-parse --show-toplevel [35ms]
2026-03-18 16:58:42.376 [info] > git rev-parse --git-dir --git-common-dir --show-superproject-working-tree [6ms]
2026-03-18 16:58:42.487 [info] [Model][openRepository] Opened repository (path): /home/assassin/vardio
2026-03-18 16:58:42.487 [info] [Model][openRepository] Opened repository (real path): /home/assassin/vardio
2026-03-18 16:58:42.487 [info] [Model][openRepository] Opened repository (kind): repository
2026-03-18 16:58:42.523 [info] > git rev-parse --show-toplevel [11ms]
2026-03-18 16:58:42.524 [info] > git config --get commit.template [21ms]
2026-03-18 16:58:42.575 [info] > git for-each-ref --format=%(refname)%00%(upstream:short)%00%(objectname)%00%(upstream:track)%00%(upstream:remotename)%00%(upstream:remoteref) refs/heads/sp-work refs/remotes/sp-work [4ms]
2026-03-18 16:58:42.575 [info] > git rev-parse --show-toplevel [16ms]
2026-03-18 16:58:42.750 [info] > git rev-parse --show-toplevel [148ms]
2026-03-18 16:58:43.170 [info] > git status -z -uall [372ms]
2026-03-18 16:58:43.170 [info] > git rev-parse --show-toplevel [406ms]
2026-03-18 16:58:43.200 [info] > git for-each-ref --sort -committerdate --format %(refname)%00%(objectname)%00%(*objectname) [391ms]
2026-03-18 16:58:43.719 [info] > git check-ignore -v -z --stdin [534ms]
2026-03-18 16:58:43.720 [info] > git for-each-ref --format=%(refname)%00%(upstream:short)%00%(objectname)%00%(upstream:track)%00%(upstream:remotename)%00%(upstream:remoteref) refs/heads/sp-work refs/remotes/sp-work [486ms]
2026-03-18 16:58:43.734 [info] > git rev-parse --show-toplevel [537ms]
2026-03-18 16:58:43.758 [info] > git config --get --local branch.sp-work.vscode-merge-base [23ms]
2026-03-18 16:58:43.758 [warning] [Git][config] git config failed: Failed to execute git
2026-03-18 16:58:43.769 [info] > git config --get commit.template [509ms]
2026-03-18 16:58:43.776 [info] > git reflog sp-work --grep-reflog=branch: Created from *. [8ms]
2026-03-18 16:58:43.788 [info] > git rev-parse --show-toplevel [31ms]
2026-03-18 16:58:43.790 [info] [Model][doInitialScan] Initial repository scan completed - repositories (1), closed repositories (0), parent repositories (0), unsafe repositories (0)
2026-03-18 16:58:43.805 [info] > git for-each-ref --format=%(refname)%00%(upstream:short)%00%(objectname)%00%(upstream:track)%00%(upstream:remotename)%00%(upstream:remoteref) refs/remotes/origin/sp-work [18ms]
2026-03-18 16:58:43.819 [info] > git for-each-ref --format=%(refname)%00%(upstream:short)%00%(objectname)%00%(upstream:track)%00%(upstream:remotename)%00%(upstream:remoteref) refs/heads/sp-work refs/remotes/sp-work [15ms]
2026-03-18 16:58:43.859 [info] > git config --add --local branch.sp-work.vscode-merge-base origin/sp-work [43ms]
2026-03-18 16:58:43.967 [info] > git config --get commit.template [96ms]
2026-03-18 16:58:43.993 [info] > git for-each-ref --format=%(refname)%00%(upstream:short)%00%(objectname)%00%(upstream:track)%00%(upstream:remotename)%00%(upstream:remoteref) refs/heads/sp-work refs/remotes/sp-work [7ms]
2026-03-18 16:58:44.079 [info] > git status -z -uall [73ms]
2026-03-18 16:58:44.079 [info] > git for-each-ref --sort -committerdate --format %(refname)%00%(objectname)%00%(*objectname) [60ms]
2026-03-18 16:58:44.116 [info] > git merge-base refs/heads/sp-work refs/remotes/origin/sp-work [14ms]
2026-03-18 16:58:44.132 [info] > git diff --raw --numstat --diff-filter=ADMR -z --find-renames=50% 55f7fc34f6562d9758ed92d53e437bc75e31f560...refs/remotes/origin/sp-work -- [2ms]
2026-03-18 16:58:44.133 [info] > git merge-base refs/heads/sp-work refs/remotes/origin/sp-work [19ms]
2026-03-18 16:58:44.146 [info] > git diff --raw --numstat --diff-filter=ADMR -z --find-renames=50% 55f7fc34f6562d9758ed92d53e437bc75e31f560...refs/remotes/origin/sp-work -- [2ms]
2026-03-18 16:58:45.119 [info] > git config --get commit.template [30ms]
2026-03-18 16:58:45.155 [info] > git for-each-ref --format=%(refname)%00%(upstream:short)%00%(objectname)%00%(upstream:track)%00%(upstream:remotename)%00%(upstream:remoteref) refs/heads/sp-work refs/remotes/sp-work [17ms]
2026-03-18 16:58:45.197 [info] > git status -z -uall [16ms]
2026-03-18 16:58:45.211 [info] > git for-each-ref --sort -committerdate --format %(refname)%00%(objectname)%00%(*objectname) [15ms]
2026-03-18 16:59:04.892 [info] > git config --get commit.template [2ms]
2026-03-18 16:59:04.912 [info] > git for-each-ref --format=%(refname)%00%(upstream:short)%00%(objectname)%00%(upstream:track)%00%(upstream:remotename)%00%(upstream:remoteref) refs/heads/sp-work refs/remotes/sp-work [2ms]
2026-03-18 16:59:04.949 [info] > git status -z -uall [20ms]
2026-03-18 16:59:04.951 [info] > git for-each-ref --sort -committerdate --format %(refname)%00%(objectname)%00%(*objectname) [3ms]
2026-03-18 16:59:08.851 [info] > git config --get commit.template [3ms]
2026-03-18 16:59:08.871 [info] > git for-each-ref --format=%(refname)%00%(upstream:short)%00%(objectname)%00%(upstream:track)%00%(upstream:remotename)%00%(upstream:remoteref) refs/heads/sp-work refs/remotes/sp-work [3ms]
2026-03-18 16:59:08.904 [info] > git status -z -uall [20ms]
2026-03-18 16:59:08.904 [info] > git for-each-ref --sort -committerdate --format %(refname)%00%(objectname)%00%(*objectname) [5ms]
2026-03-18 16:59:09.983 [info] > git config --get commit.template [13ms]
2026-03-18 16:59:09.984 [info] > git for-each-ref --format=%(refname)%00%(upstream:short)%00%(objectname)%00%(upstream:track)%00%(upstream:remotename)%00%(upstream:remoteref) refs/heads/sp-work refs/remotes/sp-work [2ms]
2026-03-18 16:59:10.006 [info] > git status -z -uall [11ms]
2026-03-18 16:59:10.007 [info] > git for-each-ref --sort -committerdate --format %(refname)%00%(objectname)%00%(*objectname) [2ms]
2026-03-18 16:59:15.964 [info] > git config --get commit.template [3ms]
2026-03-18 16:59:15.981 [info] > git for-each-ref --format=%(refname)%00%(upstream:short)%00%(objectname)%00%(upstream:track)%00%(upstream:remotename)%00%(upstream:remoteref) refs/heads/sp-work refs/remotes/sp-work [3ms]
2026-03-18 16:59:16.009 [info] > git status -z -uall [15ms]
2026-03-18 16:59:16.009 [info] > git for-each-ref --sort -committerdate --format %(refname)%00%(objectname)%00%(*objectname) [3ms]
2026-03-18 16:59:25.109 [info] > git check-ignore -v -z --stdin [4ms]
2026-03-18 16:59:26.923 [info] > git check-ignore -v -z --stdin [2ms]
2026-03-18 16:59:28.578 [info] > git check-ignore -v -z --stdin [3ms]
2026-03-18 16:59:29.777 [info] > git check-ignore -v -z --stdin [2ms]
2026-03-18 16:59:49.406 [info] > git check-ignore -v -z --stdin [2ms]
2026-03-18 16:59:51.223 [info] > git check-ignore -v -z --stdin [2ms]
2026-03-18 16:59:53.484 [info] > git check-ignore -v -z --stdin [2ms]
2026-03-18 16:59:53.578 [info] > git show --textconv :frontend/src/App.js [21ms]
2026-03-18 16:59:53.579 [info] > git ls-files --stage -- frontend/src/App.js [5ms]
2026-03-18 16:59:53.595 [info] > git cat-file -s d66c0a69ddca386e05373c14dd85e7cdc08eb0ad [3ms]
2026-03-18 17:01:05.874 [info] > git blame --root --incremental 55f7fc34f6562d9758ed92d53e437bc75e31f560 -- frontend/src/App.js [26ms]
2026-03-18 17:01:10.881 [info] > git check-ignore -v -z --stdin [2ms]
2026-03-18 17:01:11.188 [info] > git show --textconv :README.md [22ms]
2026-03-18 17:01:11.189 [info] > git ls-files --stage -- README.md [6ms]
2026-03-18 17:01:11.217 [info] > git cat-file -s 70398460dc6873a87deefc89973b0c76fcdedbbc [12ms]
2026-03-18 17:01:17.009 [info] > git check-ignore -v -z --stdin [3ms]
2026-03-18 17:01:17.053 [info] > git blame --root --incremental 55f7fc34f6562d9758ed92d53e437bc75e31f560 -- README.md [9ms]
2026-03-18 17:01:17.316 [info] > git check-ignore -v -z --stdin [19ms]
2026-03-18 17:01:19.515 [info] > git check-ignore -v -z --stdin [2ms]
2026-03-18 17:01:20.025 [info] > git check-ignore -v -z --stdin [3ms]
2026-03-18 17:01:20.328 [info] > git check-ignore -v -z --stdin [10ms]
2026-03-18 17:01:21.518 [info] > git check-ignore -v -z --stdin [8ms]
2026-03-18 17:01:23.605 [info] > git check-ignore -v -z --stdin [4ms]
2026-03-18 17:01:23.824 [info] > git check-ignore -v -z --stdin [10ms]
2026-03-18 17:01:24.607 [info] > git check-ignore -v -z --stdin [9ms]
2026-03-18 17:01:25.369 [info] > git check-ignore -v -z --stdin [11ms]
2026-03-18 17:01:26.605 [info] > git check-ignore -v -z --stdin [5ms]
2026-03-18 17:01:27.721 [info] > git check-ignore -v -z --stdin [13ms]
2026-03-18 17:01:28.397 [info] > git check-ignore -v -z --stdin [6ms]
2026-03-18 17:01:31.635 [info] > git config --get commit.template [19ms]
2026-03-18 17:01:31.637 [info] > git for-each-ref --format=%(refname)%00%(upstream:short)%00%(objectname)%00%(upstream:track)%00%(upstream:remotename)%00%(upstream:remoteref) refs/heads/sp-work refs/remotes/sp-work [4ms]
2026-03-18 17:01:31.669 [info] > git status -z -uall [16ms]
2026-03-18 17:01:31.672 [info] > git for-each-ref --sort -committerdate --format %(refname)%00%(objectname)%00%(*objectname) [3ms]
2026-03-18 17:01:31.996 [info] > git check-ignore -v -z --stdin [2ms]
2026-03-18 17:01:37.494 [info] > git config --get commit.template [18ms]
2026-03-18 17:01:37.494 [info] > git for-each-ref --format=%(refname)%00%(upstream:short)%00%(objectname)%00%(upstream:track)%00%(upstream:remotename)%00%(upstream:remoteref) refs/heads/sp-work refs/remotes/sp-work [2ms]
2026-03-18 17:01:37.523 [info] > git status -z -uall [13ms]
2026-03-18 17:01:37.524 [info] > git for-each-ref --sort -committerdate --format %(refname)%00%(objectname)%00%(*objectname) [2ms]
2026-03-18 17:01:37.578 [info] > git ls-files --stage -- README.md [2ms]
2026-03-18 17:01:37.591 [info] > git cat-file -s 70398460dc6873a87deefc89973b0c76fcdedbbc [2ms]
2026-03-18 17:01:37.606 [info] > git show --textconv :README.md [2ms]
2026-03-18 17:01:47.797 [info] > git config --get commit.template [3ms]
2026-03-18 17:01:47.821 [info] > git for-each-ref --format=%(refname)%00%(upstream:short)%00%(objectname)%00%(upstream:track)%00%(upstream:remotename)%00%(upstream:remoteref) refs/heads/sp-work refs/remotes/sp-work [4ms]
2026-03-18 17:01:47.868 [info] > git status -z -uall [26ms]
2026-03-18 17:01:47.873 [info] > git for-each-ref --sort -committerdate --format %(refname)%00%(objectname)%00%(*objectname) [6ms]
2026-03-18 17:01:48.195 [info] > git check-ignore -v -z --stdin [3ms]
2026-03-18 17:01:48.233 [info] > git show --textconv HEAD:README.md [19ms]
2026-03-18 17:01:48.236 [info] > git ls-tree -l HEAD -- README.md [4ms]
2026-03-18 17:01:48.953 [info] > git ls-files --stage -- README.md [13ms]
2026-03-18 17:01:48.967 [info] > git ls-tree -l HEAD -- README.md [15ms]
2026-03-18 17:01:48.968 [info] > git cat-file -s f3be65b992f9f3db853df57c3f85bb40a5d6cc58 [2ms]
2026-03-18 17:01:48.996 [info] > git show --textconv HEAD:README.md [14ms]
2026-03-18 17:01:48.998 [info] > git show --textconv :README.md [3ms]
2026-03-18 17:01:49.229 [info] > git check-ignore -v -z --stdin [3ms]
2026-03-18 17:02:28.300 [info] > git config --get commit.template [3ms]
2026-03-18 17:02:28.319 [info] > git for-each-ref --format=%(refname)%00%(upstream:short)%00%(objectname)%00%(upstream:track)%00%(upstream:remotename)%00%(upstream:remoteref) refs/heads/sp-work refs/remotes/sp-work [3ms]
2026-03-18 17:02:28.350 [info] > git status -z -uall [16ms]
2026-03-18 17:02:28.352 [info] > git for-each-ref --sort -committerdate --format %(refname)%00%(objectname)%00%(*objectname) [3ms]
2026-03-18 17:02:28.411 [info] > git merge-base refs/heads/sp-work refs/remotes/origin/sp-work [19ms]
2026-03-18 17:02:28.430 [info] > git blame --root --incremental e7474da8b8689b8187b908889d7f56a64ecc4057 -- README.md [59ms]
2026-03-18 17:02:28.436 [info] > git diff --raw --numstat --diff-filter=ADMR -z --find-renames=50% 55f7fc34f6562d9758ed92d53e437bc75e31f560...refs/remotes/origin/sp-work -- [6ms]
2026-03-18 17:02:28.676 [info] > git check-ignore -v -z --stdin [2ms]
2026-03-18 17:02:29.473 [info] > git ls-files --stage -- README.md [2ms]
2026-03-18 17:02:29.495 [info] > git cat-file -s f3be65b992f9f3db853df57c3f85bb40a5d6cc58 [2ms]
2026-03-18 17:02:29.517 [info] > git show --textconv :README.md [2ms]
2026-03-18 17:02:38.756 [info] > git config --get commit.template [2ms]
2026-03-18 17:02:38.774 [info] > git for-each-ref --format=%(refname)%00%(upstream:short)%00%(objectname)%00%(upstream:track)%00%(upstream:remotename)%00%(upstream:remoteref) refs/heads/sp-work refs/remotes/sp-work [3ms]
2026-03-18 17:02:38.807 [info] > git status -z -uall [17ms]
2026-03-18 17:02:38.809 [info] > git for-each-ref --sort -committerdate --format %(refname)%00%(objectname)%00%(*objectname) [4ms]
2026-03-18 17:02:38.830 [info] > git merge-base refs/heads/sp-work refs/remotes/origin/sp-work [2ms]
2026-03-18 17:02:38.844 [info] > git diff --raw --numstat --diff-filter=ADMR -z --find-renames=50% e7474da8b8689b8187b908889d7f56a64ecc4057...refs/remotes/origin/sp-work -- [2ms]
2026-03-18 17:02:39.933 [info] > git ls-files --stage -- README.md [2ms]
2026-03-18 17:02:39.951 [info] > git cat-file -s f3be65b992f9f3db853df57c3f85bb40a5d6cc58 [2ms]
2026-03-18 17:02:39.972 [info] > git show --textconv :README.md [2ms]
2026-03-18 17:06:59.213 [info] > git check-ignore -v -z --stdin [2ms]
2026-03-18 17:07:10.121 [info] > git config --get commit.template [17ms]
2026-03-18 17:07:10.124 [info] > git for-each-ref --format=%(refname)%00%(upstream:short)%00%(objectname)%00%(upstream:track)%00%(upstream:remotename)%00%(upstream:remoteref) refs/heads/sp-work refs/remotes/sp-work [5ms]
2026-03-18 17:07:10.152 [info] > git status -z -uall [15ms]
2026-03-18 17:07:10.154 [info] > git for-each-ref --sort -committerdate --format %(refname)%00%(objectname)%00%(*objectname) [3ms]
2026-03-18 17:07:10.479 [info] > git check-ignore -v -z --stdin [1ms]
2026-03-18 17:07:15.198 [info] > git config --get commit.template [20ms]
2026-03-18 17:07:15.201 [info] > git for-each-ref --format=%(refname)%00%(upstream:short)%00%(objectname)%00%(upstream:track)%00%(upstream:remotename)%00%(upstream:remoteref) refs/heads/sp-work refs/remotes/sp-work [4ms]
2026-03-18 17:07:15.236 [info] > git status -z -uall [17ms]
2026-03-18 17:07:15.237 [info] > git for-each-ref --sort -committerdate --format %(refname)%00%(objectname)%00%(*objectname) [3ms]
2026-03-18 17:07:40.541 [info] > git config --get commit.template [23ms]
2026-03-18 17:07:40.546 [info] > git for-each-ref --format=%(refname)%00%(upstream:short)%00%(objectname)%00%(upstream:track)%00%(upstream:remotename)%00%(upstream:remoteref) refs/heads/sp-work refs/remotes/sp-work [8ms]
2026-03-18 17:07:40.585 [info] > git status -z -uall [21ms]
2026-03-18 17:07:40.588 [info] > git for-each-ref --sort -committerdate --format %(refname)%00%(objectname)%00%(*objectname) [5ms]
2026-03-18 17:12:13.792 [info] > git config --get commit.template [17ms]
2026-03-18 17:12:13.793 [info] > git for-each-ref --format=%(refname)%00%(upstream:short)%00%(objectname)%00%(upstream:track)%00%(upstream:remotename)%00%(upstream:remoteref) refs/heads/sp-work refs/remotes/sp-work [3ms]
2026-03-18 17:12:13.824 [info] > git status -z -uall [17ms]
2026-03-18 17:12:13.826 [info] > git for-each-ref --sort -committerdate --format %(refname)%00%(objectname)%00%(*objectname) [3ms]
2026-03-18 17:12:21.096 [info] > git config --get commit.template [15ms]
2026-03-18 17:12:21.099 [info] > git for-each-ref --format=%(refname)%00%(upstream:short)%00%(objectname)%00%(upstream:track)%00%(upstream:remotename)%00%(upstream:remoteref) refs/heads/sp-work refs/remotes/sp-work [3ms]
2026-03-18 17:12:21.130 [info] > git status -z -uall [16ms]
2026-03-18 17:12:21.132 [info] > git for-each-ref --sort -committerdate --format %(refname)%00%(objectname)%00%(*objectname) [4ms]
2026-03-18 17:29:47.105 [info] > git config --get commit.template [26ms]
2026-03-18 17:29:47.118 [info] > git for-each-ref --format=%(refname)%00%(upstream:short)%00%(objectname)%00%(upstream:track)%00%(upstream:remotename)%00%(upstream:remoteref) refs/heads/sp-work refs/remotes/sp-work [16ms]
2026-03-18 17:29:47.166 [info] > git status -z -uall [30ms]
2026-03-18 17:29:47.167 [info] > git for-each-ref --sort -committerdate --format %(refname)%00%(objectname)%00%(*objectname) [11ms]
