2026-03-06 09:56:07.358 [info] [main] Log level: Info
2026-03-06 09:56:07.358 [info] [main] Validating found git in: "git"
2026-03-06 09:56:07.358 [info] [main] Using git "2.53.0" from "git"
2026-03-06 09:56:07.358 [info] [Model][doInitialScan] Initial repository scan started
2026-03-06 09:56:07.358 [info] > git rev-parse --show-toplevel [16ms]
2026-03-06 09:56:07.358 [info] > git rev-parse --git-dir --git-common-dir --show-superproject-working-tree [5ms]
2026-03-06 09:56:07.358 [info] [Model][openRepository] Opened repository (path): /home/assassin/vardio
2026-03-06 09:56:07.358 [info] [Model][openRepository] Opened repository (real path): /home/assassin/vardio
2026-03-06 09:56:07.358 [info] [Model][openRepository] Opened repository (kind): repository
2026-03-06 09:56:07.358 [info] > git rev-parse --show-toplevel [18ms]
2026-03-06 09:56:07.358 [info] > git config --get commit.template [26ms]
2026-03-06 09:56:07.362 [info] > git for-each-ref --format=%(refname)%00%(upstream:short)%00%(objectname)%00%(upstream:track)%00%(upstream:remotename)%00%(upstream:remoteref) refs/heads/main refs/remotes/main [8ms]
2026-03-06 09:56:07.363 [info] > git rev-parse --show-toplevel [18ms]
2026-03-06 09:56:07.421 [info] > git rev-parse --show-toplevel [11ms]
2026-03-06 09:56:07.450 [info] > git status -z -uall [11ms]
2026-03-06 09:56:07.450 [info] > git rev-parse --show-toplevel [21ms]
2026-03-06 09:56:07.460 [info] > git for-each-ref --sort -committerdate --format %(refname)%00%(objectname)%00%(*objectname) [13ms]
2026-03-06 09:56:07.506 [info] > git for-each-ref --format=%(refname)%00%(upstream:short)%00%(objectname)%00%(upstream:track)%00%(upstream:remotename)%00%(upstream:remoteref) refs/heads/main refs/remotes/main [12ms]
2026-03-06 09:56:07.514 [info] > git rev-parse --show-toplevel [55ms]
2026-03-06 09:56:07.515 [info] [Model][doInitialScan] Initial repository scan completed - repositories (1), closed repositories (0), parent repositories (0), unsafe repositories (0)
2026-03-06 09:56:07.522 [info] > git config --get --local branch.main.vscode-merge-base [8ms]
2026-03-06 09:56:07.531 [info] > git config --get commit.template [26ms]
2026-03-06 09:56:07.534 [info] > git for-each-ref --format=%(refname)%00%(upstream:short)%00%(objectname)%00%(upstream:track)%00%(upstream:remotename)%00%(upstream:remoteref) refs/heads/origin/main refs/remotes/origin/main [4ms]
2026-03-06 09:56:07.553 [info] > git for-each-ref --format=%(refname)%00%(upstream:short)%00%(objectname)%00%(upstream:track)%00%(upstream:remotename)%00%(upstream:remoteref) refs/heads/main refs/remotes/main [3ms]
2026-03-06 09:56:07.553 [info] > git merge-base refs/heads/main refs/remotes/origin/main [10ms]
2026-03-06 09:56:07.577 [info] > git status -z -uall [9ms]
2026-03-06 09:56:07.578 [info] > git diff --raw --numstat --diff-filter=ADMR -z --find-renames=50% 95cc267166d49593262d97cfba5a8b08d57b0b5f...refs/remotes/origin/main -- [18ms]
2026-03-06 09:56:07.580 [info] > git for-each-ref --sort -committerdate --format %(refname)%00%(objectname)%00%(*objectname) [4ms]
2026-03-06 09:56:07.871 [info] > git check-ignore -v -z --stdin [3ms]
