2026-03-07 11:38:40.372 [info] Reading sessions from keychain...
2026-03-07 11:38:40.372 [info] Getting sessions for all scopes...
2026-03-07 11:38:40.372 [info] Got stored sessions!
2026-03-07 11:38:40.372 [info] Got 1 verified sessions.
2026-03-07 11:38:40.372 [info] Got 1 sessions for ...
2026-03-07 11:38:40.372 [info] Getting sessions for all scopes...
2026-03-07 11:38:40.372 [info] Got 1 sessions for ...
2026-03-07 11:38:40.372 [info] Getting sessions for all scopes...
2026-03-07 11:38:40.372 [info] Got 1 sessions for ...
2026-03-07 11:38:40.372 [info] Getting sessions for all scopes...
2026-03-07 11:38:40.372 [info] Got 1 sessions for ...
2026-03-07 11:38:40.372 [info] Getting sessions for all scopes...
2026-03-07 11:38:40.372 [info] Got 1 sessions for ...
2026-03-07 11:38:40.372 [info] Getting sessions for all scopes...
2026-03-07 11:38:40.372 [info] Got 1 sessions for ...
2026-03-07 11:38:40.372 [info] Getting sessions for all scopes...
2026-03-07 11:38:40.372 [info] Got 1 sessions for ...
2026-03-07 11:38:40.848 [info] Getting sessions for read:user,repo,user:email,workflow...
2026-03-07 11:38:40.848 [info] Got 1 sessions for read:user,repo,user:email,workflow...
2026-03-07 11:38:40.862 [info] Getting sessions for all scopes...
2026-03-07 11:38:40.862 [info] Got 1 sessions for ...
2026-03-07 11:38:41.221 [info] Getting sessions for all scopes...
2026-03-07 11:38:41.221 [info] Got 1 sessions for ...
2026-03-07 11:38:42.333 [info] Getting sessions for read:user,repo,user:email,workflow...
2026-03-07 11:38:42.333 [info] Got 1 sessions for read:user,repo,user:email,workflow...
2026-03-07 11:38:42.569 [info] Getting sessions for read:user,repo,user:email,workflow...
2026-03-07 11:38:42.569 [info] Got 1 sessions for read:user,repo,user:email,workflow...
2026-03-07 11:38:42.595 [info] Getting sessions for all scopes...
2026-03-07 11:38:42.595 [info] Got 1 sessions for ...
2026-03-07 11:38:42.692 [info] Getting sessions for read:user,repo,user:email,workflow...
2026-03-07 11:38:42.692 [info] Got 1 sessions for read:user,repo,user:email,workflow...
2026-03-07 11:38:43.851 [info] Getting sessions for all scopes...
2026-03-07 11:38:43.852 [info] Got 1 sessions for ...
2026-03-07 11:38:43.852 [info] Getting sessions for all scopes...
2026-03-07 11:38:43.852 [info] Got 1 sessions for ...
2026-03-07 11:38:43.897 [info] Getting sessions for read:user,repo,user:email,workflow...
2026-03-07 11:38:43.897 [info] Got 1 sessions for read:user,repo,user:email,workflow...
2026-03-07 11:38:44.071 [info] Getting sessions for all scopes...
2026-03-07 11:38:44.071 [info] Got 1 sessions for ...
2026-03-07 11:38:44.071 [info] Getting sessions for all scopes...
2026-03-07 11:38:44.071 [info] Got 1 sessions for ...
2026-03-07 11:38:44.168 [info] Getting sessions for read:user,repo,user:email,workflow...
2026-03-07 11:38:44.168 [info] Got 1 sessions for read:user,repo,user:email,workflow...
2026-03-07 11:38:44.211 [info] Getting sessions for all scopes...
2026-03-07 11:38:44.211 [info] Got 1 sessions for ...
2026-03-07 11:38:44.214 [info] Getting sessions for read:user,repo,user:email,workflow...
2026-03-07 11:38:44.214 [info] Got 1 sessions for read:user,repo,user:email,workflow...
2026-03-07 11:38:44.561 [info] Getting sessions for all scopes...
2026-03-07 11:38:44.561 [info] Got 1 sessions for ...
2026-03-07 11:38:44.563 [info] Getting sessions for read:user,repo,user:email,workflow...
2026-03-07 11:38:44.563 [info] Got 1 sessions for read:user,repo,user:email,workflow...
2026-03-07 11:38:44.891 [info] FetcherService: Electron fetch failed with status: 429 
2026-03-07 11:38:44.894 [info] Unable to resolve optional EDU details. Status: 429 
2026-03-07 11:38:45.828 [info] Getting sessions for all scopes...
2026-03-07 11:38:45.828 [info] Got 1 sessions for ...
2026-03-07 11:38:45.829 [info] Getting sessions for all scopes...
2026-03-07 11:38:45.829 [info] Got 1 sessions for ...
2026-03-07 11:40:42.708 [info] Getting sessions for all scopes...
2026-03-07 11:40:42.708 [info] Got 1 sessions for ...
2026-03-07 11:40:42.709 [info] Getting sessions for all scopes...
2026-03-07 11:40:42.709 [info] Got 1 sessions for ...
2026-03-07 11:40:51.203 [info] Getting sessions for all scopes...
2026-03-07 11:40:51.203 [info] Got 1 sessions for ...
2026-03-07 11:40:51.204 [info] Getting sessions for all scopes...
2026-03-07 11:40:51.204 [info] Got 1 sessions for ...
2026-03-07 11:40:52.634 [info] Getting sessions for all scopes...
2026-03-07 11:40:52.634 [info] Got 1 sessions for ...
2026-03-07 11:40:52.636 [info] Getting sessions for read:user,repo,user:email,workflow...
2026-03-07 11:40:52.636 [info] Got 1 sessions for read:user,repo,user:email,workflow...
