2026-03-07 09:39:29.590 [info] Reading sessions from keychain...
2026-03-07 09:39:29.590 [info] Getting sessions for all scopes...
2026-03-07 09:39:29.590 [info] Got 0 sessions for ...
2026-03-07 09:39:29.590 [info] Getting sessions for all scopes...
2026-03-07 09:39:29.590 [info] Got 0 sessions for ...
2026-03-07 09:39:29.590 [info] Getting sessions for all scopes...
2026-03-07 09:39:29.590 [info] Got 0 sessions for ...
2026-03-07 09:39:29.602 [info] Getting sessions for all scopes...
2026-03-07 09:39:29.603 [info] Got 0 sessions for ...
2026-03-07 09:39:30.817 [info] Getting sessions for all scopes...
2026-03-07 09:39:30.817 [info] Got 0 sessions for ...
2026-03-07 09:39:38.340 [info] Logging in with 'any' account...
2026-03-07 09:39:38.340 [info] Logging in for the following scopes: read:user repo user:email workflow
2026-03-07 09:39:38.629 [info] Trying with local server... (read:user repo user:email workflow)
2026-03-07 09:42:01.811 [error] User Cancelled
2026-03-07 09:42:08.913 [info] Trying without local server... (read:user repo user:email workflow)
2026-03-07 09:42:10.418 [error] User Cancelled
2026-03-07 09:42:14.806 [info] Logging in with google,  'any' account...
2026-03-07 09:42:14.806 [info] Logging in for the following scopes: read:user repo user:email workflow
2026-03-07 09:42:14.809 [info] Trying with local server... (read:user repo user:email workflow)
2026-03-07 09:47:14.816 [error] Timed out
2026-03-07 09:48:53.307 [info] Trying without local server... (read:user repo user:email workflow)
2026-03-07 09:53:53.332 [error] Timed out
2026-03-07 09:57:58.038 [info] Trying device code flow... (read:user repo user:email workflow)
2026-03-07 09:59:32.790 [info] Getting user info...
2026-03-07 09:59:36.389 [info] Got account info!
2026-03-07 09:59:36.389 [info] Storing 1 sessions...
2026-03-07 09:59:36.394 [info] Reading sessions from keychain...
2026-03-07 09:59:36.394 [info] Stored 1 sessions!
2026-03-07 09:59:36.394 [info] Login success!
2026-03-07 09:59:36.395 [info] Getting sessions for all scopes...
2026-03-07 09:59:36.399 [info] Got stored sessions!
2026-03-07 09:59:36.399 [info] Got 1 verified sessions.
2026-03-07 09:59:36.400 [info] Got 1 sessions for ...
2026-03-07 09:59:36.400 [info] Getting sessions for all scopes...
2026-03-07 09:59:36.400 [info] Got 1 sessions for ...
2026-03-07 09:59:36.400 [info] Getting sessions for all scopes...
2026-03-07 09:59:36.400 [info] Got 1 sessions for ...
2026-03-07 09:59:36.405 [info] Getting sessions for read:user,repo,user:email,workflow...
2026-03-07 09:59:36.405 [info] Got 1 sessions for read:user,repo,user:email,workflow...
2026-03-07 09:59:36.507 [info] Getting sessions for all scopes...
2026-03-07 09:59:36.508 [info] Got 1 sessions for ...
2026-03-07 09:59:36.509 [info] Getting sessions for all scopes...
2026-03-07 09:59:36.509 [info] Got 1 sessions for ...
2026-03-07 09:59:37.031 [info] Getting sessions for all scopes...
2026-03-07 09:59:37.031 [info] Got 1 sessions for ...
2026-03-07 09:59:37.031 [info] Getting sessions for all scopes...
2026-03-07 09:59:37.031 [info] Got 1 sessions for ...
2026-03-07 09:59:37.033 [info] Getting sessions for read:user,repo,user:email,workflow...
2026-03-07 09:59:37.033 [info] Got 1 sessions for read:user,repo,user:email,workflow...
2026-03-07 09:59:37.234 [info] Getting sessions for all scopes...
2026-03-07 09:59:37.234 [info] Got 1 sessions for ...
2026-03-07 09:59:37.234 [info] Getting sessions for all scopes...
2026-03-07 09:59:37.234 [info] Got 1 sessions for ...
2026-03-07 09:59:37.241 [info] Getting sessions for read:user,repo,user:email,workflow...
2026-03-07 09:59:37.241 [info] Got 1 sessions for read:user,repo,user:email,workflow...
2026-03-07 09:59:37.625 [info] Getting sessions for all scopes...
2026-03-07 09:59:37.626 [info] Got 1 sessions for ...
2026-03-07 09:59:37.630 [info] Getting sessions for read:user,repo,user:email,workflow...
2026-03-07 09:59:37.631 [info] Got 1 sessions for read:user,repo,user:email,workflow...
2026-03-07 09:59:40.476 [info] FetcherService: Electron fetch failed with status: 429 
2026-03-07 09:59:40.477 [info] Unable to resolve optional EDU details. Status: 429 
2026-03-07 09:59:43.312 [info] Reading sessions from keychain...
2026-03-07 09:59:43.312 [info] Getting sessions for all scopes...
2026-03-07 09:59:43.312 [info] Got stored sessions!
2026-03-07 09:59:43.312 [info] Got 1 verified sessions.
2026-03-07 09:59:43.312 [info] Got 1 sessions for ...
2026-03-07 09:59:43.312 [info] Getting sessions for all scopes...
2026-03-07 09:59:43.312 [info] Got 1 sessions for ...
2026-03-07 09:59:43.312 [info] Getting sessions for all scopes...
2026-03-07 09:59:43.312 [info] Got 1 sessions for ...
2026-03-07 09:59:43.372 [info] Getting sessions for all scopes...
2026-03-07 09:59:43.372 [info] Got 1 sessions for ...
2026-03-07 09:59:43.415 [info] Getting sessions for all scopes...
2026-03-07 09:59:43.415 [info] Got 1 sessions for ...
2026-03-07 09:59:46.186 [info] FetcherService: Electron fetch failed with status: 429 
2026-03-07 09:59:46.193 [info] Unable to resolve optional EDU details. Status: 429 
2026-03-07 09:59:46.315 [info] Getting sessions for all scopes...
2026-03-07 09:59:46.315 [info] Got 1 sessions for ...
2026-03-07 09:59:46.706 [info] Getting sessions for all scopes...
2026-03-07 09:59:46.706 [info] Got 1 sessions for ...
2026-03-07 09:59:46.706 [info] Getting sessions for all scopes...
2026-03-07 09:59:46.706 [info] Got 1 sessions for ...
2026-03-07 09:59:46.806 [info] Getting sessions for read:user,repo,user:email,workflow...
2026-03-07 09:59:46.807 [info] Got 1 sessions for read:user,repo,user:email,workflow...
2026-03-07 09:59:47.119 [info] Getting sessions for all scopes...
2026-03-07 09:59:47.119 [info] Got 1 sessions for ...
2026-03-07 09:59:47.121 [info] Getting sessions for read:user,repo,user:email,workflow...
2026-03-07 09:59:47.121 [info] Got 1 sessions for read:user,repo,user:email,workflow...
2026-03-07 09:59:47.187 [info] Getting sessions for read:user,repo,user:email,workflow...
2026-03-07 09:59:47.187 [info] Got 1 sessions for read:user,repo,user:email,workflow...
2026-03-07 09:59:47.890 [info] Getting sessions for all scopes...
2026-03-07 09:59:47.890 [info] Got 1 sessions for ...
2026-03-07 09:59:47.891 [info] Getting sessions for all scopes...
2026-03-07 09:59:47.891 [info] Got 1 sessions for ...
2026-03-07 09:59:47.976 [info] Getting sessions for read:user,repo,user:email,workflow...
2026-03-07 09:59:47.976 [info] Got 1 sessions for read:user,repo,user:email,workflow...
2026-03-07 09:59:50.016 [info] Getting sessions for all scopes...
2026-03-07 09:59:50.016 [info] Got 1 sessions for ...
2026-03-07 09:59:50.016 [info] Getting sessions for all scopes...
2026-03-07 09:59:50.016 [info] Got 1 sessions for ...
2026-03-07 09:59:50.341 [info] Getting sessions for read:user,repo,user:email,workflow...
2026-03-07 09:59:50.341 [info] Got 1 sessions for read:user,repo,user:email,workflow...
2026-03-07 09:59:51.300 [info] Getting sessions for all scopes...
2026-03-07 09:59:51.300 [info] Got 1 sessions for ...
2026-03-07 09:59:51.341 [info] Getting sessions for read:user,repo,user:email,workflow...
2026-03-07 09:59:51.341 [info] Got 1 sessions for read:user,repo,user:email,workflow...
2026-03-07 10:00:40.756 [info] Getting sessions for all scopes...
2026-03-07 10:00:40.756 [info] Got 1 sessions for ...
2026-03-07 10:00:40.758 [info] Getting sessions for all scopes...
2026-03-07 10:00:40.758 [info] Got 1 sessions for ...
2026-03-07 10:00:46.824 [info] Getting sessions for all scopes...
2026-03-07 10:00:46.824 [info] Got 1 sessions for ...
2026-03-07 10:00:46.825 [info] Getting sessions for all scopes...
2026-03-07 10:00:46.825 [info] Got 1 sessions for ...
2026-03-07 10:01:09.456 [info] Getting sessions for all scopes...
2026-03-07 10:01:09.456 [info] Got 1 sessions for ...
2026-03-07 10:01:09.458 [info] Getting sessions for all scopes...
2026-03-07 10:01:09.458 [info] Got 1 sessions for ...
2026-03-07 10:12:16.810 [info] Getting sessions for all scopes...
2026-03-07 10:12:16.811 [info] Got 1 sessions for ...
2026-03-07 10:12:16.812 [info] Getting sessions for all scopes...
2026-03-07 10:12:16.812 [info] Got 1 sessions for ...
2026-03-07 10:12:18.549 [info] Getting sessions for all scopes...
2026-03-07 10:12:18.549 [info] Got 1 sessions for ...
2026-03-07 10:12:18.553 [info] Getting sessions for read:user,repo,user:email,workflow...
2026-03-07 10:12:18.553 [info] Got 1 sessions for read:user,repo,user:email,workflow...
2026-03-07 10:12:25.236 [info] Getting sessions for all scopes...
2026-03-07 10:12:25.236 [info] Got 1 sessions for ...
2026-03-07 10:12:25.237 [info] Getting sessions for all scopes...
2026-03-07 10:12:25.237 [info] Got 1 sessions for ...
2026-03-07 10:12:26.931 [info] Getting sessions for all scopes...
2026-03-07 10:12:26.931 [info] Got 1 sessions for ...
2026-03-07 10:12:26.932 [info] Getting sessions for all scopes...
2026-03-07 10:12:26.932 [info] Got 1 sessions for ...
