2026-03-06 10:00:01.252 [info] [main] Log level: Info
2026-03-06 10:00:01.252 [info] [main] Validating found git in: "git"
2026-03-06 10:00:01.252 [info] [main] Using git "2.53.0" from "git"
2026-03-06 10:00:01.252 [info] [Model][doInitialScan] Initial repository scan started
2026-03-06 10:00:01.252 [info] > git rev-parse --show-toplevel [16ms]
2026-03-06 10:00:01.252 [info] > git rev-parse --git-dir --git-common-dir --show-superproject-working-tree [14ms]
2026-03-06 10:00:01.349 [info] [Model][openRepository] Opened repository (path): /home/assassin/vardio
2026-03-06 10:00:01.349 [info] [Model][openRepository] Opened repository (real path): /home/assassin/vardio
2026-03-06 10:00:01.349 [info] [Model][openRepository] Opened repository (kind): repository
2026-03-06 10:00:01.379 [info] > git rev-parse --show-toplevel [6ms]
2026-03-06 10:00:01.381 [info] > git config --get commit.template [14ms]
2026-03-06 10:00:01.403 [info] > git for-each-ref --format=%(refname)%00%(upstream:short)%00%(objectname)%00%(upstream:track)%00%(upstream:remotename)%00%(upstream:remoteref) refs/heads/main refs/remotes/main [4ms]
2026-03-06 10:00:01.404 [info] > git rev-parse --show-toplevel [14ms]
2026-03-06 10:00:01.414 [info] > git rev-parse --show-toplevel [3ms]
2026-03-06 10:00:01.442 [info] > git status -z -uall [9ms]
2026-03-06 10:00:01.442 [info] > git rev-parse --show-toplevel [18ms]
2026-03-06 10:00:01.453 [info] > git for-each-ref --sort -committerdate --format %(refname)%00%(objectname)%00%(*objectname) [12ms]
2026-03-06 10:00:01.502 [info] > git for-each-ref --format=%(refname)%00%(upstream:short)%00%(objectname)%00%(upstream:track)%00%(upstream:remotename)%00%(upstream:remoteref) refs/heads/main refs/remotes/main [15ms]
2026-03-06 10:00:01.512 [info] > git rev-parse --show-toplevel [61ms]
2026-03-06 10:00:01.513 [info] [Model][doInitialScan] Initial repository scan completed - repositories (1), closed repositories (0), parent repositories (0), unsafe repositories (0)
2026-03-06 10:00:01.518 [info] > git config --get --local branch.main.vscode-merge-base [6ms]
2026-03-06 10:00:01.527 [info] > git config --get commit.template [26ms]
2026-03-06 10:00:01.537 [info] > git for-each-ref --format=%(refname)%00%(upstream:short)%00%(objectname)%00%(upstream:track)%00%(upstream:remotename)%00%(upstream:remoteref) refs/heads/origin/main refs/remotes/origin/main [10ms]
2026-03-06 10:00:01.548 [info] > git for-each-ref --format=%(refname)%00%(upstream:short)%00%(objectname)%00%(upstream:track)%00%(upstream:remotename)%00%(upstream:remoteref) refs/heads/main refs/remotes/main [13ms]
2026-03-06 10:00:01.551 [info] > git merge-base refs/heads/main refs/remotes/origin/main [6ms]
2026-03-06 10:00:01.579 [info] > git status -z -uall [9ms]
2026-03-06 10:00:01.580 [info] > git diff --raw --numstat --diff-filter=ADMR -z --find-renames=50% 95cc267166d49593262d97cfba5a8b08d57b0b5f...refs/remotes/origin/main -- [19ms]
2026-03-06 10:00:01.583 [info] > git for-each-ref --sort -committerdate --format %(refname)%00%(objectname)%00%(*objectname) [5ms]
2026-03-06 10:00:01.917 [info] > git check-ignore -v -z --stdin [4ms]
2026-03-06 10:06:11.453 [info] > git check-ignore -v -z --stdin [2ms]
2026-03-06 10:06:11.850 [info] > git show --textconv :README.md [14ms]
2026-03-06 10:06:12.047 [info] > git ls-files --stage -- README.md [198ms]
2026-03-06 10:06:12.071 [info] > git cat-file -s 6188344e5da042b6bc0bb4b42f2d5d3575332c99 [11ms]
