2026-03-06 09:52:15.390 [info] [main] Log level: Info
2026-03-06 09:52:15.390 [info] [main] Validating found git in: "git"
2026-03-06 09:52:15.390 [info] [main] Using git "2.53.0" from "git"
2026-03-06 09:52:15.390 [info] [Model][doInitialScan] Initial repository scan started
2026-03-06 09:52:15.390 [info] > git rev-parse --show-toplevel [33ms]
2026-03-06 09:52:15.390 [info] > git rev-parse --git-dir --git-common-dir --show-superproject-working-tree [5ms]
2026-03-06 09:52:15.447 [info] [Model][openRepository] Opened repository (path): /home/assassin/vardio
2026-03-06 09:52:15.447 [info] [Model][openRepository] Opened repository (real path): /home/assassin/vardio
2026-03-06 09:52:15.447 [info] [Model][openRepository] Opened repository (kind): repository
2026-03-06 09:52:15.509 [info] > git rev-parse --show-toplevel [45ms]
2026-03-06 09:52:15.510 [info] > git config --get commit.template [52ms]
2026-03-06 09:52:15.543 [info] > git rev-parse --show-toplevel [11ms]
2026-03-06 09:52:15.557 [info] > git rev-parse --show-toplevel [3ms]
2026-03-06 09:52:15.557 [info] > git for-each-ref --format=%(refname)%00%(upstream:short)%00%(objectname)%00%(upstream:track)%00%(upstream:remotename)%00%(upstream:remoteref) refs/heads/main refs/remotes/main [16ms]
2026-03-06 09:52:15.587 [info] > git status -z -uall [11ms]
2026-03-06 09:52:15.588 [info] > git rev-parse --show-toplevel [22ms]
2026-03-06 09:52:15.597 [info] > git for-each-ref --sort -committerdate --format %(refname)%00%(objectname)%00%(*objectname) [12ms]
2026-03-06 09:52:15.651 [info] > git for-each-ref --format=%(refname)%00%(upstream:short)%00%(objectname)%00%(upstream:track)%00%(upstream:remotename)%00%(upstream:remoteref) refs/heads/main refs/remotes/main [14ms]
2026-03-06 09:52:15.660 [info] > git rev-parse --show-toplevel [64ms]
2026-03-06 09:52:15.661 [info] [Model][doInitialScan] Initial repository scan completed - repositories (1), closed repositories (0), parent repositories (0), unsafe repositories (0)
2026-03-06 09:52:15.664 [info] > git config --get --local branch.main.vscode-merge-base [5ms]
2026-03-06 09:52:15.673 [info] > git config --get commit.template [23ms]
2026-03-06 09:52:15.675 [info] > git for-each-ref --format=%(refname)%00%(upstream:short)%00%(objectname)%00%(upstream:track)%00%(upstream:remotename)%00%(upstream:remoteref) refs/heads/origin/main refs/remotes/origin/main [3ms]
2026-03-06 09:52:15.696 [info] > git merge-base refs/heads/main refs/remotes/origin/main [11ms]
2026-03-06 09:52:15.704 [info] > git for-each-ref --format=%(refname)%00%(upstream:short)%00%(objectname)%00%(upstream:track)%00%(upstream:remotename)%00%(upstream:remoteref) refs/heads/main refs/remotes/main [10ms]
2026-03-06 09:52:15.705 [info] > git diff --raw --numstat --diff-filter=ADMR -z --find-renames=50% 95cc267166d49593262d97cfba5a8b08d57b0b5f...refs/remotes/origin/main -- [2ms]
2026-03-06 09:52:15.721 [info] > git status -z -uall [8ms]
2026-03-06 09:52:15.723 [info] > git for-each-ref --sort -committerdate --format %(refname)%00%(objectname)%00%(*objectname) [3ms]
2026-03-06 09:52:16.029 [info] > git check-ignore -v -z --stdin [3ms]
